{"total": {"lines":{"total":4010,"covered":0,"skipped":0,"pct":0},"statements":{"total":4251,"covered":0,"skipped":0,"pct":0},"functions":{"total":1051,"covered":0,"skipped":0,"pct":0},"branches":{"total":3237,"covered":0,"skipped":0,"pct":0},"branchesTrue":{"total":0,"covered":0,"skipped":0,"pct":100}}
,"C:\\Users\\RichardValentine\\latest-msc-11-30\\wound-care-management\\src\\App.vue": {"lines":{"total":32,"covered":0,"skipped":0,"pct":0},"functions":{"total":9,"covered":0,"skipped":0,"pct":0},"statements":{"total":32,"covered":0,"skipped":0,"pct":0},"branches":{"total":16,"covered":0,"skipped":0,"pct":0}}
,"C:\\Users\\RichardValentine\\latest-msc-11-30\\wound-care-management\\src\\env.d.ts": {"lines":{"total":0,"covered":0,"skipped":0,"pct":0},"functions":{"total":0,"covered":0,"skipped":0,"pct":0},"statements":{"total":0,"covered":0,"skipped":0,"pct":0},"branches":{"total":0,"covered":0,"skipped":0,"pct":0}}
,"C:\\Users\\RichardValentine\\latest-msc-11-30\\wound-care-management\\src\\shims-vue.d.ts": {"lines":{"total":0,"covered":0,"skipped":0,"pct":0},"functions":{"total":0,"covered":0,"skipped":0,"pct":0},"statements":{"total":0,"covered":0,"skipped":0,"pct":0},"branches":{"total":0,"covered":0,"skipped":0,"pct":0}}
,"C:\\Users\\RichardValentine\\latest-msc-11-30\\wound-care-management\\src\\components\\HelloWorld.vue": {"lines":{"total":7,"covered":0,"skipped":0,"pct":0},"functions":{"total":1,"covered":0,"skipped":0,"pct":0},"statements":{"total":7,"covered":0,"skipped":0,"pct":0},"branches":{"total":2,"covered":0,"skipped":0,"pct":0}}
,"C:\\Users\\RichardValentine\\latest-msc-11-30\\wound-care-management\\src\\components\\Login.vue": {"lines":{"total":113,"covered":0,"skipped":0,"pct":0},"functions":{"total":20,"covered":0,"skipped":0,"pct":0},"statements":{"total":120,"covered":0,"skipped":0,"pct":0},"branches":{"total":98,"covered":0,"skipped":0,"pct":0}}
,"C:\\Users\\RichardValentine\\latest-msc-11-30\\wound-care-management\\src\\components\\TestSupabase.vue": {"lines":{"total":21,"covered":0,"skipped":0,"pct":0},"functions":{"total":4,"covered":0,"skipped":0,"pct":0},"statements":{"total":21,"covered":0,"skipped":0,"pct":0},"branches":{"total":22,"covered":0,"skipped":0,"pct":0}}
,"C:\\Users\\RichardValentine\\latest-msc-11-30\\wound-care-management\\src\\components\\commission\\CommissionAuditLog.vue": {"lines":{"total":131,"covered":0,"skipped":0,"pct":0},"functions":{"total":22,"covered":0,"skipped":0,"pct":0},"statements":{"total":139,"covered":0,"skipped":0,"pct":0},"branches":{"total":106,"covered":0,"skipped":0,"pct":0}}
,"C:\\Users\\RichardValentine\\latest-msc-11-30\\wound-care-management\\src\\components\\commission\\CommissionStructureManager.vue": {"lines":{"total":188,"covered":0,"skipped":0,"pct":0},"functions":{"total":43,"covered":0,"skipped":0,"pct":0},"statements":{"total":202,"covered":0,"skipped":0,"pct":0},"branches":{"total":175,"covered":0,"skipped":0,"pct":0}}
,"C:\\Users\\RichardValentine\\latest-msc-11-30\\wound-care-management\\src\\components\\commission\\OrderCommissionBreakdown.vue": {"lines":{"total":186,"covered":0,"skipped":0,"pct":0},"functions":{"total":41,"covered":0,"skipped":0,"pct":0},"statements":{"total":207,"covered":0,"skipped":0,"pct":0},"branches":{"total":175,"covered":0,"skipped":0,"pct":0}}
,"C:\\Users\\RichardValentine\\latest-msc-11-30\\wound-care-management\\src\\components\\commission\\index.ts": {"lines":{"total":3,"covered":0,"skipped":0,"pct":0},"functions":{"total":3,"covered":0,"skipped":0,"pct":0},"statements":{"total":6,"covered":0,"skipped":0,"pct":0},"branches":{"total":0,"covered":0,"skipped":0,"pct":100}}
,"C:\\Users\\RichardValentine\\latest-msc-11-30\\wound-care-management\\src\\components\\orders\\AddOrderModal.vue": {"lines":{"total":152,"covered":0,"skipped":0,"pct":0},"functions":{"total":39,"covered":0,"skipped":0,"pct":0},"statements":{"total":168,"covered":0,"skipped":0,"pct":0},"branches":{"total":136,"covered":0,"skipped":0,"pct":0}}
,"C:\\Users\\RichardValentine\\latest-msc-11-30\\wound-care-management\\src\\components\\orders\\OrderDetailsModal.vue": {"lines":{"total":175,"covered":0,"skipped":0,"pct":0},"functions":{"total":35,"covered":0,"skipped":0,"pct":0},"statements":{"total":186,"covered":0,"skipped":0,"pct":0},"branches":{"total":143,"covered":0,"skipped":0,"pct":0}}
,"C:\\Users\\RichardValentine\\latest-msc-11-30\\wound-care-management\\src\\components\\orders\\index.ts": {"lines":{"total":2,"covered":0,"skipped":0,"pct":0},"functions":{"total":2,"covered":0,"skipped":0,"pct":0},"statements":{"total":4,"covered":0,"skipped":0,"pct":0},"branches":{"total":0,"covered":0,"skipped":0,"pct":100}}
,"C:\\Users\\RichardValentine\\latest-msc-11-30\\wound-care-management\\src\\components\\ui\\Actionpanel.vue": {"lines":{"total":6,"covered":0,"skipped":0,"pct":0},"functions":{"total":1,"covered":0,"skipped":0,"pct":0},"statements":{"total":6,"covered":0,"skipped":0,"pct":0},"branches":{"total":2,"covered":0,"skipped":0,"pct":0}}
,"C:\\Users\\RichardValentine\\latest-msc-11-30\\wound-care-management\\src\\components\\ui\\Badge.vue": {"lines":{"total":10,"covered":0,"skipped":0,"pct":0},"functions":{"total":3,"covered":0,"skipped":0,"pct":0},"statements":{"total":10,"covered":0,"skipped":0,"pct":0},"branches":{"total":8,"covered":0,"skipped":0,"pct":0}}
,"C:\\Users\\RichardValentine\\latest-msc-11-30\\wound-care-management\\src\\components\\ui\\Button.vue": {"lines":{"total":13,"covered":0,"skipped":0,"pct":0},"functions":{"total":5,"covered":0,"skipped":0,"pct":0},"statements":{"total":13,"covered":0,"skipped":0,"pct":0},"branches":{"total":20,"covered":0,"skipped":0,"pct":0}}
,"C:\\Users\\RichardValentine\\latest-msc-11-30\\wound-care-management\\src\\components\\ui\\Card.vue": {"lines":{"total":9,"covered":0,"skipped":0,"pct":0},"functions":{"total":2,"covered":0,"skipped":0,"pct":0},"statements":{"total":9,"covered":0,"skipped":0,"pct":0},"branches":{"total":8,"covered":0,"skipped":0,"pct":0}}
,"C:\\Users\\RichardValentine\\latest-msc-11-30\\wound-care-management\\src\\components\\ui\\Checkboxwithinline.vue": {"lines":{"total":20,"covered":0,"skipped":0,"pct":0},"functions":{"total":3,"covered":0,"skipped":0,"pct":0},"statements":{"total":20,"covered":0,"skipped":0,"pct":0},"branches":{"total":4,"covered":0,"skipped":0,"pct":0}}
,"C:\\Users\\RichardValentine\\latest-msc-11-30\\wound-care-management\\src\\components\\ui\\Completealert.vue": {"lines":{"total":13,"covered":0,"skipped":0,"pct":0},"functions":{"total":3,"covered":0,"skipped":0,"pct":0},"statements":{"total":13,"covered":0,"skipped":0,"pct":0},"branches":{"total":2,"covered":0,"skipped":0,"pct":0}}
,"C:\\Users\\RichardValentine\\latest-msc-11-30\\wound-care-management\\src\\components\\ui\\Emptystate.vue": {"lines":{"total":13,"covered":0,"skipped":0,"pct":0},"functions":{"total":3,"covered":0,"skipped":0,"pct":0},"statements":{"total":13,"covered":0,"skipped":0,"pct":0},"branches":{"total":8,"covered":0,"skipped":0,"pct":0}}
,"C:\\Users\\RichardValentine\\latest-msc-11-30\\wound-care-management\\src\\components\\ui\\Emptystatewithpoints.vue": {"lines":{"total":22,"covered":0,"skipped":0,"pct":0},"functions":{"total":9,"covered":0,"skipped":0,"pct":0},"statements":{"total":22,"covered":0,"skipped":0,"pct":0},"branches":{"total":10,"covered":0,"skipped":0,"pct":0}}
,"C:\\Users\\RichardValentine\\latest-msc-11-30\\wound-care-management\\src\\components\\ui\\Erroralert.vue": {"lines":{"total":13,"covered":0,"skipped":0,"pct":0},"functions":{"total":3,"covered":0,"skipped":0,"pct":0},"statements":{"total":13,"covered":0,"skipped":0,"pct":0},"branches":{"total":2,"covered":0,"skipped":0,"pct":0}}
,"C:\\Users\\RichardValentine\\latest-msc-11-30\\wound-care-management\\src\\components\\ui\\Inputwithvalidation.vue": {"lines":{"total":11,"covered":0,"skipped":0,"pct":0},"functions":{"total":3,"covered":0,"skipped":0,"pct":0},"statements":{"total":11,"covered":0,"skipped":0,"pct":0},"branches":{"total":6,"covered":0,"skipped":0,"pct":0}}
,"C:\\Users\\RichardValentine\\latest-msc-11-30\\wound-care-management\\src\\components\\ui\\Navbar.vue": {"lines":{"total":54,"covered":0,"skipped":0,"pct":0},"functions":{"total":31,"covered":0,"skipped":0,"pct":0},"statements":{"total":54,"covered":0,"skipped":0,"pct":0},"branches":{"total":54,"covered":0,"skipped":0,"pct":0}}
,"C:\\Users\\RichardValentine\\latest-msc-11-30\\wound-care-management\\src\\components\\ui\\Notifications.vue": {"lines":{"total":21,"covered":0,"skipped":0,"pct":0},"functions":{"total":6,"covered":0,"skipped":0,"pct":0},"statements":{"total":21,"covered":0,"skipped":0,"pct":0},"branches":{"total":8,"covered":0,"skipped":0,"pct":0}}
,"C:\\Users\\RichardValentine\\latest-msc-11-30\\wound-care-management\\src\\components\\ui\\Progressbar.vue": {"lines":{"total":22,"covered":0,"skipped":0,"pct":0},"functions":{"total":3,"covered":0,"skipped":0,"pct":0},"statements":{"total":22,"covered":0,"skipped":0,"pct":0},"branches":{"total":4,"covered":0,"skipped":0,"pct":0}}
,"C:\\Users\\RichardValentine\\latest-msc-11-30\\wound-care-management\\src\\components\\ui\\Table.vue": {"lines":{"total":12,"covered":0,"skipped":0,"pct":0},"functions":{"total":2,"covered":0,"skipped":0,"pct":0},"statements":{"total":12,"covered":0,"skipped":0,"pct":0},"branches":{"total":4,"covered":0,"skipped":0,"pct":0}}
,"C:\\Users\\RichardValentine\\latest-msc-11-30\\wound-care-management\\src\\components\\ui\\Textarea.vue": {"lines":{"total":65,"covered":0,"skipped":0,"pct":0},"functions":{"total":35,"covered":0,"skipped":0,"pct":0},"statements":{"total":65,"covered":0,"skipped":0,"pct":0},"branches":{"total":44,"covered":0,"skipped":0,"pct":0}}
,"C:\\Users\\RichardValentine\\latest-msc-11-30\\wound-care-management\\src\\components\\ui\\TwoColumnForm.vue": {"lines":{"total":28,"covered":0,"skipped":0,"pct":0},"functions":{"total":5,"covered":0,"skipped":0,"pct":0},"statements":{"total":28,"covered":0,"skipped":0,"pct":0},"branches":{"total":28,"covered":0,"skipped":0,"pct":0}}
,"C:\\Users\\RichardValentine\\latest-msc-11-30\\wound-care-management\\src\\components\\ui\\index.ts": {"lines":{"total":16,"covered":0,"skipped":0,"pct":0},"functions":{"total":16,"covered":0,"skipped":0,"pct":0},"statements":{"total":32,"covered":0,"skipped":0,"pct":0},"branches":{"total":0,"covered":0,"skipped":0,"pct":100}}
,"C:\\Users\\RichardValentine\\latest-msc-11-30\\wound-care-management\\src\\composables\\useAuditLog.ts": {"lines":{"total":9,"covered":0,"skipped":0,"pct":0},"functions":{"total":2,"covered":0,"skipped":0,"pct":0},"statements":{"total":9,"covered":0,"skipped":0,"pct":0},"branches":{"total":1,"covered":0,"skipped":0,"pct":0}}
,"C:\\Users\\RichardValentine\\latest-msc-11-30\\wound-care-management\\src\\composables\\useCommission.ts": {"lines":{"total":59,"covered":0,"skipped":0,"pct":0},"functions":{"total":8,"covered":0,"skipped":0,"pct":0},"statements":{"total":66,"covered":0,"skipped":0,"pct":0},"branches":{"total":36,"covered":0,"skipped":0,"pct":0}}
,"C:\\Users\\RichardValentine\\latest-msc-11-30\\wound-care-management\\src\\lib\\index.ts": {"lines":{"total":1,"covered":0,"skipped":0,"pct":0},"functions":{"total":0,"covered":0,"skipped":0,"pct":100},"statements":{"total":1,"covered":0,"skipped":0,"pct":0},"branches":{"total":0,"covered":0,"skipped":0,"pct":100}}
,"C:\\Users\\RichardValentine\\latest-msc-11-30\\wound-care-management\\src\\services\\auth.service.ts": {"lines":{"total":21,"covered":0,"skipped":0,"pct":0},"functions":{"total":7,"covered":0,"skipped":0,"pct":0},"statements":{"total":23,"covered":0,"skipped":0,"pct":0},"branches":{"total":4,"covered":0,"skipped":0,"pct":0}}
,"C:\\Users\\RichardValentine\\latest-msc-11-30\\wound-care-management\\src\\services\\chartDataService.ts": {"lines":{"total":26,"covered":0,"skipped":0,"pct":0},"functions":{"total":6,"covered":0,"skipped":0,"pct":0},"statements":{"total":29,"covered":0,"skipped":0,"pct":0},"branches":{"total":13,"covered":0,"skipped":0,"pct":0}}
,"C:\\Users\\RichardValentine\\latest-msc-11-30\\wound-care-management\\src\\services\\index.ts": {"lines":{"total":3,"covered":0,"skipped":0,"pct":0},"functions":{"total":3,"covered":0,"skipped":0,"pct":0},"statements":{"total":6,"covered":0,"skipped":0,"pct":0},"branches":{"total":0,"covered":0,"skipped":0,"pct":100}}
,"C:\\Users\\RichardValentine\\latest-msc-11-30\\wound-care-management\\src\\services\\orderService.ts": {"lines":{"total":51,"covered":0,"skipped":0,"pct":0},"functions":{"total":11,"covered":0,"skipped":0,"pct":0},"statements":{"total":52,"covered":0,"skipped":0,"pct":0},"branches":{"total":22,"covered":0,"skipped":0,"pct":0}}
,"C:\\Users\\RichardValentine\\latest-msc-11-30\\wound-care-management\\src\\types\\index.ts": {"lines":{"total":1,"covered":0,"skipped":0,"pct":0},"functions":{"total":0,"covered":0,"skipped":0,"pct":100},"statements":{"total":1,"covered":0,"skipped":0,"pct":0},"branches":{"total":0,"covered":0,"skipped":0,"pct":100}}
,"C:\\Users\\RichardValentine\\latest-msc-11-30\\wound-care-management\\src\\utils\\formatters.ts": {"lines":{"total":4,"covered":0,"skipped":0,"pct":0},"functions":{"total":2,"covered":0,"skipped":0,"pct":0},"statements":{"total":6,"covered":0,"skipped":0,"pct":0},"branches":{"total":0,"covered":0,"skipped":0,"pct":100}}
,"C:\\Users\\RichardValentine\\latest-msc-11-30\\wound-care-management\\src\\views\\Analytics.vue": {"lines":{"total":159,"covered":0,"skipped":0,"pct":0},"functions":{"total":47,"covered":0,"skipped":0,"pct":0},"statements":{"total":166,"covered":0,"skipped":0,"pct":0},"branches":{"total":98,"covered":0,"skipped":0,"pct":0}}
,"C:\\Users\\RichardValentine\\latest-msc-11-30\\wound-care-management\\src\\views\\CommissionStructureManagement.vue": {"lines":{"total":320,"covered":0,"skipped":0,"pct":0},"functions":{"total":82,"covered":0,"skipped":0,"pct":0},"statements":{"total":341,"covered":0,"skipped":0,"pct":0},"branches":{"total":253,"covered":0,"skipped":0,"pct":0}}
,"C:\\Users\\RichardValentine\\latest-msc-11-30\\wound-care-management\\src\\views\\CustomerManagement.vue": {"lines":{"total":39,"covered":0,"skipped":0,"pct":0},"functions":{"total":15,"covered":0,"skipped":0,"pct":0},"statements":{"total":39,"covered":0,"skipped":0,"pct":0},"branches":{"total":34,"covered":0,"skipped":0,"pct":0}}
,"C:\\Users\\RichardValentine\\latest-msc-11-30\\wound-care-management\\src\\views\\CustomerProfile.vue": {"lines":{"total":66,"covered":0,"skipped":0,"pct":0},"functions":{"total":16,"covered":0,"skipped":0,"pct":0},"statements":{"total":68,"covered":0,"skipped":0,"pct":0},"branches":{"total":56,"covered":0,"skipped":0,"pct":0}}
,"C:\\Users\\RichardValentine\\latest-msc-11-30\\wound-care-management\\src\\views\\Dashboard.vue": {"lines":{"total":236,"covered":0,"skipped":0,"pct":0},"functions":{"total":63,"covered":0,"skipped":0,"pct":0},"statements":{"total":253,"covered":0,"skipped":0,"pct":0},"branches":{"total":201,"covered":0,"skipped":0,"pct":0}}
,"C:\\Users\\RichardValentine\\latest-msc-11-30\\wound-care-management\\src\\views\\FinancialReporting.vue": {"lines":{"total":36,"covered":0,"skipped":0,"pct":0},"functions":{"total":7,"covered":0,"skipped":0,"pct":0},"statements":{"total":36,"covered":0,"skipped":0,"pct":0},"branches":{"total":26,"covered":0,"skipped":0,"pct":0}}
,"C:\\Users\\RichardValentine\\latest-msc-11-30\\wound-care-management\\src\\views\\GraftOrderManagement.vue": {"lines":{"total":38,"covered":0,"skipped":0,"pct":0},"functions":{"total":15,"covered":0,"skipped":0,"pct":0},"statements":{"total":38,"covered":0,"skipped":0,"pct":0},"branches":{"total":36,"covered":0,"skipped":0,"pct":0}}
,"C:\\Users\\RichardValentine\\latest-msc-11-30\\wound-care-management\\src\\views\\Login.vue": {"lines":{"total":48,"covered":0,"skipped":0,"pct":0},"functions":{"total":9,"covered":0,"skipped":0,"pct":0},"statements":{"total":48,"covered":0,"skipped":0,"pct":0},"branches":{"total":34,"covered":0,"skipped":0,"pct":0}}
,"C:\\Users\\RichardValentine\\latest-msc-11-30\\wound-care-management\\src\\views\\ManufacturerManagement.vue": {"lines":{"total":219,"covered":0,"skipped":0,"pct":0},"functions":{"total":58,"covered":0,"skipped":0,"pct":0},"statements":{"total":235,"covered":0,"skipped":0,"pct":0},"branches":{"total":151,"covered":0,"skipped":0,"pct":0}}
,"C:\\Users\\RichardValentine\\latest-msc-11-30\\wound-care-management\\src\\views\\MyDoctors.vue": {"lines":{"total":205,"covered":0,"skipped":0,"pct":0},"functions":{"total":67,"covered":0,"skipped":0,"pct":0},"statements":{"total":220,"covered":0,"skipped":0,"pct":0},"branches":{"total":163,"covered":0,"skipped":0,"pct":0}}
,"C:\\Users\\RichardValentine\\latest-msc-11-30\\wound-care-management\\src\\views\\MyOrders.vue": {"lines":{"total":184,"covered":0,"skipped":0,"pct":0},"functions":{"total":51,"covered":0,"skipped":0,"pct":0},"statements":{"total":198,"covered":0,"skipped":0,"pct":0},"branches":{"total":152,"covered":0,"skipped":0,"pct":0}}
,"C:\\Users\\RichardValentine\\latest-msc-11-30\\wound-care-management\\src\\views\\MyStats.vue": {"lines":{"total":165,"covered":0,"skipped":0,"pct":0},"functions":{"total":51,"covered":0,"skipped":0,"pct":0},"statements":{"total":173,"covered":0,"skipped":0,"pct":0},"branches":{"total":104,"covered":0,"skipped":0,"pct":0}}
,"C:\\Users\\RichardValentine\\latest-msc-11-30\\wound-care-management\\src\\views\\OrderDetails.vue": {"lines":{"total":187,"covered":0,"skipped":0,"pct":0},"functions":{"total":52,"covered":0,"skipped":0,"pct":0},"statements":{"total":187,"covered":0,"skipped":0,"pct":0},"branches":{"total":218,"covered":0,"skipped":0,"pct":0}}
,"C:\\Users\\RichardValentine\\latest-msc-11-30\\wound-care-management\\src\\views\\OrderForm.vue": {"lines":{"total":433,"covered":0,"skipped":0,"pct":0},"functions":{"total":92,"covered":0,"skipped":0,"pct":0},"statements":{"total":458,"covered":0,"skipped":0,"pct":0},"branches":{"total":435,"covered":0,"skipped":0,"pct":0}}
,"C:\\Users\\RichardValentine\\latest-msc-11-30\\wound-care-management\\src\\views\\PaymentTracking.vue": {"lines":{"total":48,"covered":0,"skipped":0,"pct":0},"functions":{"total":16,"covered":0,"skipped":0,"pct":0},"statements":{"total":48,"covered":0,"skipped":0,"pct":0},"branches":{"total":44,"covered":0,"skipped":0,"pct":0}}
,"C:\\Users\\RichardValentine\\latest-msc-11-30\\wound-care-management\\src\\views\\Register.vue": {"lines":{"total":94,"covered":0,"skipped":0,"pct":0},"functions":{"total":19,"covered":0,"skipped":0,"pct":0},"statements":{"total":94,"covered":0,"skipped":0,"pct":0},"branches":{"total":71,"covered":0,"skipped":0,"pct":0}}
}
