TN:
SF:src\App.vue
FN:5,(anonymous_0)
FN:12,(anonymous_1)
FN:60,render
FN:69,(anonymous_3)
FN:84,(anonymous_4)
FN:91,(anonymous_5)
FN:98,(anonymous_6)
FN:105,(anonymous_7)
FN:112,(anonymous_8)
FNF:9
FNH:0
FNDA:0,(anonymous_0)
FNDA:0,(anonymous_1)
FNDA:0,render
FNDA:0,(anonymous_3)
FNDA:0,(anonymous_4)
FNDA:0,(anonymous_5)
FNDA:0,(anonymous_6)
FNDA:0,(anonymous_7)
FNDA:0,(anonymous_8)
DA:6,0
DA:11,0
DA:12,0
DA:13,0
DA:14,0
DA:15,0
DA:17,0
DA:20,0
DA:27,0
DA:29,0
DA:32,0
DA:33,0
DA:34,0
DA:37,0
DA:41,0
DA:44,0
DA:47,0
DA:50,0
DA:53,0
DA:57,0
DA:61,0
DA:62,0
DA:63,0
DA:64,0
DA:65,0
DA:69,0
DA:84,0
DA:91,0
DA:98,0
DA:105,0
DA:112,0
DA:115,0
LF:32
LH:0
BRDA:65,0,0,0
BRDA:65,0,1,0
BRDA:72,1,0,0
BRDA:72,1,1,0
BRDA:74,2,0,0
BRDA:74,2,1,0
BRDA:84,3,0,0
BRDA:84,3,1,0
BRDA:91,4,0,0
BRDA:91,4,1,0
BRDA:98,5,0,0
BRDA:98,5,1,0
BRDA:105,6,0,0
BRDA:105,6,1,0
BRDA:112,7,0,0
BRDA:112,7,1,0
BRF:16
BRH:0
end_of_record
TN:
SF:src\env.d.ts
FNF:0
FNH:0
LF:0
LH:0
BRF:0
BRH:0
end_of_record
TN:
SF:src\shims-vue.d.ts
FNF:0
FNH:0
LF:0
LH:0
BRF:0
BRH:0
end_of_record
TN:
SF:src\components\HelloWorld.vue
FN:17,render
FNF:1
FNH:0
FNDA:0,render
DA:7,0
DA:9,0
DA:12,0
DA:13,0
DA:14,0
DA:18,0
DA:19,0
LF:7
LH:0
BRDA:18,0,0,0
BRDA:18,0,1,0
BRF:2
BRH:0
end_of_record
TN:
SF:src\components\Login.vue
FN:3,(anonymous_0)
FN:4,adopt
FN:5,(anonymous_2)
FN:9,(anonymous_3)
FN:10,fulfilled
FN:17,rejected
FN:24,step
FN:30,(anonymous_7)
FN:33,(anonymous_8)
FN:48,(anonymous_9)
FN:51,verb
FN:52,(anonymous_11)
FN:56,step
FN:127,(anonymous_13)
FN:136,(anonymous_14)
FN:137,(anonymous_15)
FN:139,(anonymous_16)
FN:200,render
FN:226,(anonymous_18)
FN:243,(anonymous_19)
FNF:20
FNH:0
FNDA:0,(anonymous_0)
FNDA:0,adopt
FNDA:0,(anonymous_2)
FNDA:0,(anonymous_3)
FNDA:0,fulfilled
FNDA:0,rejected
FNDA:0,step
FNDA:0,(anonymous_7)
FNDA:0,(anonymous_8)
FNDA:0,(anonymous_9)
FNDA:0,verb
FNDA:0,(anonymous_11)
FNDA:0,step
FNDA:0,(anonymous_13)
FNDA:0,(anonymous_14)
FNDA:0,(anonymous_15)
FNDA:0,(anonymous_16)
FNDA:0,render
FNDA:0,(anonymous_18)
FNDA:0,(anonymous_19)
DA:3,0
DA:5,0
DA:6,0
DA:9,0
DA:11,0
DA:12,0
DA:14,0
DA:18,0
DA:19,0
DA:21,0
DA:25,0
DA:27,0
DA:30,0
DA:31,0
DA:34,0
DA:35,0
DA:44,0
DA:49,0
DA:52,0
DA:53,0
DA:57,0
DA:58,0
DA:59,0
DA:60,0
DA:61,0
DA:64,0
DA:65,0
DA:67,0
DA:68,0
DA:73,0
DA:74,0
DA:75,0
DA:76,0
DA:78,0
DA:79,0
DA:80,0
DA:82,0
DA:83,0
DA:84,0
DA:86,0
DA:87,0
DA:88,0
DA:90,0
DA:91,0
DA:92,0
DA:93,0
DA:95,0
DA:96,0
DA:97,0
DA:98,0
DA:100,0
DA:101,0
DA:102,0
DA:104,0
DA:106,0
DA:107,0
DA:109,0
DA:111,0
DA:112,0
DA:118,0
DA:121,0
DA:122,0
DA:123,0
DA:124,0
DA:125,0
DA:128,0
DA:129,0
DA:130,0
DA:131,0
DA:132,0
DA:133,0
DA:134,0
DA:135,0
DA:136,0
DA:137,0
DA:139,0
DA:140,0
DA:142,0
DA:143,0
DA:144,0
DA:146,0
DA:147,0
DA:149,0
DA:150,0
DA:151,0
DA:152,0
DA:154,0
DA:155,0
DA:157,0
DA:159,0
DA:160,0
DA:161,0
DA:162,0
DA:164,0
DA:165,0
DA:167,0
DA:172,0
DA:180,0
DA:184,0
DA:188,0
DA:189,0
DA:190,0
DA:191,0
DA:192,0
DA:193,0
DA:194,0
DA:195,0
DA:199,0
DA:201,0
DA:226,0
DA:243,0
DA:282,0
DA:283,0
LF:113
LH:0
BRDA:3,0,0,0
BRDA:3,0,1,0
BRDA:3,0,2,0
BRDA:5,1,0,0
BRDA:5,1,1,0
BRDA:9,2,0,0
BRDA:9,2,1,0
BRDA:25,3,0,0
BRDA:25,3,1,0
BRDA:27,4,0,0
BRDA:27,4,1,0
BRDA:30,5,0,0
BRDA:30,5,1,0
BRDA:30,5,2,0
BRDA:34,6,0,0
BRDA:34,6,1,0
BRDA:48,7,0,0
BRDA:48,7,1,0
BRDA:57,8,0,0
BRDA:57,8,1,0
BRDA:58,9,0,0
BRDA:58,9,1,0
BRDA:58,10,0,0
BRDA:58,10,1,0
BRDA:59,11,0,0
BRDA:59,11,1,0
BRDA:59,12,0,0
BRDA:59,12,1,0
BRDA:59,12,2,0
BRDA:59,13,0,0
BRDA:59,13,1,0
BRDA:59,14,0,0
BRDA:59,14,1,0
BRDA:59,15,0,0
BRDA:59,15,1,0
BRDA:59,16,0,0
BRDA:59,16,1,0
BRDA:60,17,0,0
BRDA:60,17,1,0
BRDA:61,18,0,0
BRDA:61,18,1,0
BRDA:61,18,2,0
BRDA:61,18,3,0
BRDA:61,18,4,0
BRDA:61,18,5,0
BRDA:82,19,0,0
BRDA:82,19,1,0
BRDA:82,20,0,0
BRDA:82,20,1,0
BRDA:82,20,2,0
BRDA:82,21,0,0
BRDA:82,21,1,0
BRDA:86,22,0,0
BRDA:86,22,1,0
BRDA:86,23,0,0
BRDA:86,23,1,0
BRDA:86,23,2,0
BRDA:86,23,3,0
BRDA:90,24,0,0
BRDA:90,24,1,0
BRDA:90,25,0,0
BRDA:90,25,1,0
BRDA:95,26,0,0
BRDA:95,26,1,0
BRDA:95,27,0,0
BRDA:95,27,1,0
BRDA:100,28,0,0
BRDA:100,28,1,0
BRDA:111,29,0,0
BRDA:111,29,1,0
BRDA:113,30,0,0
BRDA:113,30,1,0
BRDA:140,31,0,0
BRDA:140,31,1,0
BRDA:140,31,2,0
BRDA:140,31,3,0
BRDA:140,31,4,0
BRDA:140,31,5,0
BRDA:150,32,0,0
BRDA:150,32,1,0
BRDA:154,33,0,0
BRDA:154,33,1,0
BRDA:203,34,0,0
BRDA:203,34,1,0
BRDA:217,35,0,0
BRDA:217,35,1,0
BRDA:226,36,0,0
BRDA:226,36,1,0
BRDA:234,37,0,0
BRDA:234,37,1,0
BRDA:243,38,0,0
BRDA:243,38,1,0
BRDA:251,39,0,0
BRDA:251,39,1,0
BRDA:260,40,0,0
BRDA:260,40,1,0
BRDA:275,41,0,0
BRDA:275,41,1,0
BRF:98
BRH:0
end_of_record
TN:
SF:src\components\TestSupabase.vue
FN:5,(anonymous_0)
FN:12,testConnection
FN:23,(anonymous_2)
FN:56,render
FNF:4
FNH:0
FNDA:0,(anonymous_0)
FNDA:0,testConnection
FNDA:0,(anonymous_2)
FNDA:0,render
DA:8,0
DA:9,0
DA:10,0
DA:11,0
DA:13,0
DA:14,0
DA:15,0
DA:17,0
DA:24,0
DA:27,0
DA:31,0
DA:36,0
DA:39,0
DA:40,0
DA:41,0
DA:44,0
DA:45,0
DA:49,0
DA:53,0
DA:57,0
DA:76,0
LF:21
LH:0
BRDA:57,0,0,0
BRDA:57,0,1,0
BRDA:63,1,0,0
BRDA:63,1,1,0
BRDA:63,2,0,0
BRDA:63,2,1,0
BRDA:64,3,0,0
BRDA:64,3,1,0
BRDA:65,4,0,0
BRDA:65,4,1,0
BRDA:65,5,0,0
BRDA:65,5,1,0
BRDA:65,6,0,0
BRDA:65,6,1,0
BRDA:67,7,0,0
BRDA:67,7,1,0
BRDA:69,8,0,0
BRDA:69,8,1,0
BRDA:71,9,0,0
BRDA:71,9,1,0
BRDA:73,10,0,0
BRDA:73,10,1,0
BRF:22
BRH:0
end_of_record
TN:
SF:src\components\commission\CommissionAuditLog.vue
FN:3,(anonymous_0)
FN:4,adopt
FN:5,(anonymous_2)
FN:9,(anonymous_3)
FN:10,fulfilled
FN:17,rejected
FN:24,step
FN:30,(anonymous_7)
FN:33,(anonymous_8)
FN:48,(anonymous_9)
FN:51,verb
FN:52,(anonymous_11)
FN:56,step
FN:133,(anonymous_13)
FN:142,(anonymous_14)
FN:143,(anonymous_15)
FN:145,(anonymous_16)
FN:174,(anonymous_17)
FN:182,(anonymous_18)
FN:184,(anonymous_19)
FN:238,render
FN:266,(anonymous_21)
FNF:22
FNH:0
FNDA:0,(anonymous_0)
FNDA:0,adopt
FNDA:0,(anonymous_2)
FNDA:0,(anonymous_3)
FNDA:0,fulfilled
FNDA:0,rejected
FNDA:0,step
FNDA:0,(anonymous_7)
FNDA:0,(anonymous_8)
FNDA:0,(anonymous_9)
FNDA:0,verb
FNDA:0,(anonymous_11)
FNDA:0,step
FNDA:0,(anonymous_13)
FNDA:0,(anonymous_14)
FNDA:0,(anonymous_15)
FNDA:0,(anonymous_16)
FNDA:0,(anonymous_17)
FNDA:0,(anonymous_18)
FNDA:0,(anonymous_19)
FNDA:0,render
FNDA:0,(anonymous_21)
DA:3,0
DA:5,0
DA:6,0
DA:9,0
DA:11,0
DA:12,0
DA:14,0
DA:18,0
DA:19,0
DA:21,0
DA:25,0
DA:27,0
DA:30,0
DA:31,0
DA:34,0
DA:35,0
DA:44,0
DA:49,0
DA:52,0
DA:53,0
DA:57,0
DA:58,0
DA:59,0
DA:60,0
DA:61,0
DA:64,0
DA:65,0
DA:67,0
DA:68,0
DA:73,0
DA:74,0
DA:75,0
DA:76,0
DA:78,0
DA:79,0
DA:80,0
DA:82,0
DA:83,0
DA:84,0
DA:86,0
DA:87,0
DA:88,0
DA:90,0
DA:91,0
DA:92,0
DA:93,0
DA:95,0
DA:96,0
DA:97,0
DA:98,0
DA:100,0
DA:101,0
DA:102,0
DA:104,0
DA:106,0
DA:107,0
DA:109,0
DA:111,0
DA:112,0
DA:118,0
DA:121,0
DA:122,0
DA:123,0
DA:124,0
DA:125,0
DA:134,0
DA:135,0
DA:136,0
DA:137,0
DA:138,0
DA:139,0
DA:140,0
DA:141,0
DA:142,0
DA:143,0
DA:145,0
DA:146,0
DA:148,0
DA:149,0
DA:150,0
DA:152,0
DA:153,0
DA:157,0
DA:158,0
DA:159,0
DA:160,0
DA:162,0
DA:163,0
DA:164,0
DA:166,0
DA:167,0
DA:169,0
DA:174,0
DA:175,0
DA:176,0
DA:178,0
DA:182,0
DA:183,0
DA:185,0
DA:186,0
DA:190,0
DA:191,0
DA:193,0
DA:202,0
DA:206,0
DA:210,0
DA:211,0
DA:212,0
DA:213,0
DA:214,0
DA:215,0
DA:219,0
DA:220,0
DA:221,0
DA:222,0
DA:223,0
DA:224,0
DA:225,0
DA:226,0
DA:227,0
DA:228,0
DA:229,0
DA:230,0
DA:231,0
DA:232,0
DA:233,0
DA:234,0
DA:239,0
DA:267,0
DA:308,0
DA:309,0
LF:131
LH:0
BRDA:3,0,0,0
BRDA:3,0,1,0
BRDA:3,0,2,0
BRDA:5,1,0,0
BRDA:5,1,1,0
BRDA:9,2,0,0
BRDA:9,2,1,0
BRDA:25,3,0,0
BRDA:25,3,1,0
BRDA:27,4,0,0
BRDA:27,4,1,0
BRDA:30,5,0,0
BRDA:30,5,1,0
BRDA:30,5,2,0
BRDA:34,6,0,0
BRDA:34,6,1,0
BRDA:48,7,0,0
BRDA:48,7,1,0
BRDA:57,8,0,0
BRDA:57,8,1,0
BRDA:58,9,0,0
BRDA:58,9,1,0
BRDA:58,10,0,0
BRDA:58,10,1,0
BRDA:59,11,0,0
BRDA:59,11,1,0
BRDA:59,12,0,0
BRDA:59,12,1,0
BRDA:59,12,2,0
BRDA:59,13,0,0
BRDA:59,13,1,0
BRDA:59,14,0,0
BRDA:59,14,1,0
BRDA:59,15,0,0
BRDA:59,15,1,0
BRDA:59,16,0,0
BRDA:59,16,1,0
BRDA:60,17,0,0
BRDA:60,17,1,0
BRDA:61,18,0,0
BRDA:61,18,1,0
BRDA:61,18,2,0
BRDA:61,18,3,0
BRDA:61,18,4,0
BRDA:61,18,5,0
BRDA:82,19,0,0
BRDA:82,19,1,0
BRDA:82,20,0,0
BRDA:82,20,1,0
BRDA:82,20,2,0
BRDA:82,21,0,0
BRDA:82,21,1,0
BRDA:86,22,0,0
BRDA:86,22,1,0
BRDA:86,23,0,0
BRDA:86,23,1,0
BRDA:86,23,2,0
BRDA:86,23,3,0
BRDA:90,24,0,0
BRDA:90,24,1,0
BRDA:90,25,0,0
BRDA:90,25,1,0
BRDA:95,26,0,0
BRDA:95,26,1,0
BRDA:95,27,0,0
BRDA:95,27,1,0
BRDA:100,28,0,0
BRDA:100,28,1,0
BRDA:111,29,0,0
BRDA:111,29,1,0
BRDA:113,30,0,0
BRDA:113,30,1,0
BRDA:146,31,0,0
BRDA:146,31,1,0
BRDA:146,31,2,0
BRDA:146,31,3,0
BRDA:146,31,4,0
BRDA:146,31,5,0
BRDA:158,32,0,0
BRDA:158,32,1,0
BRDA:159,33,0,0
BRDA:159,33,1,0
BRDA:185,34,0,0
BRDA:185,34,1,0
BRDA:190,35,0,0
BRDA:190,35,1,0
BRDA:241,36,0,0
BRDA:241,36,1,0
BRDA:243,37,0,0
BRDA:243,37,1,0
BRDA:244,38,0,0
BRDA:244,38,1,0
BRDA:247,39,0,0
BRDA:247,39,1,0
BRDA:256,40,0,0
BRDA:256,40,1,0
BRDA:275,41,0,0
BRDA:275,41,1,0
BRDA:278,42,0,0
BRDA:278,42,1,0
BRDA:286,43,0,0
BRDA:286,43,1,0
BRDA:289,44,0,0
BRDA:289,44,1,0
BRDA:300,45,0,0
BRDA:300,45,1,0
BRF:106
BRH:0
end_of_record
TN:
SF:src\components\commission\CommissionStructureManager.vue
FN:3,(anonymous_0)
FN:4,(anonymous_1)
FN:13,(anonymous_2)
FN:14,adopt
FN:15,(anonymous_4)
FN:19,(anonymous_5)
FN:20,fulfilled
FN:27,rejected
FN:34,step
FN:40,(anonymous_9)
FN:43,(anonymous_10)
FN:58,(anonymous_11)
FN:61,verb
FN:62,(anonymous_13)
FN:66,step
FN:136,(anonymous_15)
FN:159,(anonymous_16)
FN:162,(anonymous_17)
FN:166,(anonymous_18)
FN:167,(anonymous_19)
FN:169,(anonymous_20)
FN:191,(anonymous_21)
FN:192,(anonymous_22)
FN:194,(anonymous_23)
FN:216,(anonymous_24)
FN:217,(anonymous_25)
FN:219,(anonymous_26)
FN:260,(anonymous_27)
FN:264,(anonymous_28)
FN:265,(anonymous_29)
FN:266,(anonymous_30)
FN:326,render
FN:339,(anonymous_32)
FN:342,(anonymous_33)
FN:355,(anonymous_34)
FN:359,(anonymous_35)
FN:372,(anonymous_36)
FN:376,(anonymous_37)
FN:393,(anonymous_38)
FN:411,(anonymous_39)
FN:430,(anonymous_40)
FN:477,(anonymous_41)
FN:488,(anonymous_42)
FNF:43
FNH:0
FNDA:0,(anonymous_0)
FNDA:0,(anonymous_1)
FNDA:0,(anonymous_2)
FNDA:0,adopt
FNDA:0,(anonymous_4)
FNDA:0,(anonymous_5)
FNDA:0,fulfilled
FNDA:0,rejected
FNDA:0,step
FNDA:0,(anonymous_9)
FNDA:0,(anonymous_10)
FNDA:0,(anonymous_11)
FNDA:0,verb
FNDA:0,(anonymous_13)
FNDA:0,step
FNDA:0,(anonymous_15)
FNDA:0,(anonymous_16)
FNDA:0,(anonymous_17)
FNDA:0,(anonymous_18)
FNDA:0,(anonymous_19)
FNDA:0,(anonymous_20)
FNDA:0,(anonymous_21)
FNDA:0,(anonymous_22)
FNDA:0,(anonymous_23)
FNDA:0,(anonymous_24)
FNDA:0,(anonymous_25)
FNDA:0,(anonymous_26)
FNDA:0,(anonymous_27)
FNDA:0,(anonymous_28)
FNDA:0,(anonymous_29)
FNDA:0,(anonymous_30)
FNDA:0,render
FNDA:0,(anonymous_32)
FNDA:0,(anonymous_33)
FNDA:0,(anonymous_34)
FNDA:0,(anonymous_35)
FNDA:0,(anonymous_36)
FNDA:0,(anonymous_37)
FNDA:0,(anonymous_38)
FNDA:0,(anonymous_39)
FNDA:0,(anonymous_40)
FNDA:0,(anonymous_41)
FNDA:0,(anonymous_42)
DA:3,0
DA:4,0
DA:5,0
DA:6,0
DA:7,0
DA:9,0
DA:11,0
DA:13,0
DA:15,0
DA:16,0
DA:19,0
DA:21,0
DA:22,0
DA:24,0
DA:28,0
DA:29,0
DA:31,0
DA:35,0
DA:37,0
DA:40,0
DA:41,0
DA:44,0
DA:45,0
DA:54,0
DA:59,0
DA:62,0
DA:63,0
DA:67,0
DA:68,0
DA:69,0
DA:70,0
DA:71,0
DA:74,0
DA:75,0
DA:77,0
DA:78,0
DA:83,0
DA:84,0
DA:85,0
DA:86,0
DA:88,0
DA:89,0
DA:90,0
DA:92,0
DA:93,0
DA:94,0
DA:96,0
DA:97,0
DA:98,0
DA:100,0
DA:101,0
DA:102,0
DA:103,0
DA:105,0
DA:106,0
DA:107,0
DA:108,0
DA:110,0
DA:111,0
DA:112,0
DA:114,0
DA:116,0
DA:117,0
DA:119,0
DA:121,0
DA:122,0
DA:128,0
DA:131,0
DA:132,0
DA:133,0
DA:134,0
DA:137,0
DA:138,0
DA:139,0
DA:140,0
DA:142,0
DA:152,0
DA:153,0
DA:154,0
DA:155,0
DA:156,0
DA:157,0
DA:159,0
DA:160,0
DA:162,0
DA:163,0
DA:166,0
DA:167,0
DA:169,0
DA:170,0
DA:172,0
DA:173,0
DA:175,0
DA:176,0
DA:177,0
DA:178,0
DA:179,0
DA:180,0
DA:182,0
DA:183,0
DA:184,0
DA:186,0
DA:191,0
DA:192,0
DA:194,0
DA:195,0
DA:197,0
DA:198,0
DA:202,0
DA:203,0
DA:204,0
DA:205,0
DA:207,0
DA:208,0
DA:209,0
DA:211,0
DA:216,0
DA:217,0
DA:219,0
DA:220,0
DA:222,0
DA:223,0
DA:224,0
DA:226,0
DA:227,0
DA:231,0
DA:232,0
DA:233,0
DA:235,0
DA:236,0
DA:246,0
DA:248,0
DA:249,0
DA:250,0
DA:252,0
DA:253,0
DA:255,0
DA:260,0
DA:261,0
DA:264,0
DA:265,0
DA:266,0
DA:267,0
DA:269,0
DA:271,0
DA:272,0
DA:277,0
DA:293,0
DA:297,0
DA:301,0
DA:302,0
DA:303,0
DA:304,0
DA:305,0
DA:306,0
DA:307,0
DA:308,0
DA:309,0
DA:310,0
DA:311,0
DA:312,0
DA:313,0
DA:314,0
DA:315,0
DA:316,0
DA:317,0
DA:318,0
DA:319,0
DA:320,0
DA:321,0
DA:322,0
DA:323,0
DA:324,0
DA:325,0
DA:327,0
DA:339,0
DA:343,0
DA:355,0
DA:360,0
DA:372,0
DA:377,0
DA:393,0
DA:411,0
DA:430,0
DA:479,0
DA:488,0
DA:500,0
DA:501,0
LF:188
LH:0
BRDA:3,0,0,0
BRDA:3,0,1,0
BRDA:3,0,2,0
BRDA:4,1,0,0
BRDA:4,1,1,0
BRDA:7,2,0,0
BRDA:7,2,1,0
BRDA:13,3,0,0
BRDA:13,3,1,0
BRDA:13,3,2,0
BRDA:15,4,0,0
BRDA:15,4,1,0
BRDA:19,5,0,0
BRDA:19,5,1,0
BRDA:35,6,0,0
BRDA:35,6,1,0
BRDA:37,7,0,0
BRDA:37,7,1,0
BRDA:40,8,0,0
BRDA:40,8,1,0
BRDA:40,8,2,0
BRDA:44,9,0,0
BRDA:44,9,1,0
BRDA:58,10,0,0
BRDA:58,10,1,0
BRDA:67,11,0,0
BRDA:67,11,1,0
BRDA:68,12,0,0
BRDA:68,12,1,0
BRDA:68,13,0,0
BRDA:68,13,1,0
BRDA:69,14,0,0
BRDA:69,14,1,0
BRDA:69,15,0,0
BRDA:69,15,1,0
BRDA:69,15,2,0
BRDA:69,16,0,0
BRDA:69,16,1,0
BRDA:69,17,0,0
BRDA:69,17,1,0
BRDA:69,18,0,0
BRDA:69,18,1,0
BRDA:69,19,0,0
BRDA:69,19,1,0
BRDA:70,20,0,0
BRDA:70,20,1,0
BRDA:71,21,0,0
BRDA:71,21,1,0
BRDA:71,21,2,0
BRDA:71,21,3,0
BRDA:71,21,4,0
BRDA:71,21,5,0
BRDA:92,22,0,0
BRDA:92,22,1,0
BRDA:92,23,0,0
BRDA:92,23,1,0
BRDA:92,23,2,0
BRDA:92,24,0,0
BRDA:92,24,1,0
BRDA:96,25,0,0
BRDA:96,25,1,0
BRDA:96,26,0,0
BRDA:96,26,1,0
BRDA:96,26,2,0
BRDA:96,26,3,0
BRDA:100,27,0,0
BRDA:100,27,1,0
BRDA:100,28,0,0
BRDA:100,28,1,0
BRDA:105,29,0,0
BRDA:105,29,1,0
BRDA:105,30,0,0
BRDA:105,30,1,0
BRDA:110,31,0,0
BRDA:110,31,1,0
BRDA:121,32,0,0
BRDA:121,32,1,0
BRDA:123,33,0,0
BRDA:123,33,1,0
BRDA:160,34,0,0
BRDA:160,34,1,0
BRDA:160,35,0,0
BRDA:160,35,1,0
BRDA:160,36,0,0
BRDA:160,36,1,0
BRDA:163,37,0,0
BRDA:163,37,1,0
BRDA:163,37,2,0
BRDA:170,38,0,0
BRDA:170,38,1,0
BRDA:170,38,2,0
BRDA:170,38,3,0
BRDA:176,39,0,0
BRDA:176,39,1,0
BRDA:177,40,0,0
BRDA:177,40,1,0
BRDA:178,41,0,0
BRDA:178,41,1,0
BRDA:179,42,0,0
BRDA:179,42,1,0
BRDA:195,43,0,0
BRDA:195,43,1,0
BRDA:195,43,2,0
BRDA:195,43,3,0
BRDA:203,44,0,0
BRDA:203,44,1,0
BRDA:204,45,0,0
BRDA:204,45,1,0
BRDA:220,46,0,0
BRDA:220,46,1,0
BRDA:220,46,2,0
BRDA:220,46,3,0
BRDA:220,46,4,0
BRDA:220,46,5,0
BRDA:220,46,6,0
BRDA:232,47,0,0
BRDA:232,47,1,0
BRDA:267,48,0,0
BRDA:267,48,1,0
BRDA:328,49,0,0
BRDA:328,49,1,0
BRDA:337,50,0,0
BRDA:337,50,1,0
BRDA:339,51,0,0
BRDA:339,51,1,0
BRDA:353,52,0,0
BRDA:353,52,1,0
BRDA:355,53,0,0
BRDA:355,53,1,0
BRDA:358,54,0,0
BRDA:358,54,1,0
BRDA:370,55,0,0
BRDA:370,55,1,0
BRDA:372,56,0,0
BRDA:372,56,1,0
BRDA:375,57,0,0
BRDA:375,57,1,0
BRDA:390,58,0,0
BRDA:390,58,1,0
BRDA:393,59,0,0
BRDA:393,59,1,0
BRDA:408,60,0,0
BRDA:408,60,1,0
BRDA:411,61,0,0
BRDA:411,61,1,0
BRDA:427,62,0,0
BRDA:427,62,1,0
BRDA:430,63,0,0
BRDA:430,63,1,0
BRDA:464,64,0,0
BRDA:464,64,1,0
BRDA:467,65,0,0
BRDA:467,65,1,0
BRDA:482,66,0,0
BRDA:482,66,1,0
BRDA:482,67,0,0
BRDA:482,67,1,0
BRDA:482,68,0,0
BRDA:482,68,1,0
BRDA:483,69,0,0
BRDA:483,69,1,0
BRDA:483,70,0,0
BRDA:483,70,1,0
BRDA:483,71,0,0
BRDA:483,71,1,0
BRDA:484,72,0,0
BRDA:484,72,1,0
BRDA:484,73,0,0
BRDA:484,73,1,0
BRDA:484,74,0,0
BRDA:484,74,1,0
BRDA:485,75,0,0
BRDA:485,75,1,0
BRDA:485,76,0,0
BRDA:485,76,1,0
BRF:175
BRH:0
end_of_record
TN:
SF:src\components\commission\OrderCommissionBreakdown.vue
FN:3,(anonymous_0)
FN:4,(anonymous_1)
FN:13,(anonymous_2)
FN:14,adopt
FN:15,(anonymous_4)
FN:19,(anonymous_5)
FN:20,fulfilled
FN:27,rejected
FN:34,step
FN:40,(anonymous_9)
FN:43,(anonymous_10)
FN:58,(anonymous_11)
FN:61,verb
FN:62,(anonymous_13)
FN:66,step
FN:175,(anonymous_15)
FN:190,(anonymous_16)
FN:193,(anonymous_17)
FN:196,(anonymous_18)
FN:200,(anonymous_19)
FN:203,(anonymous_20)
FN:204,(anonymous_21)
FN:206,(anonymous_22)
FN:235,(anonymous_23)
FN:236,(anonymous_24)
FN:238,(anonymous_25)
FN:251,(anonymous_26)
FN:264,(anonymous_27)
FN:265,(anonymous_28)
FN:267,(anonymous_29)
FN:268,(anonymous_30)
FN:285,(anonymous_31)
FN:287,(anonymous_32)
FN:288,(anonymous_33)
FN:289,(anonymous_34)
FN:304,(anonymous_35)
FN:305,(anonymous_36)
FN:306,(anonymous_37)
FN:385,render
FN:438,(anonymous_39)
FN:443,(anonymous_40)
FNF:41
FNH:0
FNDA:0,(anonymous_0)
FNDA:0,(anonymous_1)
FNDA:0,(anonymous_2)
FNDA:0,adopt
FNDA:0,(anonymous_4)
FNDA:0,(anonymous_5)
FNDA:0,fulfilled
FNDA:0,rejected
FNDA:0,step
FNDA:0,(anonymous_9)
FNDA:0,(anonymous_10)
FNDA:0,(anonymous_11)
FNDA:0,verb
FNDA:0,(anonymous_13)
FNDA:0,step
FNDA:0,(anonymous_15)
FNDA:0,(anonymous_16)
FNDA:0,(anonymous_17)
FNDA:0,(anonymous_18)
FNDA:0,(anonymous_19)
FNDA:0,(anonymous_20)
FNDA:0,(anonymous_21)
FNDA:0,(anonymous_22)
FNDA:0,(anonymous_23)
FNDA:0,(anonymous_24)
FNDA:0,(anonymous_25)
FNDA:0,(anonymous_26)
FNDA:0,(anonymous_27)
FNDA:0,(anonymous_28)
FNDA:0,(anonymous_29)
FNDA:0,(anonymous_30)
FNDA:0,(anonymous_31)
FNDA:0,(anonymous_32)
FNDA:0,(anonymous_33)
FNDA:0,(anonymous_34)
FNDA:0,(anonymous_35)
FNDA:0,(anonymous_36)
FNDA:0,(anonymous_37)
FNDA:0,render
FNDA:0,(anonymous_39)
FNDA:0,(anonymous_40)
DA:3,0
DA:4,0
DA:5,0
DA:6,0
DA:7,0
DA:9,0
DA:11,0
DA:13,0
DA:15,0
DA:16,0
DA:19,0
DA:21,0
DA:22,0
DA:24,0
DA:28,0
DA:29,0
DA:31,0
DA:35,0
DA:37,0
DA:40,0
DA:41,0
DA:44,0
DA:45,0
DA:54,0
DA:59,0
DA:62,0
DA:63,0
DA:67,0
DA:68,0
DA:69,0
DA:70,0
DA:71,0
DA:74,0
DA:75,0
DA:77,0
DA:78,0
DA:83,0
DA:84,0
DA:85,0
DA:86,0
DA:88,0
DA:89,0
DA:90,0
DA:92,0
DA:93,0
DA:94,0
DA:96,0
DA:97,0
DA:98,0
DA:100,0
DA:101,0
DA:102,0
DA:103,0
DA:105,0
DA:106,0
DA:107,0
DA:108,0
DA:110,0
DA:111,0
DA:112,0
DA:114,0
DA:116,0
DA:117,0
DA:119,0
DA:121,0
DA:122,0
DA:128,0
DA:131,0
DA:132,0
DA:133,0
DA:134,0
DA:176,0
DA:177,0
DA:178,0
DA:179,0
DA:180,0
DA:181,0
DA:182,0
DA:184,0
DA:185,0
DA:186,0
DA:187,0
DA:188,0
DA:190,0
DA:191,0
DA:193,0
DA:194,0
DA:196,0
DA:197,0
DA:200,0
DA:201,0
DA:203,0
DA:204,0
DA:206,0
DA:207,0
DA:209,0
DA:210,0
DA:212,0
DA:213,0
DA:214,0
DA:216,0
DA:217,0
DA:219,0
DA:220,0
DA:221,0
DA:223,0
DA:224,0
DA:226,0
DA:227,0
DA:228,0
DA:230,0
DA:235,0
DA:236,0
DA:238,0
DA:239,0
DA:241,0
DA:242,0
DA:246,0
DA:247,0
DA:248,0
DA:249,0
DA:251,0
DA:253,0
DA:259,0
DA:264,0
DA:265,0
DA:267,0
DA:268,0
DA:269,0
DA:271,0
DA:272,0
DA:280,0
DA:285,0
DA:286,0
DA:288,0
DA:289,0
DA:290,0
DA:292,0
DA:293,0
DA:295,0
DA:296,0
DA:298,0
DA:304,0
DA:305,0
DA:306,0
DA:307,0
DA:309,0
DA:311,0
DA:312,0
DA:313,0
DA:315,0
DA:316,0
DA:318,0
DA:323,0
DA:340,0
DA:344,0
DA:348,0
DA:349,0
DA:350,0
DA:351,0
DA:352,0
DA:353,0
DA:354,0
DA:355,0
DA:356,0
DA:360,0
DA:361,0
DA:362,0
DA:363,0
DA:364,0
DA:368,0
DA:369,0
DA:370,0
DA:371,0
DA:372,0
DA:376,0
DA:377,0
DA:378,0
DA:379,0
DA:380,0
DA:384,0
DA:386,0
DA:438,0
DA:445,0
DA:458,0
DA:459,0
LF:186
LH:0
BRDA:3,0,0,0
BRDA:3,0,1,0
BRDA:3,0,2,0
BRDA:4,1,0,0
BRDA:4,1,1,0
BRDA:7,2,0,0
BRDA:7,2,1,0
BRDA:13,3,0,0
BRDA:13,3,1,0
BRDA:13,3,2,0
BRDA:15,4,0,0
BRDA:15,4,1,0
BRDA:19,5,0,0
BRDA:19,5,1,0
BRDA:35,6,0,0
BRDA:35,6,1,0
BRDA:37,7,0,0
BRDA:37,7,1,0
BRDA:40,8,0,0
BRDA:40,8,1,0
BRDA:40,8,2,0
BRDA:44,9,0,0
BRDA:44,9,1,0
BRDA:58,10,0,0
BRDA:58,10,1,0
BRDA:67,11,0,0
BRDA:67,11,1,0
BRDA:68,12,0,0
BRDA:68,12,1,0
BRDA:68,13,0,0
BRDA:68,13,1,0
BRDA:69,14,0,0
BRDA:69,14,1,0
BRDA:69,15,0,0
BRDA:69,15,1,0
BRDA:69,15,2,0
BRDA:69,16,0,0
BRDA:69,16,1,0
BRDA:69,17,0,0
BRDA:69,17,1,0
BRDA:69,18,0,0
BRDA:69,18,1,0
BRDA:69,19,0,0
BRDA:69,19,1,0
BRDA:70,20,0,0
BRDA:70,20,1,0
BRDA:71,21,0,0
BRDA:71,21,1,0
BRDA:71,21,2,0
BRDA:71,21,3,0
BRDA:71,21,4,0
BRDA:71,21,5,0
BRDA:92,22,0,0
BRDA:92,22,1,0
BRDA:92,23,0,0
BRDA:92,23,1,0
BRDA:92,23,2,0
BRDA:92,24,0,0
BRDA:92,24,1,0
BRDA:96,25,0,0
BRDA:96,25,1,0
BRDA:96,26,0,0
BRDA:96,26,1,0
BRDA:96,26,2,0
BRDA:96,26,3,0
BRDA:100,27,0,0
BRDA:100,27,1,0
BRDA:100,28,0,0
BRDA:100,28,1,0
BRDA:105,29,0,0
BRDA:105,29,1,0
BRDA:105,30,0,0
BRDA:105,30,1,0
BRDA:110,31,0,0
BRDA:110,31,1,0
BRDA:121,32,0,0
BRDA:121,32,1,0
BRDA:123,33,0,0
BRDA:123,33,1,0
BRDA:191,34,0,0
BRDA:191,34,1,0
BRDA:194,35,0,0
BRDA:194,35,1,0
BRDA:197,36,0,0
BRDA:197,36,1,0
BRDA:207,37,0,0
BRDA:207,37,1,0
BRDA:207,37,2,0
BRDA:207,37,3,0
BRDA:207,37,4,0
BRDA:207,37,5,0
BRDA:207,37,6,0
BRDA:209,38,0,0
BRDA:209,38,1,0
BRDA:213,39,0,0
BRDA:213,39,1,0
BRDA:216,40,0,0
BRDA:216,40,1,0
BRDA:220,41,0,0
BRDA:220,41,1,0
BRDA:223,42,0,0
BRDA:223,42,1,0
BRDA:227,43,0,0
BRDA:227,43,1,0
BRDA:239,44,0,0
BRDA:239,44,1,0
BRDA:241,45,0,0
BRDA:241,45,1,0
BRDA:247,46,0,0
BRDA:247,46,1,0
BRDA:251,47,0,0
BRDA:251,47,1,0
BRDA:254,48,0,0
BRDA:254,48,1,0
BRDA:254,49,0,0
BRDA:254,49,1,0
BRDA:255,50,0,0
BRDA:255,50,1,0
BRDA:255,51,0,0
BRDA:255,51,1,0
BRDA:256,52,0,0
BRDA:256,52,1,0
BRDA:256,53,0,0
BRDA:256,53,1,0
BRDA:271,54,0,0
BRDA:271,54,1,0
BRDA:290,55,0,0
BRDA:290,55,1,0
BRDA:290,55,2,0
BRDA:292,56,0,0
BRDA:292,56,1,0
BRDA:307,57,0,0
BRDA:307,57,1,0
BRDA:307,57,2,0
BRDA:307,57,3,0
BRDA:312,58,0,0
BRDA:312,58,1,0
BRDA:388,59,0,0
BRDA:388,59,1,0
BRDA:391,60,0,0
BRDA:391,60,1,0
BRDA:397,61,0,0
BRDA:397,61,1,0
BRDA:409,62,0,0
BRDA:409,62,1,0
BRDA:421,63,0,0
BRDA:421,63,1,0
BRDA:434,64,0,0
BRDA:434,64,1,0
BRDA:436,65,0,0
BRDA:436,65,1,0
BRDA:438,66,0,0
BRDA:438,66,1,0
BRDA:442,67,0,0
BRDA:442,67,1,0
BRDA:448,68,0,0
BRDA:448,68,1,0
BRDA:448,69,0,0
BRDA:448,69,1,0
BRDA:448,70,0,0
BRDA:448,70,1,0
BRDA:448,71,0,0
BRDA:448,71,1,0
BRDA:448,72,0,0
BRDA:448,72,1,0
BRDA:448,73,0,0
BRDA:448,73,1,0
BRDA:448,74,0,0
BRDA:448,74,1,0
BRDA:448,75,0,0
BRDA:448,75,1,0
BRDA:448,76,0,0
BRDA:448,76,1,0
BRDA:448,77,0,0
BRDA:448,77,1,0
BRF:175
BRH:0
end_of_record
TN:
SF:src\components\commission\index.ts
FN:2,(anonymous_1)
FN:3,(anonymous_2)
FN:4,(anonymous_3)
FNF:3
FNH:0
FNDA:0,(anonymous_1)
FNDA:0,(anonymous_2)
FNDA:0,(anonymous_3)
DA:2,0
DA:3,0
DA:4,0
LF:3
LH:0
BRF:0
BRH:0
end_of_record
TN:
SF:src\components\orders\AddOrderModal.vue
FN:3,(anonymous_0)
FN:4,(anonymous_1)
FN:13,(anonymous_2)
FN:14,adopt
FN:15,(anonymous_4)
FN:19,(anonymous_5)
FN:20,fulfilled
FN:27,rejected
FN:34,step
FN:40,(anonymous_9)
FN:43,(anonymous_10)
FN:58,(anonymous_11)
FN:61,verb
FN:62,(anonymous_13)
FN:66,step
FN:138,(anonymous_15)
FN:153,(anonymous_16)
FN:154,(anonymous_17)
FN:158,(anonymous_18)
FN:164,loadDoctors
FN:165,(anonymous_20)
FN:167,(anonymous_21)
FN:179,loadProducts
FN:180,(anonymous_23)
FN:182,(anonymous_24)
FN:194,calculateOrder
FN:211,handleSubmit
FN:212,(anonymous_27)
FN:214,(anonymous_28)
FN:282,render
FN:294,(anonymous_30)
FN:299,(anonymous_31)
FN:312,(anonymous_32)
FN:317,(anonymous_33)
FN:330,(anonymous_34)
FN:335,(anonymous_35)
FN:349,(anonymous_36)
FN:360,(anonymous_37)
FN:384,(anonymous_38)
FNF:39
FNH:0
FNDA:0,(anonymous_0)
FNDA:0,(anonymous_1)
FNDA:0,(anonymous_2)
FNDA:0,adopt
FNDA:0,(anonymous_4)
FNDA:0,(anonymous_5)
FNDA:0,fulfilled
FNDA:0,rejected
FNDA:0,step
FNDA:0,(anonymous_9)
FNDA:0,(anonymous_10)
FNDA:0,(anonymous_11)
FNDA:0,verb
FNDA:0,(anonymous_13)
FNDA:0,step
FNDA:0,(anonymous_15)
FNDA:0,(anonymous_16)
FNDA:0,(anonymous_17)
FNDA:0,(anonymous_18)
FNDA:0,loadDoctors
FNDA:0,(anonymous_20)
FNDA:0,(anonymous_21)
FNDA:0,loadProducts
FNDA:0,(anonymous_23)
FNDA:0,(anonymous_24)
FNDA:0,calculateOrder
FNDA:0,handleSubmit
FNDA:0,(anonymous_27)
FNDA:0,(anonymous_28)
FNDA:0,render
FNDA:0,(anonymous_30)
FNDA:0,(anonymous_31)
FNDA:0,(anonymous_32)
FNDA:0,(anonymous_33)
FNDA:0,(anonymous_34)
FNDA:0,(anonymous_35)
FNDA:0,(anonymous_36)
FNDA:0,(anonymous_37)
FNDA:0,(anonymous_38)
DA:3,0
DA:4,0
DA:5,0
DA:6,0
DA:7,0
DA:9,0
DA:11,0
DA:13,0
DA:15,0
DA:16,0
DA:19,0
DA:21,0
DA:22,0
DA:24,0
DA:28,0
DA:29,0
DA:31,0
DA:35,0
DA:37,0
DA:40,0
DA:41,0
DA:44,0
DA:45,0
DA:54,0
DA:59,0
DA:62,0
DA:63,0
DA:67,0
DA:68,0
DA:69,0
DA:70,0
DA:71,0
DA:74,0
DA:75,0
DA:77,0
DA:78,0
DA:83,0
DA:84,0
DA:85,0
DA:86,0
DA:88,0
DA:89,0
DA:90,0
DA:92,0
DA:93,0
DA:94,0
DA:96,0
DA:97,0
DA:98,0
DA:100,0
DA:101,0
DA:102,0
DA:103,0
DA:105,0
DA:106,0
DA:107,0
DA:108,0
DA:110,0
DA:111,0
DA:112,0
DA:114,0
DA:116,0
DA:117,0
DA:119,0
DA:121,0
DA:122,0
DA:128,0
DA:131,0
DA:132,0
DA:133,0
DA:134,0
DA:135,0
DA:139,0
DA:140,0
DA:141,0
DA:142,0
DA:143,0
DA:144,0
DA:145,0
DA:152,0
DA:153,0
DA:154,0
DA:155,0
DA:158,0
DA:159,0
DA:165,0
DA:167,0
DA:168,0
DA:170,0
DA:172,0
DA:173,0
DA:174,0
DA:180,0
DA:182,0
DA:183,0
DA:185,0
DA:187,0
DA:188,0
DA:189,0
DA:195,0
DA:196,0
DA:197,0
DA:199,0
DA:200,0
DA:201,0
DA:202,0
DA:203,0
DA:204,0
DA:205,0
DA:212,0
DA:214,0
DA:215,0
DA:217,0
DA:218,0
DA:220,0
DA:221,0
DA:229,0
DA:231,0
DA:232,0
DA:233,0
DA:234,0
DA:236,0
DA:237,0
DA:238,0
DA:240,0
DA:246,0
DA:247,0
DA:248,0
DA:261,0
DA:265,0
DA:269,0
DA:270,0
DA:271,0
DA:272,0
DA:273,0
DA:274,0
DA:275,0
DA:276,0
DA:277,0
DA:281,0
DA:284,0
DA:294,0
DA:300,0
DA:312,0
DA:318,0
DA:330,0
DA:336,0
DA:349,0
DA:360,0
DA:384,0
DA:396,0
DA:397,0
LF:152
LH:0
BRDA:3,0,0,0
BRDA:3,0,1,0
BRDA:3,0,2,0
BRDA:4,1,0,0
BRDA:4,1,1,0
BRDA:7,2,0,0
BRDA:7,2,1,0
BRDA:13,3,0,0
BRDA:13,3,1,0
BRDA:13,3,2,0
BRDA:15,4,0,0
BRDA:15,4,1,0
BRDA:19,5,0,0
BRDA:19,5,1,0
BRDA:35,6,0,0
BRDA:35,6,1,0
BRDA:37,7,0,0
BRDA:37,7,1,0
BRDA:40,8,0,0
BRDA:40,8,1,0
BRDA:40,8,2,0
BRDA:44,9,0,0
BRDA:44,9,1,0
BRDA:58,10,0,0
BRDA:58,10,1,0
BRDA:67,11,0,0
BRDA:67,11,1,0
BRDA:68,12,0,0
BRDA:68,12,1,0
BRDA:68,13,0,0
BRDA:68,13,1,0
BRDA:69,14,0,0
BRDA:69,14,1,0
BRDA:69,15,0,0
BRDA:69,15,1,0
BRDA:69,15,2,0
BRDA:69,16,0,0
BRDA:69,16,1,0
BRDA:69,17,0,0
BRDA:69,17,1,0
BRDA:69,18,0,0
BRDA:69,18,1,0
BRDA:69,19,0,0
BRDA:69,19,1,0
BRDA:70,20,0,0
BRDA:70,20,1,0
BRDA:71,21,0,0
BRDA:71,21,1,0
BRDA:71,21,2,0
BRDA:71,21,3,0
BRDA:71,21,4,0
BRDA:71,21,5,0
BRDA:92,22,0,0
BRDA:92,22,1,0
BRDA:92,23,0,0
BRDA:92,23,1,0
BRDA:92,23,2,0
BRDA:92,24,0,0
BRDA:92,24,1,0
BRDA:96,25,0,0
BRDA:96,25,1,0
BRDA:96,26,0,0
BRDA:96,26,1,0
BRDA:96,26,2,0
BRDA:96,26,3,0
BRDA:100,27,0,0
BRDA:100,27,1,0
BRDA:100,28,0,0
BRDA:100,28,1,0
BRDA:105,29,0,0
BRDA:105,29,1,0
BRDA:105,30,0,0
BRDA:105,30,1,0
BRDA:110,31,0,0
BRDA:110,31,1,0
BRDA:121,32,0,0
BRDA:121,32,1,0
BRDA:123,33,0,0
BRDA:123,33,1,0
BRDA:168,34,0,0
BRDA:168,34,1,0
BRDA:173,35,0,0
BRDA:173,35,1,0
BRDA:183,36,0,0
BRDA:183,36,1,0
BRDA:188,37,0,0
BRDA:188,37,1,0
BRDA:195,38,0,0
BRDA:195,38,1,0
BRDA:195,39,0,0
BRDA:195,39,1,0
BRDA:215,40,0,0
BRDA:215,40,1,0
BRDA:215,40,2,0
BRDA:215,40,3,0
BRDA:215,40,4,0
BRDA:217,41,0,0
BRDA:217,41,1,0
BRDA:286,42,0,0
BRDA:286,42,1,0
BRDA:292,43,0,0
BRDA:292,43,1,0
BRDA:294,44,0,0
BRDA:294,44,1,0
BRDA:298,45,0,0
BRDA:298,45,1,0
BRDA:310,46,0,0
BRDA:310,46,1,0
BRDA:312,47,0,0
BRDA:312,47,1,0
BRDA:316,48,0,0
BRDA:316,48,1,0
BRDA:328,49,0,0
BRDA:328,49,1,0
BRDA:330,50,0,0
BRDA:330,50,1,0
BRDA:334,51,0,0
BRDA:334,51,1,0
BRDA:335,52,0,0
BRDA:335,52,1,0
BRDA:335,53,0,0
BRDA:335,53,1,0
BRDA:346,54,0,0
BRDA:346,54,1,0
BRDA:349,55,0,0
BRDA:349,55,1,0
BRDA:357,56,0,0
BRDA:357,56,1,0
BRDA:360,57,0,0
BRDA:360,57,1,0
BRDA:374,58,0,0
BRDA:374,58,1,0
BRDA:384,59,0,0
BRDA:384,59,1,0
BRDA:387,60,0,0
BRDA:387,60,1,0
BRF:136
BRH:0
end_of_record
TN:
SF:src\components\orders\OrderDetailsModal.vue
FN:3,(anonymous_0)
FN:4,(anonymous_1)
FN:13,(anonymous_2)
FN:14,adopt
FN:15,(anonymous_4)
FN:19,(anonymous_5)
FN:20,fulfilled
FN:27,rejected
FN:34,step
FN:40,(anonymous_9)
FN:43,(anonymous_10)
FN:58,(anonymous_11)
FN:61,verb
FN:62,(anonymous_13)
FN:66,step
FN:144,(anonymous_15)
FN:153,(anonymous_16)
FN:154,(anonymous_17)
FN:156,(anonymous_18)
FN:179,(anonymous_19)
FN:180,(anonymous_20)
FN:182,(anonymous_21)
FN:205,(anonymous_22)
FN:210,(anonymous_23)
FN:215,(anonymous_24)
FN:216,(anonymous_25)
FN:218,(anonymous_26)
FN:239,(anonymous_27)
FN:245,(anonymous_28)
FN:252,(anonymous_29)
FN:253,(anonymous_30)
FN:254,(anonymous_31)
FN:312,render
FN:325,(anonymous_33)
FN:331,(anonymous_34)
FNF:35
FNH:0
FNDA:0,(anonymous_0)
FNDA:0,(anonymous_1)
FNDA:0,(anonymous_2)
FNDA:0,adopt
FNDA:0,(anonymous_4)
FNDA:0,(anonymous_5)
FNDA:0,fulfilled
FNDA:0,rejected
FNDA:0,step
FNDA:0,(anonymous_9)
FNDA:0,(anonymous_10)
FNDA:0,(anonymous_11)
FNDA:0,verb
FNDA:0,(anonymous_13)
FNDA:0,step
FNDA:0,(anonymous_15)
FNDA:0,(anonymous_16)
FNDA:0,(anonymous_17)
FNDA:0,(anonymous_18)
FNDA:0,(anonymous_19)
FNDA:0,(anonymous_20)
FNDA:0,(anonymous_21)
FNDA:0,(anonymous_22)
FNDA:0,(anonymous_23)
FNDA:0,(anonymous_24)
FNDA:0,(anonymous_25)
FNDA:0,(anonymous_26)
FNDA:0,(anonymous_27)
FNDA:0,(anonymous_28)
FNDA:0,(anonymous_29)
FNDA:0,(anonymous_30)
FNDA:0,(anonymous_31)
FNDA:0,render
FNDA:0,(anonymous_33)
FNDA:0,(anonymous_34)
DA:3,0
DA:4,0
DA:5,0
DA:6,0
DA:7,0
DA:9,0
DA:11,0
DA:13,0
DA:15,0
DA:16,0
DA:19,0
DA:21,0
DA:22,0
DA:24,0
DA:28,0
DA:29,0
DA:31,0
DA:35,0
DA:37,0
DA:40,0
DA:41,0
DA:44,0
DA:45,0
DA:54,0
DA:59,0
DA:62,0
DA:63,0
DA:67,0
DA:68,0
DA:69,0
DA:70,0
DA:71,0
DA:74,0
DA:75,0
DA:77,0
DA:78,0
DA:83,0
DA:84,0
DA:85,0
DA:86,0
DA:88,0
DA:89,0
DA:90,0
DA:92,0
DA:93,0
DA:94,0
DA:96,0
DA:97,0
DA:98,0
DA:100,0
DA:101,0
DA:102,0
DA:103,0
DA:105,0
DA:106,0
DA:107,0
DA:108,0
DA:110,0
DA:111,0
DA:112,0
DA:114,0
DA:116,0
DA:117,0
DA:119,0
DA:121,0
DA:122,0
DA:128,0
DA:131,0
DA:132,0
DA:133,0
DA:134,0
DA:135,0
DA:145,0
DA:146,0
DA:147,0
DA:148,0
DA:149,0
DA:150,0
DA:151,0
DA:152,0
DA:153,0
DA:154,0
DA:156,0
DA:157,0
DA:159,0
DA:160,0
DA:162,0
DA:163,0
DA:164,0
DA:165,0
DA:167,0
DA:168,0
DA:170,0
DA:171,0
DA:172,0
DA:174,0
DA:179,0
DA:180,0
DA:182,0
DA:183,0
DA:185,0
DA:186,0
DA:188,0
DA:189,0
DA:190,0
DA:191,0
DA:193,0
DA:194,0
DA:196,0
DA:197,0
DA:198,0
DA:200,0
DA:205,0
DA:206,0
DA:210,0
DA:211,0
DA:215,0
DA:216,0
DA:218,0
DA:219,0
DA:221,0
DA:222,0
DA:224,0
DA:225,0
DA:228,0
DA:230,0
DA:231,0
DA:232,0
DA:234,0
DA:239,0
DA:240,0
DA:245,0
DA:246,0
DA:252,0
DA:253,0
DA:254,0
DA:255,0
DA:257,0
DA:259,0
DA:260,0
DA:265,0
DA:278,0
DA:282,0
DA:286,0
DA:287,0
DA:288,0
DA:289,0
DA:290,0
DA:291,0
DA:292,0
DA:293,0
DA:294,0
DA:295,0
DA:296,0
DA:297,0
DA:298,0
DA:299,0
DA:300,0
DA:301,0
DA:302,0
DA:303,0
DA:304,0
DA:305,0
DA:306,0
DA:307,0
DA:308,0
DA:309,0
DA:310,0
DA:311,0
DA:314,0
DA:315,0
DA:325,0
DA:331,0
DA:442,0
DA:443,0
LF:175
LH:0
BRDA:3,0,0,0
BRDA:3,0,1,0
BRDA:3,0,2,0
BRDA:4,1,0,0
BRDA:4,1,1,0
BRDA:7,2,0,0
BRDA:7,2,1,0
BRDA:13,3,0,0
BRDA:13,3,1,0
BRDA:13,3,2,0
BRDA:15,4,0,0
BRDA:15,4,1,0
BRDA:19,5,0,0
BRDA:19,5,1,0
BRDA:35,6,0,0
BRDA:35,6,1,0
BRDA:37,7,0,0
BRDA:37,7,1,0
BRDA:40,8,0,0
BRDA:40,8,1,0
BRDA:40,8,2,0
BRDA:44,9,0,0
BRDA:44,9,1,0
BRDA:58,10,0,0
BRDA:58,10,1,0
BRDA:67,11,0,0
BRDA:67,11,1,0
BRDA:68,12,0,0
BRDA:68,12,1,0
BRDA:68,13,0,0
BRDA:68,13,1,0
BRDA:69,14,0,0
BRDA:69,14,1,0
BRDA:69,15,0,0
BRDA:69,15,1,0
BRDA:69,15,2,0
BRDA:69,16,0,0
BRDA:69,16,1,0
BRDA:69,17,0,0
BRDA:69,17,1,0
BRDA:69,18,0,0
BRDA:69,18,1,0
BRDA:69,19,0,0
BRDA:69,19,1,0
BRDA:70,20,0,0
BRDA:70,20,1,0
BRDA:71,21,0,0
BRDA:71,21,1,0
BRDA:71,21,2,0
BRDA:71,21,3,0
BRDA:71,21,4,0
BRDA:71,21,5,0
BRDA:92,22,0,0
BRDA:92,22,1,0
BRDA:92,23,0,0
BRDA:92,23,1,0
BRDA:92,23,2,0
BRDA:92,24,0,0
BRDA:92,24,1,0
BRDA:96,25,0,0
BRDA:96,25,1,0
BRDA:96,26,0,0
BRDA:96,26,1,0
BRDA:96,26,2,0
BRDA:96,26,3,0
BRDA:100,27,0,0
BRDA:100,27,1,0
BRDA:100,28,0,0
BRDA:100,28,1,0
BRDA:105,29,0,0
BRDA:105,29,1,0
BRDA:105,30,0,0
BRDA:105,30,1,0
BRDA:110,31,0,0
BRDA:110,31,1,0
BRDA:121,32,0,0
BRDA:121,32,1,0
BRDA:123,33,0,0
BRDA:123,33,1,0
BRDA:157,34,0,0
BRDA:157,34,1,0
BRDA:157,34,2,0
BRDA:157,34,3,0
BRDA:163,35,0,0
BRDA:163,35,1,0
BRDA:183,36,0,0
BRDA:183,36,1,0
BRDA:183,36,2,0
BRDA:183,36,3,0
BRDA:189,37,0,0
BRDA:189,37,1,0
BRDA:219,38,0,0
BRDA:219,38,1,0
BRDA:219,38,2,0
BRDA:219,38,3,0
BRDA:255,39,0,0
BRDA:255,39,1,0
BRDA:319,40,0,0
BRDA:319,40,1,0
BRDA:325,41,0,0
BRDA:325,41,1,0
BRDA:331,42,0,0
BRDA:331,42,1,0
BRDA:333,43,0,0
BRDA:333,43,1,0
BRDA:355,44,0,0
BRDA:355,44,1,0
BRDA:356,45,0,0
BRDA:356,45,1,0
BRDA:356,46,0,0
BRDA:356,46,1,0
BRDA:359,47,0,0
BRDA:359,47,1,0
BRDA:360,48,0,0
BRDA:360,48,1,0
BRDA:360,49,0,0
BRDA:360,49,1,0
BRDA:363,50,0,0
BRDA:363,50,1,0
BRDA:367,51,0,0
BRDA:367,51,1,0
BRDA:371,52,0,0
BRDA:371,52,1,0
BRDA:375,53,0,0
BRDA:375,53,1,0
BRDA:379,54,0,0
BRDA:379,54,1,0
BRDA:383,55,0,0
BRDA:383,55,1,0
BRDA:398,56,0,0
BRDA:398,56,1,0
BRDA:401,57,0,0
BRDA:401,57,1,0
BRDA:405,58,0,0
BRDA:405,58,1,0
BRDA:406,59,0,0
BRDA:406,59,1,0
BRDA:412,60,0,0
BRDA:412,60,1,0
BRDA:420,61,0,0
BRDA:420,61,1,0
BRDA:428,62,0,0
BRDA:428,62,1,0
BRF:143
BRH:0
end_of_record
TN:
SF:src\components\orders\index.ts
FN:1,(anonymous_1)
FN:2,(anonymous_2)
FNF:2
FNH:0
FNDA:0,(anonymous_1)
FNDA:0,(anonymous_2)
DA:1,0
DA:2,0
LF:2
LH:0
BRF:0
BRH:0
end_of_record
TN:
SF:src\components\ui\Actionpanel.vue
FN:11,render
FNF:1
FNH:0
FNDA:0,render
DA:3,0
DA:6,0
DA:7,0
DA:8,0
DA:12,0
DA:13,0
LF:6
LH:0
BRDA:12,0,0,0
BRDA:12,0,1,0
BRF:2
BRH:0
end_of_record
TN:
SF:src\components\ui\Badge.vue
FN:7,(anonymous_0)
FN:14,(anonymous_1)
FN:33,render
FNF:3
FNH:0
FNDA:0,(anonymous_0)
FNDA:0,(anonymous_1)
FNDA:0,render
DA:7,0
DA:17,0
DA:18,0
DA:19,0
DA:23,0
DA:28,0
DA:31,0
DA:32,0
DA:34,0
DA:37,0
LF:10
LH:0
BRDA:35,0,0,0
BRDA:35,0,1,0
BRDA:35,1,0,0
BRDA:35,1,1,0
BRDA:35,2,0,0
BRDA:35,2,1,0
BRDA:35,3,0,0
BRDA:35,3,1,0
BRF:8
BRH:0
end_of_record
TN:
SF:src\components\ui\Button.vue
FN:7,(anonymous_0)
FN:12,(anonymous_1)
FN:32,(anonymous_2)
FN:52,render
FN:57,(anonymous_4)
FNF:5
FNH:0
FNDA:0,(anonymous_0)
FNDA:0,(anonymous_1)
FNDA:0,(anonymous_2)
FNDA:0,render
FNDA:0,(anonymous_4)
DA:7,0
DA:12,0
DA:35,0
DA:36,0
DA:37,0
DA:41,0
DA:46,0
DA:49,0
DA:50,0
DA:51,0
DA:53,0
DA:57,0
DA:59,0
LF:13
LH:0
BRDA:55,0,0,0
BRDA:55,0,1,0
BRDA:55,1,0,0
BRDA:55,1,1,0
BRDA:55,2,0,0
BRDA:55,2,1,0
BRDA:55,3,0,0
BRDA:55,3,1,0
BRDA:55,4,0,0
BRDA:55,4,1,0
BRDA:55,5,0,0
BRDA:55,5,1,0
BRDA:55,6,0,0
BRDA:55,6,1,0
BRDA:55,7,0,0
BRDA:55,7,1,0
BRDA:55,8,0,0
BRDA:55,8,1,0
BRDA:57,9,0,0
BRDA:57,9,1,0
BRF:20
BRH:0
end_of_record
TN:
SF:src\components\ui\Card.vue
FN:29,(anonymous_0)
FN:48,render
FNF:2
FNH:0
FNDA:0,(anonymous_0)
FNDA:0,render
DA:32,0
DA:33,0
DA:34,0
DA:38,0
DA:43,0
DA:46,0
DA:47,0
DA:49,0
DA:60,0
LF:9
LH:0
BRDA:50,0,0,0
BRDA:50,0,1,0
BRDA:50,1,0,0
BRDA:50,1,1,0
BRDA:51,2,0,0
BRDA:51,2,1,0
BRDA:56,3,0,0
BRDA:56,3,1,0
BRF:8
BRH:0
end_of_record
TN:
SF:src\components\ui\Checkboxwithinline.vue
FN:24,(anonymous_0)
FN:49,render
FN:55,(anonymous_2)
FNF:3
FNH:0
FNDA:0,(anonymous_0)
FNDA:0,render
FNDA:0,(anonymous_2)
DA:3,0
DA:6,0
DA:7,0
DA:25,0
DA:26,0
DA:27,0
DA:28,0
DA:29,0
DA:32,0
DA:36,0
DA:40,0
DA:41,0
DA:42,0
DA:43,0
DA:44,0
DA:45,0
DA:50,0
DA:55,0
DA:63,0
DA:64,0
LF:20
LH:0
BRDA:55,0,0,0
BRDA:55,0,1,0
BRDA:58,1,0,0
BRDA:58,1,1,0
BRF:4
BRH:0
end_of_record
TN:
SF:src\components\ui\Completealert.vue
FN:4,(anonymous_0)
FN:9,(anonymous_1)
FN:36,render
FNF:3
FNH:0
FNDA:0,(anonymous_0)
FNDA:0,(anonymous_1)
FNDA:0,render
DA:7,0
DA:8,0
DA:10,0
DA:13,0
DA:17,0
DA:22,0
DA:25,0
DA:26,0
DA:27,0
DA:30,0
DA:33,0
DA:37,0
DA:41,0
LF:13
LH:0
BRDA:40,0,0,0
BRDA:40,0,1,0
BRF:2
BRH:0
end_of_record
TN:
SF:src\components\ui\Emptystate.vue
FN:4,(anonymous_0)
FN:9,(anonymous_1)
FN:37,render
FNF:3
FNH:0
FNDA:0,(anonymous_0)
FNDA:0,(anonymous_1)
FNDA:0,render
DA:7,0
DA:8,0
DA:10,0
DA:13,0
DA:17,0
DA:22,0
DA:25,0
DA:26,0
DA:27,0
DA:30,0
DA:33,0
DA:38,0
DA:58,0
LF:13
LH:0
BRDA:38,0,0,0
BRDA:38,0,1,0
BRDA:50,1,0,0
BRDA:50,1,1,0
BRDA:52,2,0,0
BRDA:52,2,1,0
BRDA:57,3,0,0
BRDA:57,3,1,0
BRF:8
BRH:0
end_of_record
TN:
SF:src\components\ui\Emptystatewithpoints.vue
FN:4,(anonymous_0)
FN:41,(anonymous_1)
FN:44,(anonymous_2)
FN:47,(anonymous_3)
FN:50,(anonymous_4)
FN:53,(anonymous_5)
FN:56,(anonymous_6)
FN:91,render
FN:96,(anonymous_8)
FNF:9
FNH:0
FNDA:0,(anonymous_0)
FNDA:0,(anonymous_1)
FNDA:0,(anonymous_2)
FNDA:0,(anonymous_3)
FNDA:0,(anonymous_4)
FNDA:0,(anonymous_5)
FNDA:0,(anonymous_6)
FNDA:0,render
FNDA:0,(anonymous_8)
DA:7,0
DA:8,0
DA:39,0
DA:42,0
DA:45,0
DA:48,0
DA:51,0
DA:54,0
DA:57,0
DA:60,0
DA:64,0
DA:69,0
DA:72,0
DA:73,0
DA:74,0
DA:78,0
DA:81,0
DA:84,0
DA:88,0
DA:92,0
DA:97,0
DA:119,0
LF:22
LH:0
BRDA:92,0,0,0
BRDA:92,0,1,0
BRDA:94,1,0,0
BRDA:94,1,1,0
BRDA:105,2,0,0
BRDA:105,2,1,0
BRDA:108,3,0,0
BRDA:108,3,1,0
BRDA:111,4,0,0
BRDA:111,4,1,0
BRF:10
BRH:0
end_of_record
TN:
SF:src\components\ui\Erroralert.vue
FN:4,(anonymous_0)
FN:9,(anonymous_1)
FN:36,render
FNF:3
FNH:0
FNDA:0,(anonymous_0)
FNDA:0,(anonymous_1)
FNDA:0,render
DA:7,0
DA:8,0
DA:10,0
DA:13,0
DA:17,0
DA:22,0
DA:25,0
DA:26,0
DA:27,0
DA:30,0
DA:33,0
DA:37,0
DA:50,0
LF:13
LH:0
BRDA:40,0,0,0
BRDA:40,0,1,0
BRF:2
BRH:0
end_of_record
TN:
SF:src\components\ui\Inputwithvalidation.vue
FN:4,(anonymous_0)
FN:9,(anonymous_1)
FN:30,render
FNF:3
FNH:0
FNDA:0,(anonymous_0)
FNDA:0,(anonymous_1)
FNDA:0,render
DA:7,0
DA:8,0
DA:10,0
DA:13,0
DA:17,0
DA:22,0
DA:25,0
DA:26,0
DA:27,0
DA:31,0
DA:50,0
LF:11
LH:0
BRDA:31,0,0,0
BRDA:31,0,1,0
BRDA:34,1,0,0
BRDA:34,1,1,0
BRDA:46,2,0,0
BRDA:46,2,1,0
BRF:6
BRH:0
end_of_record
TN:
SF:src\components\ui\Navbar.vue
FN:6,(anonymous_0)
FN:11,(anonymous_1)
FN:14,(anonymous_2)
FN:17,(anonymous_3)
FN:20,(anonymous_4)
FN:23,(anonymous_5)
FN:26,(anonymous_6)
FN:29,(anonymous_7)
FN:32,(anonymous_8)
FN:35,(anonymous_9)
FN:38,(anonymous_10)
FN:41,(anonymous_11)
FN:107,render
FN:113,(anonymous_13)
FN:118,(anonymous_14)
FN:155,(anonymous_15)
FN:171,(anonymous_16)
FN:174,(anonymous_17)
FN:192,(anonymous_18)
FN:195,(anonymous_19)
FN:196,(anonymous_20)
FN:204,(anonymous_21)
FN:212,(anonymous_22)
FN:228,(anonymous_23)
FN:233,(anonymous_24)
FN:240,(anonymous_25)
FN:247,(anonymous_26)
FN:254,(anonymous_27)
FN:280,(anonymous_28)
FN:287,(anonymous_29)
FN:294,(anonymous_30)
FNF:31
FNH:0
FNDA:0,(anonymous_0)
FNDA:0,(anonymous_1)
FNDA:0,(anonymous_2)
FNDA:0,(anonymous_3)
FNDA:0,(anonymous_4)
FNDA:0,(anonymous_5)
FNDA:0,(anonymous_6)
FNDA:0,(anonymous_7)
FNDA:0,(anonymous_8)
FNDA:0,(anonymous_9)
FNDA:0,(anonymous_10)
FNDA:0,(anonymous_11)
FNDA:0,render
FNDA:0,(anonymous_13)
FNDA:0,(anonymous_14)
FNDA:0,(anonymous_15)
FNDA:0,(anonymous_16)
FNDA:0,(anonymous_17)
FNDA:0,(anonymous_18)
FNDA:0,(anonymous_19)
FNDA:0,(anonymous_20)
FNDA:0,(anonymous_21)
FNDA:0,(anonymous_22)
FNDA:0,(anonymous_23)
FNDA:0,(anonymous_24)
FNDA:0,(anonymous_25)
FNDA:0,(anonymous_26)
FNDA:0,(anonymous_27)
FNDA:0,(anonymous_28)
FNDA:0,(anonymous_29)
FNDA:0,(anonymous_30)
DA:9,0
DA:10,0
DA:12,0
DA:15,0
DA:18,0
DA:21,0
DA:24,0
DA:27,0
DA:30,0
DA:33,0
DA:36,0
DA:39,0
DA:42,0
DA:45,0
DA:49,0
DA:54,0
DA:57,0
DA:58,0
DA:59,0
DA:62,0
DA:65,0
DA:68,0
DA:71,0
DA:74,0
DA:77,0
DA:80,0
DA:84,0
DA:87,0
DA:91,0
DA:94,0
DA:97,0
DA:100,0
DA:104,0
DA:108,0
DA:109,0
DA:115,0
DA:118,0
DA:155,0
DA:171,0
DA:174,0
DA:192,0
DA:195,0
DA:198,0
DA:206,0
DA:214,0
DA:228,0
DA:233,0
DA:240,0
DA:247,0
DA:254,0
DA:280,0
DA:287,0
DA:294,0
DA:301,0
LF:54
LH:0
BRDA:118,0,0,0
BRDA:118,0,1,0
BRDA:120,1,0,0
BRDA:120,1,1,0
BRDA:122,2,0,0
BRDA:122,2,1,0
BRDA:132,3,0,0
BRDA:132,3,1,0
BRDA:138,4,0,0
BRDA:138,4,1,0
BRDA:141,5,0,0
BRDA:141,5,1,0
BRDA:144,6,0,0
BRDA:144,6,1,0
BRDA:147,7,0,0
BRDA:147,7,1,0
BRDA:155,8,0,0
BRDA:155,8,1,0
BRDA:160,9,0,0
BRDA:160,9,1,0
BRDA:160,10,0,0
BRDA:160,10,1,0
BRDA:162,11,0,0
BRDA:162,11,1,0
BRDA:174,12,0,0
BRDA:174,12,1,0
BRDA:200,13,0,0
BRDA:200,13,1,0
BRDA:208,14,0,0
BRDA:208,14,1,0
BRDA:216,15,0,0
BRDA:216,15,1,0
BRDA:233,16,0,0
BRDA:233,16,1,0
BRDA:240,17,0,0
BRDA:240,17,1,0
BRDA:247,18,0,0
BRDA:247,18,1,0
BRDA:254,19,0,0
BRDA:254,19,1,0
BRDA:256,20,0,0
BRDA:256,20,1,0
BRDA:262,21,0,0
BRDA:262,21,1,0
BRDA:268,22,0,0
BRDA:268,22,1,0
BRDA:270,23,0,0
BRDA:270,23,1,0
BRDA:280,24,0,0
BRDA:280,24,1,0
BRDA:287,25,0,0
BRDA:287,25,1,0
BRDA:294,26,0,0
BRDA:294,26,1,0
BRF:54
BRH:0
end_of_record
TN:
SF:src\components\ui\Notifications.vue
FN:6,(anonymous_0)
FN:14,(anonymous_1)
FN:17,(anonymous_2)
FN:58,render
FN:67,(anonymous_4)
FN:78,(anonymous_5)
FNF:6
FNH:0
FNDA:0,(anonymous_0)
FNDA:0,(anonymous_1)
FNDA:0,(anonymous_2)
FNDA:0,render
FNDA:0,(anonymous_4)
FNDA:0,(anonymous_5)
DA:9,0
DA:10,0
DA:11,0
DA:15,0
DA:18,0
DA:21,0
DA:25,0
DA:30,0
DA:33,0
DA:34,0
DA:35,0
DA:39,0
DA:42,0
DA:46,0
DA:49,0
DA:52,0
DA:55,0
DA:59,0
DA:67,0
DA:78,0
DA:88,0
LF:21
LH:0
BRDA:67,0,0,0
BRDA:67,0,1,0
BRDA:70,1,0,0
BRDA:70,1,1,0
BRDA:78,2,0,0
BRDA:78,2,1,0
BRDA:80,3,0,0
BRDA:80,3,1,0
BRF:8
BRH:0
end_of_record
TN:
SF:src\components\ui\Progressbar.vue
FN:3,(anonymous_0)
FN:68,render
FN:69,(anonymous_2)
FNF:3
FNH:0
FNDA:0,(anonymous_0)
FNDA:0,render
FNDA:0,(anonymous_2)
DA:6,0
DA:7,0
DA:23,0
DA:26,0
DA:30,0
DA:35,0
DA:38,0
DA:39,0
DA:40,0
DA:43,0
DA:47,0
DA:48,0
DA:51,0
DA:54,0
DA:55,0
DA:58,0
DA:61,0
DA:62,0
DA:65,0
DA:69,0
DA:70,0
DA:88,0
LF:22
LH:0
BRDA:73,0,0,0
BRDA:73,0,1,0
BRDA:77,1,0,0
BRDA:77,1,1,0
BRF:4
BRH:0
end_of_record
TN:
SF:src\components\ui\Table.vue
FN:21,(anonymous_0)
FN:49,render
FNF:2
FNH:0
FNDA:0,(anonymous_0)
FNDA:0,render
DA:24,0
DA:25,0
DA:26,0
DA:30,0
DA:35,0
DA:38,0
DA:39,0
DA:40,0
DA:43,0
DA:46,0
DA:50,0
DA:61,0
LF:12
LH:0
BRDA:52,0,0,0
BRDA:52,0,1,0
BRDA:57,1,0,0
BRDA:57,1,1,0
BRF:4
BRH:0
end_of_record
TN:
SF:src\components\ui\Textarea.vue
FN:6,(anonymous_0)
FN:49,(anonymous_1)
FN:52,(anonymous_2)
FN:55,(anonymous_3)
FN:58,(anonymous_4)
FN:61,(anonymous_5)
FN:64,(anonymous_6)
FN:67,(anonymous_7)
FN:70,(anonymous_8)
FN:73,(anonymous_9)
FN:140,render
FN:144,(anonymous_11)
FN:147,(anonymous_12)
FN:150,(anonymous_13)
FN:155,(anonymous_14)
FN:173,(anonymous_15)
FN:176,(anonymous_16)
FN:176,(anonymous_17)
FN:182,(anonymous_18)
FN:207,(anonymous_19)
FN:210,(anonymous_20)
FN:213,(anonymous_21)
FN:218,(anonymous_22)
FN:230,(anonymous_23)
FN:233,(anonymous_24)
FN:233,(anonymous_25)
FN:239,(anonymous_26)
FN:255,(anonymous_27)
FN:258,(anonymous_28)
FN:261,(anonymous_29)
FN:266,(anonymous_30)
FN:278,(anonymous_31)
FN:281,(anonymous_32)
FN:281,(anonymous_33)
FN:287,(anonymous_34)
FNF:35
FNH:0
FNDA:0,(anonymous_0)
FNDA:0,(anonymous_1)
FNDA:0,(anonymous_2)
FNDA:0,(anonymous_3)
FNDA:0,(anonymous_4)
FNDA:0,(anonymous_5)
FNDA:0,(anonymous_6)
FNDA:0,(anonymous_7)
FNDA:0,(anonymous_8)
FNDA:0,(anonymous_9)
FNDA:0,render
FNDA:0,(anonymous_11)
FNDA:0,(anonymous_12)
FNDA:0,(anonymous_13)
FNDA:0,(anonymous_14)
FNDA:0,(anonymous_15)
FNDA:0,(anonymous_16)
FNDA:0,(anonymous_17)
FNDA:0,(anonymous_18)
FNDA:0,(anonymous_19)
FNDA:0,(anonymous_20)
FNDA:0,(anonymous_21)
FNDA:0,(anonymous_22)
FNDA:0,(anonymous_23)
FNDA:0,(anonymous_24)
FNDA:0,(anonymous_25)
FNDA:0,(anonymous_26)
FNDA:0,(anonymous_27)
FNDA:0,(anonymous_28)
FNDA:0,(anonymous_29)
FNDA:0,(anonymous_30)
FNDA:0,(anonymous_31)
FNDA:0,(anonymous_32)
FNDA:0,(anonymous_33)
FNDA:0,(anonymous_34)
DA:9,0
DA:10,0
DA:20,0
DA:29,0
DA:38,0
DA:39,0
DA:40,0
DA:41,0
DA:50,0
DA:53,0
DA:56,0
DA:59,0
DA:62,0
DA:65,0
DA:68,0
DA:71,0
DA:74,0
DA:77,0
DA:81,0
DA:86,0
DA:89,0
DA:90,0
DA:91,0
DA:95,0
DA:98,0
DA:101,0
DA:104,0
DA:105,0
DA:108,0
DA:109,0
DA:112,0
DA:115,0
DA:118,0
DA:121,0
DA:124,0
DA:127,0
DA:130,0
DA:133,0
DA:136,0
DA:141,0
DA:144,0
DA:147,0
DA:150,0
DA:155,0
DA:173,0
DA:176,0
DA:177,0
DA:184,0
DA:207,0
DA:210,0
DA:213,0
DA:218,0
DA:230,0
DA:233,0
DA:234,0
DA:241,0
DA:255,0
DA:258,0
DA:261,0
DA:266,0
DA:278,0
DA:281,0
DA:282,0
DA:289,0
DA:311,0
LF:65
LH:0
BRDA:141,0,0,0
BRDA:141,0,1,0
BRDA:144,1,0,0
BRDA:144,1,1,0
BRDA:150,2,0,0
BRDA:150,2,1,0
BRDA:155,3,0,0
BRDA:155,3,1,0
BRDA:165,4,0,0
BRDA:165,4,1,0
BRDA:166,5,0,0
BRDA:166,5,1,0
BRDA:185,6,0,0
BRDA:185,6,1,0
BRDA:186,7,0,0
BRDA:186,7,1,0
BRDA:207,8,0,0
BRDA:207,8,1,0
BRDA:213,9,0,0
BRDA:213,9,1,0
BRDA:219,10,0,0
BRDA:219,10,1,0
BRDA:222,11,0,0
BRDA:222,11,1,0
BRDA:223,12,0,0
BRDA:223,12,1,0
BRDA:242,13,0,0
BRDA:242,13,1,0
BRDA:255,14,0,0
BRDA:255,14,1,0
BRDA:261,15,0,0
BRDA:261,15,1,0
BRDA:267,16,0,0
BRDA:267,16,1,0
BRDA:270,17,0,0
BRDA:270,17,1,0
BRDA:271,18,0,0
BRDA:271,18,1,0
BRDA:290,19,0,0
BRDA:290,19,1,0
BRDA:303,20,0,0
BRDA:303,20,1,0
BRDA:305,21,0,0
BRDA:305,21,1,0
BRF:44
BRH:0
end_of_record
TN:
SF:src\components\ui\TwoColumnForm.vue
FN:5,(anonymous_0)
FN:10,(anonymous_1)
FN:13,(anonymous_2)
FN:16,(anonymous_3)
FN:82,render
FNF:5
FNH:0
FNDA:0,(anonymous_0)
FNDA:0,(anonymous_1)
FNDA:0,(anonymous_2)
FNDA:0,(anonymous_3)
FNDA:0,render
DA:8,0
DA:9,0
DA:11,0
DA:14,0
DA:17,0
DA:20,0
DA:24,0
DA:29,0
DA:32,0
DA:33,0
DA:34,0
DA:37,0
DA:40,0
DA:43,0
DA:46,0
DA:49,0
DA:52,0
DA:55,0
DA:58,0
DA:61,0
DA:64,0
DA:67,0
DA:70,0
DA:73,0
DA:76,0
DA:79,0
DA:83,0
DA:138,0
LF:28
LH:0
BRDA:83,0,0,0
BRDA:83,0,1,0
BRDA:89,1,0,0
BRDA:89,1,1,0
BRDA:89,2,0,0
BRDA:89,2,1,0
BRDA:95,3,0,0
BRDA:95,3,1,0
BRDA:98,4,0,0
BRDA:98,4,1,0
BRDA:104,5,0,0
BRDA:104,5,1,0
BRDA:104,6,0,0
BRDA:104,6,1,0
BRDA:112,7,0,0
BRDA:112,7,1,0
BRDA:118,8,0,0
BRDA:118,8,1,0
BRDA:118,9,0,0
BRDA:118,9,1,0
BRDA:121,10,0,0
BRDA:121,10,1,0
BRDA:129,11,0,0
BRDA:129,11,1,0
BRDA:129,12,0,0
BRDA:129,12,1,0
BRDA:137,13,0,0
BRDA:137,13,1,0
BRF:28
BRH:0
end_of_record
TN:
SF:src\components\ui\index.ts
FN:1,(anonymous_1)
FN:2,(anonymous_2)
FN:3,(anonymous_3)
FN:4,(anonymous_4)
FN:5,(anonymous_5)
FN:6,(anonymous_6)
FN:7,(anonymous_7)
FN:8,(anonymous_8)
FN:9,(anonymous_9)
FN:10,(anonymous_10)
FN:11,(anonymous_11)
FN:12,(anonymous_12)
FN:13,(anonymous_13)
FN:14,(anonymous_14)
FN:15,(anonymous_15)
FN:16,(anonymous_16)
FNF:16
FNH:0
FNDA:0,(anonymous_1)
FNDA:0,(anonymous_2)
FNDA:0,(anonymous_3)
FNDA:0,(anonymous_4)
FNDA:0,(anonymous_5)
FNDA:0,(anonymous_6)
FNDA:0,(anonymous_7)
FNDA:0,(anonymous_8)
FNDA:0,(anonymous_9)
FNDA:0,(anonymous_10)
FNDA:0,(anonymous_11)
FNDA:0,(anonymous_12)
FNDA:0,(anonymous_13)
FNDA:0,(anonymous_14)
FNDA:0,(anonymous_15)
FNDA:0,(anonymous_16)
DA:1,0
DA:2,0
DA:3,0
DA:4,0
DA:5,0
DA:6,0
DA:7,0
DA:8,0
DA:9,0
DA:10,0
DA:11,0
DA:12,0
DA:13,0
DA:14,0
DA:15,0
DA:16,0
LF:16
LH:0
BRF:0
BRH:0
end_of_record
TN:
SF:src\composables\useAuditLog.ts
FN:12,useAuditLog
FN:15,(anonymous_1)
FNF:2
FNH:0
FNDA:0,useAuditLog
FNDA:0,(anonymous_1)
DA:1,0
DA:12,0
DA:13,0
DA:15,0
DA:16,0
DA:23,0
DA:24,0
DA:25,0
DA:29,0
LF:9
LH:0
BRDA:23,0,0,0
BRF:1
BRH:0
end_of_record
TN:
SF:src\composables\useCommission.ts
FN:42,useCommission
FN:50,(anonymous_1)
FN:82,(anonymous_2)
FN:116,(anonymous_3)
FN:126,(anonymous_4)
FN:148,(anonymous_5)
FN:169,(anonymous_6)
FN:196,(anonymous_7)
FNF:8
FNH:0
FNDA:0,useCommission
FNDA:0,(anonymous_1)
FNDA:0,(anonymous_2)
FNDA:0,(anonymous_3)
FNDA:0,(anonymous_4)
FNDA:0,(anonymous_5)
FNDA:0,(anonymous_6)
FNDA:0,(anonymous_7)
DA:1,0
DA:3,0
DA:42,0
DA:43,0
DA:44,0
DA:45,0
DA:50,0
DA:51,0
DA:52,0
DA:54,0
DA:55,0
DA:69,0
DA:70,0
DA:72,0
DA:73,0
DA:75,0
DA:82,0
DA:83,0
DA:84,0
DA:86,0
DA:87,0
DA:103,0
DA:104,0
DA:106,0
DA:107,0
DA:109,0
DA:116,0
DA:117,0
DA:118,0
DA:124,0
DA:126,0
DA:140,0
DA:141,0
DA:148,0
DA:154,0
DA:155,0
DA:156,0
DA:158,0
DA:169,0
DA:170,0
DA:171,0
DA:173,0
DA:174,0
DA:183,0
DA:184,0
DA:186,0
DA:187,0
DA:189,0
DA:196,0
DA:197,0
DA:198,0
DA:204,0
DA:206,0
DA:222,0
DA:223,0
DA:225,0
DA:226,0
DA:228,0
DA:232,0
LF:59
LH:0
BRDA:59,0,0,0
BRDA:59,0,1,0
BRDA:60,1,0,0
BRDA:60,1,1,0
BRDA:62,2,0,0
BRDA:62,2,1,0
BRDA:63,3,0,0
BRDA:63,3,1,0
BRDA:69,4,0,0
BRDA:91,5,0,0
BRDA:91,5,1,0
BRDA:92,6,0,0
BRDA:92,6,1,0
BRDA:94,7,0,0
BRDA:94,7,1,0
BRDA:95,8,0,0
BRDA:95,8,1,0
BRDA:103,9,0,0
BRDA:124,10,0,0
BRDA:126,11,0,0
BRDA:126,11,1,0
BRDA:155,12,0,0
BRDA:155,12,1,0
BRDA:156,13,0,0
BRDA:156,13,1,0
BRDA:183,14,0,0
BRDA:204,15,0,0
BRDA:210,16,0,0
BRDA:210,16,1,0
BRDA:211,17,0,0
BRDA:211,17,1,0
BRDA:213,18,0,0
BRDA:213,18,1,0
BRDA:214,19,0,0
BRDA:214,19,1,0
BRDA:222,20,0,0
BRF:36
BRH:0
end_of_record
TN:
SF:src\lib\index.ts
FNF:0
FNH:0
DA:1,0
LF:1
LH:0
BRF:0
BRH:0
end_of_record
TN:
SF:src\services\auth.service.ts
FN:5,(anonymous_0)
FN:20,(anonymous_1)
FN:25,(anonymous_2)
FN:30,(anonymous_3)
FN:31,(anonymous_4)
FN:36,(anonymous_5)
FN:45,(anonymous_6)
FNF:7
FNH:0
FNDA:0,(anonymous_0)
FNDA:0,(anonymous_1)
FNDA:0,(anonymous_2)
FNDA:0,(anonymous_3)
FNDA:0,(anonymous_4)
FNDA:0,(anonymous_5)
FNDA:0,(anonymous_6)
DA:1,0
DA:4,0
DA:6,0
DA:7,0
DA:12,0
DA:14,0
DA:16,0
DA:21,0
DA:22,0
DA:26,0
DA:27,0
DA:31,0
DA:32,0
DA:37,0
DA:38,0
DA:39,0
DA:41,0
DA:46,0
DA:47,0
DA:48,0
DA:50,0
LF:21
LH:0
BRDA:12,0,0,0
BRDA:22,1,0,0
BRDA:32,2,0,0
BRDA:32,2,1,0
BRF:4
BRH:0
end_of_record
TN:
SF:src\services\chartDataService.ts
FN:16,(anonymous_0)
FN:27,(anonymous_1)
FN:44,(anonymous_2)
FN:57,(anonymous_3)
FN:79,(anonymous_4)
FN:93,(anonymous_5)
FNF:6
FNH:0
FNDA:0,(anonymous_0)
FNDA:0,(anonymous_1)
FNDA:0,(anonymous_2)
FNDA:0,(anonymous_3)
FNDA:0,(anonymous_4)
FNDA:0,(anonymous_5)
DA:1,0
DA:15,0
DA:17,0
DA:22,0
DA:24,0
DA:25,0
DA:27,0
DA:28,0
DA:29,0
DA:32,0
DA:45,0
DA:52,0
DA:54,0
DA:55,0
DA:57,0
DA:58,0
DA:59,0
DA:62,0
DA:80,0
DA:88,0
DA:90,0
DA:91,0
DA:93,0
DA:94,0
DA:95,0
DA:98,0
LF:26
LH:0
BRDA:22,0,0,0
BRDA:29,1,0,0
BRDA:29,1,1,0
BRDA:52,2,0,0
BRDA:58,3,0,0
BRDA:58,3,1,0
BRDA:59,4,0,0
BRDA:59,4,1,0
BRDA:88,5,0,0
BRDA:94,6,0,0
BRDA:94,6,1,0
BRDA:95,7,0,0
BRDA:95,7,1,0
BRF:13
BRH:0
end_of_record
TN:
SF:src\services\index.ts
FN:2,(anonymous_0)
FN:3,(anonymous_1)
FN:4,(anonymous_2)
FNF:3
FNH:0
FNDA:0,(anonymous_0)
FNDA:0,(anonymous_1)
FNDA:0,(anonymous_2)
DA:2,0
DA:3,0
DA:4,0
LF:3
LH:0
BRF:0
BRH:0
end_of_record
TN:
SF:src\services\orderService.ts
FN:5,(anonymous_0)
FN:13,(anonymous_1)
FN:20,(anonymous_2)
FN:29,(anonymous_3)
FN:36,(anonymous_4)
FN:76,(anonymous_5)
FN:79,(anonymous_6)
FN:94,(anonymous_7)
FN:108,(anonymous_8)
FN:126,(anonymous_9)
FN:137,(anonymous_10)
FNF:11
FNH:0
FNDA:0,(anonymous_0)
FNDA:0,(anonymous_1)
FNDA:0,(anonymous_2)
FNDA:0,(anonymous_3)
FNDA:0,(anonymous_4)
FNDA:0,(anonymous_5)
FNDA:0,(anonymous_6)
FNDA:0,(anonymous_7)
FNDA:0,(anonymous_8)
FNDA:0,(anonymous_9)
FNDA:0,(anonymous_10)
DA:1,0
DA:4,0
DA:6,0
DA:7,0
DA:8,0
DA:10,0
DA:14,0
DA:15,0
DA:17,0
DA:21,0
DA:22,0
DA:23,0
DA:25,0
DA:26,0
DA:30,0
DA:31,0
DA:33,0
DA:41,0
DA:47,0
DA:48,0
DA:51,0
DA:62,0
DA:63,0
DA:64,0
DA:65,0
DA:67,0
DA:77,0
DA:79,0
DA:80,0
DA:81,0
DA:85,0
DA:87,0
DA:88,0
DA:91,0
DA:95,0
DA:101,0
DA:102,0
DA:105,0
DA:112,0
DA:119,0
DA:120,0
DA:123,0
DA:127,0
DA:132,0
DA:133,0
DA:138,0
DA:139,0
DA:150,0
DA:151,0
DA:153,0
DA:154,0
LF:51
LH:0
BRDA:7,0,0,0
BRDA:7,1,0,0
BRDA:7,1,1,0
BRDA:14,2,0,0
BRDA:22,3,0,0
BRDA:30,4,0,0
BRDA:47,5,0,0
BRDA:47,6,0,0
BRDA:47,6,1,0
BRDA:76,7,0,0
BRDA:80,8,0,0
BRDA:87,9,0,0
BRDA:91,10,0,0
BRDA:91,10,1,0
BRDA:101,11,0,0
BRDA:101,12,0,0
BRDA:101,12,1,0
BRDA:119,13,0,0
BRDA:119,14,0,0
BRDA:119,14,1,0
BRDA:132,15,0,0
BRDA:150,16,0,0
BRF:22
BRH:0
end_of_record
TN:
SF:src\types\index.ts
FNF:0
FNH:0
DA:56,0
LF:1
LH:0
BRF:0
BRH:0
end_of_record
TN:
SF:src\utils\formatters.ts
FN:1,(anonymous_0)
FN:8,(anonymous_1)
FNF:2
FNH:0
FNDA:0,(anonymous_0)
FNDA:0,(anonymous_1)
DA:1,0
DA:2,0
DA:8,0
DA:9,0
LF:4
LH:0
BRF:0
BRH:0
end_of_record
TN:
SF:src\views\Analytics.vue
FN:3,(anonymous_0)
FN:4,adopt
FN:5,(anonymous_2)
FN:9,(anonymous_3)
FN:10,fulfilled
FN:17,rejected
FN:24,step
FN:30,(anonymous_7)
FN:33,(anonymous_8)
FN:48,(anonymous_9)
FN:51,verb
FN:52,(anonymous_11)
FN:56,step
FN:127,(anonymous_13)
FN:137,(anonymous_14)
FN:139,(anonymous_15)
FN:144,(anonymous_16)
FN:153,(anonymous_17)
FN:154,(anonymous_18)
FN:156,(anonymous_19)
FN:164,(anonymous_20)
FN:170,(anonymous_21)
FN:176,(anonymous_22)
FN:194,(anonymous_23)
FN:195,(anonymous_24)
FN:197,(anonymous_25)
FN:222,(anonymous_26)
FN:262,render
FN:270,(anonymous_28)
FN:279,(anonymous_29)
FN:286,(anonymous_30)
FN:294,(anonymous_31)
FN:298,(anonymous_32)
FN:307,(anonymous_33)
FN:316,(anonymous_34)
FN:325,(anonymous_35)
FN:336,(anonymous_36)
FN:339,(anonymous_37)
FN:351,(anonymous_38)
FN:354,(anonymous_39)
FN:366,(anonymous_40)
FN:369,(anonymous_41)
FN:376,(anonymous_42)
FN:382,(anonymous_43)
FN:394,(anonymous_44)
FN:397,(anonymous_45)
FN:404,(anonymous_46)
FNF:47
FNH:0
FNDA:0,(anonymous_0)
FNDA:0,adopt
FNDA:0,(anonymous_2)
FNDA:0,(anonymous_3)
FNDA:0,fulfilled
FNDA:0,rejected
FNDA:0,step
FNDA:0,(anonymous_7)
FNDA:0,(anonymous_8)
FNDA:0,(anonymous_9)
FNDA:0,verb
FNDA:0,(anonymous_11)
FNDA:0,step
FNDA:0,(anonymous_13)
FNDA:0,(anonymous_14)
FNDA:0,(anonymous_15)
FNDA:0,(anonymous_16)
FNDA:0,(anonymous_17)
FNDA:0,(anonymous_18)
FNDA:0,(anonymous_19)
FNDA:0,(anonymous_20)
FNDA:0,(anonymous_21)
FNDA:0,(anonymous_22)
FNDA:0,(anonymous_23)
FNDA:0,(anonymous_24)
FNDA:0,(anonymous_25)
FNDA:0,(anonymous_26)
FNDA:0,render
FNDA:0,(anonymous_28)
FNDA:0,(anonymous_29)
FNDA:0,(anonymous_30)
FNDA:0,(anonymous_31)
FNDA:0,(anonymous_32)
FNDA:0,(anonymous_33)
FNDA:0,(anonymous_34)
FNDA:0,(anonymous_35)
FNDA:0,(anonymous_36)
FNDA:0,(anonymous_37)
FNDA:0,(anonymous_38)
FNDA:0,(anonymous_39)
FNDA:0,(anonymous_40)
FNDA:0,(anonymous_41)
FNDA:0,(anonymous_42)
FNDA:0,(anonymous_43)
FNDA:0,(anonymous_44)
FNDA:0,(anonymous_45)
FNDA:0,(anonymous_46)
DA:3,0
DA:5,0
DA:6,0
DA:9,0
DA:11,0
DA:12,0
DA:14,0
DA:18,0
DA:19,0
DA:21,0
DA:25,0
DA:27,0
DA:30,0
DA:31,0
DA:34,0
DA:35,0
DA:44,0
DA:49,0
DA:52,0
DA:53,0
DA:57,0
DA:58,0
DA:59,0
DA:60,0
DA:61,0
DA:64,0
DA:65,0
DA:67,0
DA:68,0
DA:73,0
DA:74,0
DA:75,0
DA:76,0
DA:78,0
DA:79,0
DA:80,0
DA:82,0
DA:83,0
DA:84,0
DA:86,0
DA:87,0
DA:88,0
DA:90,0
DA:91,0
DA:92,0
DA:93,0
DA:95,0
DA:96,0
DA:97,0
DA:98,0
DA:100,0
DA:101,0
DA:102,0
DA:104,0
DA:106,0
DA:107,0
DA:109,0
DA:111,0
DA:112,0
DA:118,0
DA:121,0
DA:122,0
DA:123,0
DA:124,0
DA:125,0
DA:128,0
DA:129,0
DA:130,0
DA:131,0
DA:136,0
DA:137,0
DA:138,0
DA:140,0
DA:145,0
DA:153,0
DA:154,0
DA:156,0
DA:157,0
DA:159,0
DA:160,0
DA:162,0
DA:163,0
DA:165,0
DA:171,0
DA:177,0
DA:183,0
DA:185,0
DA:186,0
DA:187,0
DA:189,0
DA:194,0
DA:195,0
DA:197,0
DA:198,0
DA:199,0
DA:204,0
DA:207,0
DA:208,0
DA:209,0
DA:210,0
DA:211,0
DA:212,0
DA:213,0
DA:214,0
DA:216,0
DA:218,0
DA:222,0
DA:223,0
DA:228,0
DA:229,0
DA:237,0
DA:241,0
DA:245,0
DA:246,0
DA:247,0
DA:248,0
DA:249,0
DA:250,0
DA:251,0
DA:252,0
DA:253,0
DA:254,0
DA:255,0
DA:256,0
DA:257,0
DA:258,0
DA:259,0
DA:260,0
DA:261,0
DA:263,0
DA:264,0
DA:265,0
DA:266,0
DA:267,0
DA:268,0
DA:270,0
DA:279,0
DA:286,0
DA:294,0
DA:298,0
DA:307,0
DA:316,0
DA:325,0
DA:336,0
DA:339,0
DA:351,0
DA:354,0
DA:366,0
DA:369,0
DA:377,0
DA:378,0
DA:383,0
DA:384,0
DA:394,0
DA:397,0
DA:405,0
DA:406,0
DA:420,0
DA:421,0
LF:159
LH:0
BRDA:3,0,0,0
BRDA:3,0,1,0
BRDA:3,0,2,0
BRDA:5,1,0,0
BRDA:5,1,1,0
BRDA:9,2,0,0
BRDA:9,2,1,0
BRDA:25,3,0,0
BRDA:25,3,1,0
BRDA:27,4,0,0
BRDA:27,4,1,0
BRDA:30,5,0,0
BRDA:30,5,1,0
BRDA:30,5,2,0
BRDA:34,6,0,0
BRDA:34,6,1,0
BRDA:48,7,0,0
BRDA:48,7,1,0
BRDA:57,8,0,0
BRDA:57,8,1,0
BRDA:58,9,0,0
BRDA:58,9,1,0
BRDA:58,10,0,0
BRDA:58,10,1,0
BRDA:59,11,0,0
BRDA:59,11,1,0
BRDA:59,12,0,0
BRDA:59,12,1,0
BRDA:59,12,2,0
BRDA:59,13,0,0
BRDA:59,13,1,0
BRDA:59,14,0,0
BRDA:59,14,1,0
BRDA:59,15,0,0
BRDA:59,15,1,0
BRDA:59,16,0,0
BRDA:59,16,1,0
BRDA:60,17,0,0
BRDA:60,17,1,0
BRDA:61,18,0,0
BRDA:61,18,1,0
BRDA:61,18,2,0
BRDA:61,18,3,0
BRDA:61,18,4,0
BRDA:61,18,5,0
BRDA:82,19,0,0
BRDA:82,19,1,0
BRDA:82,20,0,0
BRDA:82,20,1,0
BRDA:82,20,2,0
BRDA:82,21,0,0
BRDA:82,21,1,0
BRDA:86,22,0,0
BRDA:86,22,1,0
BRDA:86,23,0,0
BRDA:86,23,1,0
BRDA:86,23,2,0
BRDA:86,23,3,0
BRDA:90,24,0,0
BRDA:90,24,1,0
BRDA:90,25,0,0
BRDA:90,25,1,0
BRDA:95,26,0,0
BRDA:95,26,1,0
BRDA:95,27,0,0
BRDA:95,27,1,0
BRDA:100,28,0,0
BRDA:100,28,1,0
BRDA:111,29,0,0
BRDA:111,29,1,0
BRDA:113,30,0,0
BRDA:113,30,1,0
BRDA:157,31,0,0
BRDA:157,31,1,0
BRDA:157,31,2,0
BRDA:157,31,3,0
BRDA:272,32,0,0
BRDA:272,32,1,0
BRDA:279,33,0,0
BRDA:279,33,1,0
BRDA:286,34,0,0
BRDA:286,34,1,0
BRDA:299,35,0,0
BRDA:299,35,1,0
BRDA:308,36,0,0
BRDA:308,36,1,0
BRDA:317,37,0,0
BRDA:317,37,1,0
BRDA:326,38,0,0
BRDA:326,38,1,0
BRDA:336,39,0,0
BRDA:336,39,1,0
BRDA:351,40,0,0
BRDA:351,40,1,0
BRDA:366,41,0,0
BRDA:366,41,1,0
BRDA:394,42,0,0
BRDA:394,42,1,0
BRF:98
BRH:0
end_of_record
TN:
SF:src\views\CommissionStructureManagement.vue
FN:3,(anonymous_0)
FN:4,(anonymous_1)
FN:13,(anonymous_2)
FN:14,adopt
FN:15,(anonymous_4)
FN:19,(anonymous_5)
FN:20,fulfilled
FN:27,rejected
FN:34,step
FN:40,(anonymous_9)
FN:43,(anonymous_10)
FN:58,(anonymous_11)
FN:61,verb
FN:62,(anonymous_13)
FN:66,step
FN:128,(anonymous_15)
FN:148,(anonymous_16)
FN:178,(anonymous_17)
FN:179,(anonymous_18)
FN:181,(anonymous_19)
FN:212,(anonymous_20)
FN:213,(anonymous_21)
FN:215,(anonymous_22)
FN:223,(anonymous_23)
FN:246,(anonymous_24)
FN:247,(anonymous_25)
FN:249,(anonymous_26)
FN:277,(anonymous_27)
FN:280,(anonymous_28)
FN:284,(anonymous_29)
FN:289,(anonymous_30)
FN:298,(anonymous_31)
FN:299,(anonymous_32)
FN:300,(anonymous_33)
FN:335,(anonymous_34)
FN:336,(anonymous_35)
FN:338,(anonymous_36)
FN:348,(anonymous_37)
FN:371,(anonymous_38)
FN:372,(anonymous_39)
FN:375,(anonymous_40)
FN:451,(anonymous_41)
FN:452,(anonymous_42)
FN:453,(anonymous_43)
FN:489,(anonymous_44)
FN:492,(anonymous_45)
FN:495,(anonymous_46)
FN:498,(anonymous_47)
FN:501,(anonymous_48)
FN:504,(anonymous_49)
FN:546,render
FN:553,(anonymous_51)
FN:568,(anonymous_52)
FN:574,(anonymous_53)
FN:588,(anonymous_54)
FN:602,(anonymous_55)
FN:616,(anonymous_56)
FN:630,(anonymous_57)
FN:643,(anonymous_58)
FN:656,(anonymous_59)
FN:669,(anonymous_60)
FN:676,(anonymous_61)
FN:682,(anonymous_62)
FN:696,(anonymous_63)
FN:701,(anonymous_64)
FN:706,(anonymous_65)
FN:719,(anonymous_66)
FN:725,(anonymous_67)
FN:738,(anonymous_68)
FN:751,(anonymous_69)
FN:763,(anonymous_70)
FN:775,(anonymous_71)
FN:787,(anonymous_72)
FN:798,(anonymous_73)
FN:815,(anonymous_74)
FN:821,(anonymous_75)
FN:829,(anonymous_76)
FN:835,(anonymous_77)
FN:848,(anonymous_78)
FN:857,(anonymous_79)
FN:870,(anonymous_80)
FN:886,(anonymous_81)
FNF:82
FNH:0
FNDA:0,(anonymous_0)
FNDA:0,(anonymous_1)
FNDA:0,(anonymous_2)
FNDA:0,adopt
FNDA:0,(anonymous_4)
FNDA:0,(anonymous_5)
FNDA:0,fulfilled
FNDA:0,rejected
FNDA:0,step
FNDA:0,(anonymous_9)
FNDA:0,(anonymous_10)
FNDA:0,(anonymous_11)
FNDA:0,verb
FNDA:0,(anonymous_13)
FNDA:0,step
FNDA:0,(anonymous_15)
FNDA:0,(anonymous_16)
FNDA:0,(anonymous_17)
FNDA:0,(anonymous_18)
FNDA:0,(anonymous_19)
FNDA:0,(anonymous_20)
FNDA:0,(anonymous_21)
FNDA:0,(anonymous_22)
FNDA:0,(anonymous_23)
FNDA:0,(anonymous_24)
FNDA:0,(anonymous_25)
FNDA:0,(anonymous_26)
FNDA:0,(anonymous_27)
FNDA:0,(anonymous_28)
FNDA:0,(anonymous_29)
FNDA:0,(anonymous_30)
FNDA:0,(anonymous_31)
FNDA:0,(anonymous_32)
FNDA:0,(anonymous_33)
FNDA:0,(anonymous_34)
FNDA:0,(anonymous_35)
FNDA:0,(anonymous_36)
FNDA:0,(anonymous_37)
FNDA:0,(anonymous_38)
FNDA:0,(anonymous_39)
FNDA:0,(anonymous_40)
FNDA:0,(anonymous_41)
FNDA:0,(anonymous_42)
FNDA:0,(anonymous_43)
FNDA:0,(anonymous_44)
FNDA:0,(anonymous_45)
FNDA:0,(anonymous_46)
FNDA:0,(anonymous_47)
FNDA:0,(anonymous_48)
FNDA:0,(anonymous_49)
FNDA:0,render
FNDA:0,(anonymous_51)
FNDA:0,(anonymous_52)
FNDA:0,(anonymous_53)
FNDA:0,(anonymous_54)
FNDA:0,(anonymous_55)
FNDA:0,(anonymous_56)
FNDA:0,(anonymous_57)
FNDA:0,(anonymous_58)
FNDA:0,(anonymous_59)
FNDA:0,(anonymous_60)
FNDA:0,(anonymous_61)
FNDA:0,(anonymous_62)
FNDA:0,(anonymous_63)
FNDA:0,(anonymous_64)
FNDA:0,(anonymous_65)
FNDA:0,(anonymous_66)
FNDA:0,(anonymous_67)
FNDA:0,(anonymous_68)
FNDA:0,(anonymous_69)
FNDA:0,(anonymous_70)
FNDA:0,(anonymous_71)
FNDA:0,(anonymous_72)
FNDA:0,(anonymous_73)
FNDA:0,(anonymous_74)
FNDA:0,(anonymous_75)
FNDA:0,(anonymous_76)
FNDA:0,(anonymous_77)
FNDA:0,(anonymous_78)
FNDA:0,(anonymous_79)
FNDA:0,(anonymous_80)
FNDA:0,(anonymous_81)
DA:3,0
DA:4,0
DA:5,0
DA:6,0
DA:7,0
DA:9,0
DA:11,0
DA:13,0
DA:15,0
DA:16,0
DA:19,0
DA:21,0
DA:22,0
DA:24,0
DA:28,0
DA:29,0
DA:31,0
DA:35,0
DA:37,0
DA:40,0
DA:41,0
DA:44,0
DA:45,0
DA:54,0
DA:59,0
DA:62,0
DA:63,0
DA:67,0
DA:68,0
DA:69,0
DA:70,0
DA:71,0
DA:74,0
DA:75,0
DA:77,0
DA:78,0
DA:83,0
DA:84,0
DA:85,0
DA:86,0
DA:88,0
DA:89,0
DA:90,0
DA:92,0
DA:93,0
DA:94,0
DA:96,0
DA:97,0
DA:98,0
DA:100,0
DA:101,0
DA:102,0
DA:103,0
DA:105,0
DA:106,0
DA:107,0
DA:108,0
DA:110,0
DA:111,0
DA:112,0
DA:114,0
DA:116,0
DA:117,0
DA:119,0
DA:121,0
DA:122,0
DA:128,0
DA:129,0
DA:133,0
DA:136,0
DA:137,0
DA:138,0
DA:139,0
DA:140,0
DA:141,0
DA:142,0
DA:143,0
DA:144,0
DA:145,0
DA:146,0
DA:149,0
DA:150,0
DA:151,0
DA:152,0
DA:153,0
DA:155,0
DA:156,0
DA:157,0
DA:158,0
DA:159,0
DA:161,0
DA:162,0
DA:172,0
DA:173,0
DA:174,0
DA:175,0
DA:176,0
DA:178,0
DA:179,0
DA:181,0
DA:182,0
DA:184,0
DA:185,0
DA:187,0
DA:188,0
DA:190,0
DA:191,0
DA:192,0
DA:193,0
DA:195,0
DA:196,0
DA:197,0
DA:202,0
DA:204,0
DA:205,0
DA:207,0
DA:212,0
DA:213,0
DA:215,0
DA:216,0
DA:218,0
DA:219,0
DA:221,0
DA:222,0
DA:223,0
DA:224,0
DA:230,0
DA:232,0
DA:233,0
DA:234,0
DA:239,0
DA:241,0
DA:246,0
DA:247,0
DA:249,0
DA:250,0
DA:252,0
DA:253,0
DA:255,0
DA:256,0
DA:257,0
DA:258,0
DA:259,0
DA:260,0
DA:262,0
DA:263,0
DA:264,0
DA:269,0
DA:271,0
DA:277,0
DA:278,0
DA:280,0
DA:281,0
DA:284,0
DA:285,0
DA:286,0
DA:289,0
DA:290,0
DA:298,0
DA:299,0
DA:300,0
DA:301,0
DA:303,0
DA:304,0
DA:305,0
DA:307,0
DA:317,0
DA:318,0
DA:320,0
DA:321,0
DA:323,0
DA:324,0
DA:326,0
DA:327,0
DA:329,0
DA:330,0
DA:335,0
DA:336,0
DA:338,0
DA:339,0
DA:341,0
DA:342,0
DA:346,0
DA:347,0
DA:348,0
DA:350,0
DA:354,0
DA:355,0
DA:357,0
DA:358,0
DA:359,0
DA:364,0
DA:366,0
DA:371,0
DA:372,0
DA:375,0
DA:376,0
DA:378,0
DA:379,0
DA:380,0
DA:382,0
DA:383,0
DA:385,0
DA:386,0
DA:387,0
DA:396,0
DA:397,0
DA:399,0
DA:400,0
DA:401,0
DA:403,0
DA:405,0
DA:406,0
DA:407,0
DA:410,0
DA:423,0
DA:424,0
DA:429,0
DA:430,0
DA:431,0
DA:433,0
DA:434,0
DA:435,0
DA:440,0
DA:442,0
DA:443,0
DA:445,0
DA:451,0
DA:452,0
DA:453,0
DA:454,0
DA:456,0
DA:458,0
DA:459,0
DA:464,0
DA:490,0
DA:493,0
DA:496,0
DA:499,0
DA:502,0
DA:505,0
DA:508,0
DA:512,0
DA:516,0
DA:517,0
DA:518,0
DA:519,0
DA:520,0
DA:521,0
DA:522,0
DA:523,0
DA:524,0
DA:525,0
DA:526,0
DA:527,0
DA:528,0
DA:529,0
DA:530,0
DA:531,0
DA:532,0
DA:533,0
DA:534,0
DA:535,0
DA:536,0
DA:537,0
DA:538,0
DA:539,0
DA:540,0
DA:541,0
DA:542,0
DA:543,0
DA:544,0
DA:545,0
DA:547,0
DA:553,0
DA:568,0
DA:576,0
DA:577,0
DA:590,0
DA:591,0
DA:604,0
DA:605,0
DA:618,0
DA:619,0
DA:631,0
DA:632,0
DA:644,0
DA:645,0
DA:657,0
DA:658,0
DA:670,0
DA:671,0
DA:676,0
DA:682,0
DA:696,0
DA:701,0
DA:706,0
DA:719,0
DA:725,0
DA:738,0
DA:751,0
DA:763,0
DA:775,0
DA:787,0
DA:798,0
DA:815,0
DA:821,0
DA:829,0
DA:836,0
DA:837,0
DA:849,0
DA:850,0
DA:858,0
DA:859,0
DA:871,0
DA:872,0
DA:887,0
DA:888,0
DA:902,0
DA:903,0
LF:320
LH:0
BRDA:3,0,0,0
BRDA:3,0,1,0
BRDA:3,0,2,0
BRDA:4,1,0,0
BRDA:4,1,1,0
BRDA:7,2,0,0
BRDA:7,2,1,0
BRDA:13,3,0,0
BRDA:13,3,1,0
BRDA:13,3,2,0
BRDA:15,4,0,0
BRDA:15,4,1,0
BRDA:19,5,0,0
BRDA:19,5,1,0
BRDA:35,6,0,0
BRDA:35,6,1,0
BRDA:37,7,0,0
BRDA:37,7,1,0
BRDA:40,8,0,0
BRDA:40,8,1,0
BRDA:40,8,2,0
BRDA:44,9,0,0
BRDA:44,9,1,0
BRDA:58,10,0,0
BRDA:58,10,1,0
BRDA:67,11,0,0
BRDA:67,11,1,0
BRDA:68,12,0,0
BRDA:68,12,1,0
BRDA:68,13,0,0
BRDA:68,13,1,0
BRDA:69,14,0,0
BRDA:69,14,1,0
BRDA:69,15,0,0
BRDA:69,15,1,0
BRDA:69,15,2,0
BRDA:69,16,0,0
BRDA:69,16,1,0
BRDA:69,17,0,0
BRDA:69,17,1,0
BRDA:69,18,0,0
BRDA:69,18,1,0
BRDA:69,19,0,0
BRDA:69,19,1,0
BRDA:70,20,0,0
BRDA:70,20,1,0
BRDA:71,21,0,0
BRDA:71,21,1,0
BRDA:71,21,2,0
BRDA:71,21,3,0
BRDA:71,21,4,0
BRDA:71,21,5,0
BRDA:92,22,0,0
BRDA:92,22,1,0
BRDA:92,23,0,0
BRDA:92,23,1,0
BRDA:92,23,2,0
BRDA:92,24,0,0
BRDA:92,24,1,0
BRDA:96,25,0,0
BRDA:96,25,1,0
BRDA:96,26,0,0
BRDA:96,26,1,0
BRDA:96,26,2,0
BRDA:96,26,3,0
BRDA:100,27,0,0
BRDA:100,27,1,0
BRDA:100,28,0,0
BRDA:100,28,1,0
BRDA:105,29,0,0
BRDA:105,29,1,0
BRDA:105,30,0,0
BRDA:105,30,1,0
BRDA:110,31,0,0
BRDA:110,31,1,0
BRDA:121,32,0,0
BRDA:121,32,1,0
BRDA:123,33,0,0
BRDA:123,33,1,0
BRDA:128,34,0,0
BRDA:128,34,1,0
BRDA:128,34,2,0
BRDA:129,35,0,0
BRDA:129,35,1,0
BRDA:129,36,0,0
BRDA:129,36,1,0
BRDA:182,37,0,0
BRDA:182,37,1,0
BRDA:182,37,2,0
BRDA:182,37,3,0
BRDA:182,37,4,0
BRDA:182,37,5,0
BRDA:191,38,0,0
BRDA:191,38,1,0
BRDA:192,39,0,0
BRDA:192,39,1,0
BRDA:216,40,0,0
BRDA:216,40,1,0
BRDA:216,40,2,0
BRDA:216,40,3,0
BRDA:222,41,0,0
BRDA:222,41,1,0
BRDA:223,42,0,0
BRDA:223,42,1,0
BRDA:227,43,0,0
BRDA:227,43,1,0
BRDA:250,44,0,0
BRDA:250,44,1,0
BRDA:250,44,2,0
BRDA:250,44,3,0
BRDA:256,45,0,0
BRDA:256,45,1,0
BRDA:257,46,0,0
BRDA:257,46,1,0
BRDA:258,47,0,0
BRDA:258,47,1,0
BRDA:259,48,0,0
BRDA:259,48,1,0
BRDA:285,49,0,0
BRDA:285,49,1,0
BRDA:301,50,0,0
BRDA:301,50,1,0
BRDA:301,50,2,0
BRDA:301,50,3,0
BRDA:301,50,4,0
BRDA:303,51,0,0
BRDA:303,51,1,0
BRDA:304,52,0,0
BRDA:304,52,1,0
BRDA:317,53,0,0
BRDA:317,53,1,0
BRDA:323,54,0,0
BRDA:323,54,1,0
BRDA:339,55,0,0
BRDA:339,55,1,0
BRDA:339,55,2,0
BRDA:339,55,3,0
BRDA:347,56,0,0
BRDA:347,56,1,0
BRDA:348,57,0,0
BRDA:348,57,1,0
BRDA:351,58,0,0
BRDA:351,58,1,0
BRDA:351,59,0,0
BRDA:351,59,1,0
BRDA:351,60,0,0
BRDA:351,60,1,0
BRDA:376,61,0,0
BRDA:376,61,1,0
BRDA:376,61,2,0
BRDA:376,61,3,0
BRDA:376,61,4,0
BRDA:376,61,5,0
BRDA:376,61,6,0
BRDA:376,61,7,0
BRDA:376,61,8,0
BRDA:376,61,9,0
BRDA:376,61,10,0
BRDA:378,62,0,0
BRDA:378,62,1,0
BRDA:386,63,0,0
BRDA:386,63,1,0
BRDA:386,64,0,0
BRDA:386,64,1,0
BRDA:386,65,0,0
BRDA:386,65,1,0
BRDA:386,66,0,0
BRDA:386,66,1,0
BRDA:396,67,0,0
BRDA:396,67,1,0
BRDA:400,68,0,0
BRDA:400,68,1,0
BRDA:406,69,0,0
BRDA:406,69,1,0
BRDA:412,70,0,0
BRDA:412,70,1,0
BRDA:414,71,0,0
BRDA:414,71,1,0
BRDA:415,72,0,0
BRDA:415,72,1,0
BRDA:416,73,0,0
BRDA:416,73,1,0
BRDA:454,74,0,0
BRDA:454,74,1,0
BRDA:549,75,0,0
BRDA:549,75,1,0
BRDA:553,76,0,0
BRDA:553,76,1,0
BRDA:578,77,0,0
BRDA:578,77,1,0
BRDA:578,78,0,0
BRDA:578,78,1,0
BRDA:578,79,0,0
BRDA:578,79,1,0
BRDA:592,80,0,0
BRDA:592,80,1,0
BRDA:592,81,0,0
BRDA:592,81,1,0
BRDA:592,82,0,0
BRDA:592,82,1,0
BRDA:606,83,0,0
BRDA:606,83,1,0
BRDA:606,84,0,0
BRDA:606,84,1,0
BRDA:606,85,0,0
BRDA:606,85,1,0
BRDA:620,86,0,0
BRDA:620,86,1,0
BRDA:620,87,0,0
BRDA:620,87,1,0
BRDA:620,88,0,0
BRDA:620,88,1,0
BRDA:696,89,0,0
BRDA:696,89,1,0
BRDA:697,90,0,0
BRDA:697,90,1,0
BRDA:706,91,0,0
BRDA:706,91,1,0
BRDA:714,92,0,0
BRDA:714,92,1,0
BRDA:714,92,2,0
BRDA:722,93,0,0
BRDA:722,93,1,0
BRDA:725,94,0,0
BRDA:725,94,1,0
BRDA:735,95,0,0
BRDA:735,95,1,0
BRDA:738,96,0,0
BRDA:738,96,1,0
BRDA:748,97,0,0
BRDA:748,97,1,0
BRDA:751,98,0,0
BRDA:751,98,1,0
BRDA:760,99,0,0
BRDA:760,99,1,0
BRDA:763,100,0,0
BRDA:763,100,1,0
BRDA:772,101,0,0
BRDA:772,101,1,0
BRDA:775,102,0,0
BRDA:775,102,1,0
BRDA:784,103,0,0
BRDA:784,103,1,0
BRDA:787,104,0,0
BRDA:787,104,1,0
BRDA:795,105,0,0
BRDA:795,105,1,0
BRDA:798,106,0,0
BRDA:798,106,1,0
BRDA:815,107,0,0
BRDA:815,107,1,0
BRDA:889,108,0,0
BRDA:889,108,1,0
BRF:253
BRH:0
end_of_record
TN:
SF:src\views\CustomerManagement.vue
FN:4,(anonymous_0)
FN:16,(anonymous_1)
FN:21,(anonymous_2)
FN:39,(anonymous_3)
FN:43,(anonymous_4)
FN:53,(anonymous_5)
FN:100,render
FN:106,(anonymous_7)
FN:112,(anonymous_8)
FN:119,(anonymous_9)
FN:126,(anonymous_10)
FN:132,(anonymous_11)
FN:162,(anonymous_12)
FN:167,(anonymous_13)
FN:170,(anonymous_14)
FNF:15
FNH:0
FNDA:0,(anonymous_0)
FNDA:0,(anonymous_1)
FNDA:0,(anonymous_2)
FNDA:0,(anonymous_3)
FNDA:0,(anonymous_4)
FNDA:0,(anonymous_5)
FNDA:0,render
FNDA:0,(anonymous_7)
FNDA:0,(anonymous_8)
FNDA:0,(anonymous_9)
FNDA:0,(anonymous_10)
FNDA:0,(anonymous_11)
FNDA:0,(anonymous_12)
FNDA:0,(anonymous_13)
FNDA:0,(anonymous_14)
DA:5,0
DA:16,0
DA:22,0
DA:23,0
DA:29,0
DA:36,0
DA:41,0
DA:44,0
DA:45,0
DA:46,0
DA:48,0
DA:55,0
DA:58,0
DA:60,0
DA:63,0
DA:64,0
DA:65,0
DA:68,0
DA:71,0
DA:74,0
DA:77,0
DA:80,0
DA:83,0
DA:86,0
DA:89,0
DA:92,0
DA:95,0
DA:98,0
DA:99,0
DA:101,0
DA:106,0
DA:112,0
DA:119,0
DA:126,0
DA:132,0
DA:163,0
DA:167,0
DA:170,0
DA:174,0
LF:39
LH:0
BRDA:44,0,0,0
BRDA:44,0,1,0
BRDA:101,1,0,0
BRDA:101,1,1,0
BRDA:103,2,0,0
BRDA:103,2,1,0
BRDA:106,3,0,0
BRDA:106,3,1,0
BRDA:106,4,0,0
BRDA:106,4,1,0
BRDA:108,5,0,0
BRDA:108,5,1,0
BRDA:112,6,0,0
BRDA:112,6,1,0
BRDA:115,7,0,0
BRDA:115,7,1,0
BRDA:119,8,0,0
BRDA:119,8,1,0
BRDA:122,9,0,0
BRDA:122,9,1,0
BRDA:126,10,0,0
BRDA:126,10,1,0
BRDA:129,11,0,0
BRDA:129,11,1,0
BRDA:132,12,0,0
BRDA:132,12,1,0
BRDA:135,13,0,0
BRDA:135,13,1,0
BRDA:141,14,0,0
BRDA:141,14,1,0
BRDA:146,15,0,0
BRDA:146,15,1,0
BRDA:148,16,0,0
BRDA:148,16,1,0
BRF:34
BRH:0
end_of_record
TN:
SF:src\views\CustomerProfile.vue
FN:11,(anonymous_0)
FN:80,(anonymous_1)
FN:82,(anonymous_2)
FN:101,(anonymous_3)
FN:110,(anonymous_4)
FN:118,(anonymous_5)
FN:121,(anonymous_6)
FN:200,render
FN:261,(anonymous_8)
FN:275,(anonymous_9)
FN:279,(anonymous_10)
FN:284,(anonymous_11)
FN:293,(anonymous_12)
FN:314,(anonymous_13)
FN:321,(anonymous_14)
FN:324,(anonymous_15)
FNF:16
FNH:0
FNDA:0,(anonymous_0)
FNDA:0,(anonymous_1)
FNDA:0,(anonymous_2)
FNDA:0,(anonymous_3)
FNDA:0,(anonymous_4)
FNDA:0,(anonymous_5)
FNDA:0,(anonymous_6)
FNDA:0,render
FNDA:0,(anonymous_8)
FNDA:0,(anonymous_9)
FNDA:0,(anonymous_10)
FNDA:0,(anonymous_11)
FNDA:0,(anonymous_12)
FNDA:0,(anonymous_13)
FNDA:0,(anonymous_14)
FNDA:0,(anonymous_15)
DA:4,0
DA:12,0
DA:13,0
DA:14,0
DA:15,0
DA:27,0
DA:49,0
DA:53,0
DA:57,0
DA:71,0
DA:80,0
DA:82,0
DA:83,0
DA:91,0
DA:101,0
DA:102,0
DA:108,0
DA:110,0
DA:111,0
DA:116,0
DA:118,0
DA:119,0
DA:120,0
DA:121,0
DA:123,0
DA:139,0
DA:141,0
DA:144,0
DA:145,0
DA:146,0
DA:149,0
DA:152,0
DA:155,0
DA:158,0
DA:161,0
DA:164,0
DA:167,0
DA:170,0
DA:173,0
DA:176,0
DA:179,0
DA:182,0
DA:185,0
DA:188,0
DA:191,0
DA:194,0
DA:197,0
DA:201,0
DA:202,0
DA:203,0
DA:204,0
DA:205,0
DA:206,0
DA:207,0
DA:208,0
DA:209,0
DA:210,0
DA:261,0
DA:275,0
DA:279,0
DA:284,0
DA:293,0
DA:314,0
DA:321,0
DA:324,0
DA:331,0
LF:66
LH:0
BRDA:101,0,0,0
BRDA:103,1,0,0
BRDA:103,1,1,0
BRDA:116,2,0,0
BRDA:116,2,1,0
BRDA:119,3,0,0
BRDA:119,3,1,0
BRDA:121,4,0,0
BRDA:121,4,1,0
BRDA:121,4,2,0
BRDA:213,5,0,0
BRDA:213,5,1,0
BRDA:217,6,0,0
BRDA:217,6,1,0
BRDA:219,7,0,0
BRDA:219,7,1,0
BRDA:221,8,0,0
BRDA:221,8,1,0
BRDA:223,9,0,0
BRDA:223,9,1,0
BRDA:225,10,0,0
BRDA:225,10,1,0
BRDA:227,11,0,0
BRDA:227,11,1,0
BRDA:229,12,0,0
BRDA:229,12,1,0
BRDA:231,13,0,0
BRDA:231,13,1,0
BRDA:233,14,0,0
BRDA:233,14,1,0
BRDA:235,15,0,0
BRDA:235,15,1,0
BRDA:237,16,0,0
BRDA:237,16,1,0
BRDA:239,17,0,0
BRDA:239,17,1,0
BRDA:241,18,0,0
BRDA:241,18,1,0
BRDA:246,19,0,0
BRDA:246,19,1,0
BRDA:246,20,0,0
BRDA:246,20,1,0
BRDA:246,21,0,0
BRDA:246,21,1,0
BRDA:250,22,0,0
BRDA:250,22,1,0
BRDA:250,23,0,0
BRDA:250,23,1,0
BRDA:257,24,0,0
BRDA:257,24,1,0
BRDA:257,25,0,0
BRDA:257,25,1,0
BRDA:261,26,0,0
BRDA:261,26,1,0
BRDA:275,27,0,0
BRDA:275,27,1,0
BRF:56
BRH:0
end_of_record
TN:
SF:src\views\Dashboard.vue
FN:3,(anonymous_0)
FN:4,(anonymous_1)
FN:13,(anonymous_2)
FN:14,adopt
FN:15,(anonymous_4)
FN:19,(anonymous_5)
FN:20,fulfilled
FN:27,rejected
FN:34,step
FN:40,(anonymous_9)
FN:43,(anonymous_10)
FN:58,(anonymous_11)
FN:61,verb
FN:62,(anonymous_13)
FN:66,step
FN:128,(anonymous_15)
FN:145,(anonymous_16)
FN:165,(anonymous_17)
FN:166,(anonymous_18)
FN:176,(anonymous_19)
FN:177,(anonymous_20)
FN:179,(anonymous_21)
FN:198,(anonymous_22)
FN:199,(anonymous_23)
FN:201,(anonymous_24)
FN:217,(anonymous_25)
FN:218,(anonymous_26)
FN:220,(anonymous_27)
FN:236,(anonymous_28)
FN:237,(anonymous_29)
FN:239,(anonymous_30)
FN:255,(anonymous_31)
FN:258,(anonymous_32)
FN:268,(anonymous_33)
FN:271,(anonymous_34)
FN:276,(anonymous_35)
FN:277,(anonymous_36)
FN:279,(anonymous_37)
FN:304,(anonymous_38)
FN:305,(anonymous_39)
FN:306,(anonymous_40)
FN:318,(anonymous_41)
FN:319,(anonymous_42)
FN:320,(anonymous_43)
FN:333,(anonymous_44)
FN:334,(anonymous_45)
FN:336,(anonymous_46)
FN:377,(anonymous_47)
FN:411,render
FN:417,(anonymous_49)
FN:427,(anonymous_50)
FN:431,(anonymous_51)
FN:444,(anonymous_52)
FN:448,(anonymous_53)
FN:461,(anonymous_54)
FN:474,(anonymous_55)
FN:481,(anonymous_56)
FN:504,(anonymous_57)
FN:520,(anonymous_58)
FN:524,(anonymous_59)
FN:530,(anonymous_60)
FN:546,(anonymous_61)
FN:555,(anonymous_62)
FNF:63
FNH:0
FNDA:0,(anonymous_0)
FNDA:0,(anonymous_1)
FNDA:0,(anonymous_2)
FNDA:0,adopt
FNDA:0,(anonymous_4)
FNDA:0,(anonymous_5)
FNDA:0,fulfilled
FNDA:0,rejected
FNDA:0,step
FNDA:0,(anonymous_9)
FNDA:0,(anonymous_10)
FNDA:0,(anonymous_11)
FNDA:0,verb
FNDA:0,(anonymous_13)
FNDA:0,step
FNDA:0,(anonymous_15)
FNDA:0,(anonymous_16)
FNDA:0,(anonymous_17)
FNDA:0,(anonymous_18)
FNDA:0,(anonymous_19)
FNDA:0,(anonymous_20)
FNDA:0,(anonymous_21)
FNDA:0,(anonymous_22)
FNDA:0,(anonymous_23)
FNDA:0,(anonymous_24)
FNDA:0,(anonymous_25)
FNDA:0,(anonymous_26)
FNDA:0,(anonymous_27)
FNDA:0,(anonymous_28)
FNDA:0,(anonymous_29)
FNDA:0,(anonymous_30)
FNDA:0,(anonymous_31)
FNDA:0,(anonymous_32)
FNDA:0,(anonymous_33)
FNDA:0,(anonymous_34)
FNDA:0,(anonymous_35)
FNDA:0,(anonymous_36)
FNDA:0,(anonymous_37)
FNDA:0,(anonymous_38)
FNDA:0,(anonymous_39)
FNDA:0,(anonymous_40)
FNDA:0,(anonymous_41)
FNDA:0,(anonymous_42)
FNDA:0,(anonymous_43)
FNDA:0,(anonymous_44)
FNDA:0,(anonymous_45)
FNDA:0,(anonymous_46)
FNDA:0,(anonymous_47)
FNDA:0,render
FNDA:0,(anonymous_49)
FNDA:0,(anonymous_50)
FNDA:0,(anonymous_51)
FNDA:0,(anonymous_52)
FNDA:0,(anonymous_53)
FNDA:0,(anonymous_54)
FNDA:0,(anonymous_55)
FNDA:0,(anonymous_56)
FNDA:0,(anonymous_57)
FNDA:0,(anonymous_58)
FNDA:0,(anonymous_59)
FNDA:0,(anonymous_60)
FNDA:0,(anonymous_61)
FNDA:0,(anonymous_62)
DA:3,0
DA:4,0
DA:5,0
DA:6,0
DA:7,0
DA:9,0
DA:11,0
DA:13,0
DA:15,0
DA:16,0
DA:19,0
DA:21,0
DA:22,0
DA:24,0
DA:28,0
DA:29,0
DA:31,0
DA:35,0
DA:37,0
DA:40,0
DA:41,0
DA:44,0
DA:45,0
DA:54,0
DA:59,0
DA:62,0
DA:63,0
DA:67,0
DA:68,0
DA:69,0
DA:70,0
DA:71,0
DA:74,0
DA:75,0
DA:77,0
DA:78,0
DA:83,0
DA:84,0
DA:85,0
DA:86,0
DA:88,0
DA:89,0
DA:90,0
DA:92,0
DA:93,0
DA:94,0
DA:96,0
DA:97,0
DA:98,0
DA:100,0
DA:101,0
DA:102,0
DA:103,0
DA:105,0
DA:106,0
DA:107,0
DA:108,0
DA:110,0
DA:111,0
DA:112,0
DA:114,0
DA:116,0
DA:117,0
DA:119,0
DA:121,0
DA:122,0
DA:128,0
DA:129,0
DA:133,0
DA:136,0
DA:137,0
DA:138,0
DA:139,0
DA:140,0
DA:141,0
DA:142,0
DA:143,0
DA:146,0
DA:147,0
DA:148,0
DA:149,0
DA:151,0
DA:152,0
DA:153,0
DA:154,0
DA:155,0
DA:156,0
DA:157,0
DA:165,0
DA:166,0
DA:167,0
DA:168,0
DA:169,0
DA:170,0
DA:171,0
DA:172,0
DA:176,0
DA:177,0
DA:179,0
DA:180,0
DA:182,0
DA:183,0
DA:184,0
DA:186,0
DA:187,0
DA:189,0
DA:190,0
DA:191,0
DA:193,0
DA:198,0
DA:199,0
DA:201,0
DA:202,0
DA:204,0
DA:206,0
DA:207,0
DA:208,0
DA:209,0
DA:211,0
DA:212,0
DA:217,0
DA:218,0
DA:220,0
DA:221,0
DA:223,0
DA:225,0
DA:226,0
DA:227,0
DA:228,0
DA:230,0
DA:231,0
DA:236,0
DA:237,0
DA:239,0
DA:240,0
DA:242,0
DA:244,0
DA:245,0
DA:246,0
DA:248,0
DA:249,0
DA:250,0
DA:255,0
DA:256,0
DA:258,0
DA:259,0
DA:266,0
DA:268,0
DA:269,0
DA:271,0
DA:272,0
DA:276,0
DA:277,0
DA:279,0
DA:280,0
DA:282,0
DA:284,0
DA:285,0
DA:291,0
DA:292,0
DA:293,0
DA:294,0
DA:296,0
DA:298,0
DA:299,0
DA:304,0
DA:305,0
DA:306,0
DA:307,0
DA:309,0
DA:310,0
DA:312,0
DA:313,0
DA:318,0
DA:319,0
DA:320,0
DA:321,0
DA:323,0
DA:324,0
DA:326,0
DA:327,0
DA:333,0
DA:334,0
DA:336,0
DA:337,0
DA:339,0
DA:340,0
DA:342,0
DA:343,0
DA:345,0
DA:346,0
DA:347,0
DA:349,0
DA:354,0
DA:378,0
DA:381,0
DA:385,0
DA:389,0
DA:390,0
DA:391,0
DA:392,0
DA:393,0
DA:394,0
DA:395,0
DA:396,0
DA:397,0
DA:398,0
DA:399,0
DA:400,0
DA:401,0
DA:402,0
DA:403,0
DA:404,0
DA:405,0
DA:406,0
DA:407,0
DA:408,0
DA:409,0
DA:410,0
DA:412,0
DA:417,0
DA:427,0
DA:432,0
DA:444,0
DA:449,0
DA:461,0
DA:474,0
DA:481,0
DA:506,0
DA:520,0
DA:524,0
DA:530,0
DA:546,0
DA:555,0
DA:561,0
DA:562,0
LF:236
LH:0
BRDA:3,0,0,0
BRDA:3,0,1,0
BRDA:3,0,2,0
BRDA:4,1,0,0
BRDA:4,1,1,0
BRDA:7,2,0,0
BRDA:7,2,1,0
BRDA:13,3,0,0
BRDA:13,3,1,0
BRDA:13,3,2,0
BRDA:15,4,0,0
BRDA:15,4,1,0
BRDA:19,5,0,0
BRDA:19,5,1,0
BRDA:35,6,0,0
BRDA:35,6,1,0
BRDA:37,7,0,0
BRDA:37,7,1,0
BRDA:40,8,0,0
BRDA:40,8,1,0
BRDA:40,8,2,0
BRDA:44,9,0,0
BRDA:44,9,1,0
BRDA:58,10,0,0
BRDA:58,10,1,0
BRDA:67,11,0,0
BRDA:67,11,1,0
BRDA:68,12,0,0
BRDA:68,12,1,0
BRDA:68,13,0,0
BRDA:68,13,1,0
BRDA:69,14,0,0
BRDA:69,14,1,0
BRDA:69,15,0,0
BRDA:69,15,1,0
BRDA:69,15,2,0
BRDA:69,16,0,0
BRDA:69,16,1,0
BRDA:69,17,0,0
BRDA:69,17,1,0
BRDA:69,18,0,0
BRDA:69,18,1,0
BRDA:69,19,0,0
BRDA:69,19,1,0
BRDA:70,20,0,0
BRDA:70,20,1,0
BRDA:71,21,0,0
BRDA:71,21,1,0
BRDA:71,21,2,0
BRDA:71,21,3,0
BRDA:71,21,4,0
BRDA:71,21,5,0
BRDA:92,22,0,0
BRDA:92,22,1,0
BRDA:92,23,0,0
BRDA:92,23,1,0
BRDA:92,23,2,0
BRDA:92,24,0,0
BRDA:92,24,1,0
BRDA:96,25,0,0
BRDA:96,25,1,0
BRDA:96,26,0,0
BRDA:96,26,1,0
BRDA:96,26,2,0
BRDA:96,26,3,0
BRDA:100,27,0,0
BRDA:100,27,1,0
BRDA:100,28,0,0
BRDA:100,28,1,0
BRDA:105,29,0,0
BRDA:105,29,1,0
BRDA:105,30,0,0
BRDA:105,30,1,0
BRDA:110,31,0,0
BRDA:110,31,1,0
BRDA:121,32,0,0
BRDA:121,32,1,0
BRDA:123,33,0,0
BRDA:123,33,1,0
BRDA:128,34,0,0
BRDA:128,34,1,0
BRDA:128,34,2,0
BRDA:129,35,0,0
BRDA:129,35,1,0
BRDA:129,36,0,0
BRDA:129,36,1,0
BRDA:167,37,0,0
BRDA:167,37,1,0
BRDA:167,38,0,0
BRDA:167,38,1,0
BRDA:168,39,0,0
BRDA:168,39,1,0
BRDA:168,40,0,0
BRDA:168,40,1,0
BRDA:169,41,0,0
BRDA:169,41,1,0
BRDA:169,42,0,0
BRDA:169,42,1,0
BRDA:170,43,0,0
BRDA:170,43,1,0
BRDA:170,44,0,0
BRDA:170,44,1,0
BRDA:171,45,0,0
BRDA:171,45,1,0
BRDA:171,46,0,0
BRDA:171,46,1,0
BRDA:180,47,0,0
BRDA:180,47,1,0
BRDA:180,47,2,0
BRDA:180,47,3,0
BRDA:202,48,0,0
BRDA:202,48,1,0
BRDA:207,49,0,0
BRDA:207,49,1,0
BRDA:211,50,0,0
BRDA:211,50,1,0
BRDA:221,51,0,0
BRDA:221,51,1,0
BRDA:226,52,0,0
BRDA:226,52,1,0
BRDA:230,53,0,0
BRDA:230,53,1,0
BRDA:240,54,0,0
BRDA:240,54,1,0
BRDA:240,54,2,0
BRDA:245,55,0,0
BRDA:245,55,1,0
BRDA:249,56,0,0
BRDA:249,56,1,0
BRDA:249,57,0,0
BRDA:249,57,1,0
BRDA:266,58,0,0
BRDA:266,58,1,0
BRDA:280,59,0,0
BRDA:280,59,1,0
BRDA:280,59,2,0
BRDA:280,59,3,0
BRDA:287,60,0,0
BRDA:287,60,1,0
BRDA:287,61,0,0
BRDA:287,61,1,0
BRDA:292,62,0,0
BRDA:292,62,1,0
BRDA:307,63,0,0
BRDA:307,63,1,0
BRDA:321,64,0,0
BRDA:321,64,1,0
BRDA:337,65,0,0
BRDA:337,65,1,0
BRDA:337,65,2,0
BRDA:337,65,3,0
BRDA:415,66,0,0
BRDA:415,66,1,0
BRDA:417,67,0,0
BRDA:417,67,1,0
BRDA:425,68,0,0
BRDA:425,68,1,0
BRDA:427,69,0,0
BRDA:427,69,1,0
BRDA:430,70,0,0
BRDA:430,70,1,0
BRDA:442,71,0,0
BRDA:442,71,1,0
BRDA:444,72,0,0
BRDA:444,72,1,0
BRDA:447,73,0,0
BRDA:447,73,1,0
BRDA:459,74,0,0
BRDA:459,74,1,0
BRDA:461,75,0,0
BRDA:461,75,1,0
BRDA:463,76,0,0
BRDA:463,76,1,0
BRDA:470,77,0,0
BRDA:470,77,1,0
BRDA:474,78,0,0
BRDA:474,78,1,0
BRDA:481,79,0,0
BRDA:481,79,1,0
BRDA:493,80,0,0
BRDA:493,80,1,0
BRDA:509,81,0,0
BRDA:509,81,1,0
BRDA:509,82,0,0
BRDA:509,82,1,0
BRDA:510,83,0,0
BRDA:510,83,1,0
BRDA:510,84,0,0
BRDA:510,84,1,0
BRDA:527,85,0,0
BRDA:527,85,1,0
BRDA:527,86,0,0
BRDA:527,86,1,0
BRDA:541,87,0,0
BRDA:541,87,1,0
BRDA:546,88,0,0
BRDA:546,88,1,0
BRDA:550,89,0,0
BRDA:550,89,1,0
BRDA:555,90,0,0
BRDA:555,90,1,0
BRF:201
BRH:0
end_of_record
TN:
SF:src\views\FinancialReporting.vue
FN:9,(anonymous_0)
FN:51,(anonymous_1)
FN:57,(anonymous_2)
FN:64,(anonymous_3)
FN:72,(anonymous_4)
FN:153,render
FN:188,(anonymous_6)
FNF:7
FNH:0
FNDA:0,(anonymous_0)
FNDA:0,(anonymous_1)
FNDA:0,(anonymous_2)
FNDA:0,(anonymous_3)
FNDA:0,(anonymous_4)
FNDA:0,render
FNDA:0,(anonymous_6)
DA:3,0
DA:10,0
DA:52,0
DA:58,0
DA:65,0
DA:77,0
DA:79,0
DA:82,0
DA:83,0
DA:84,0
DA:87,0
DA:90,0
DA:93,0
DA:96,0
DA:99,0
DA:102,0
DA:105,0
DA:108,0
DA:111,0
DA:114,0
DA:117,0
DA:120,0
DA:123,0
DA:126,0
DA:129,0
DA:132,0
DA:135,0
DA:138,0
DA:141,0
DA:144,0
DA:147,0
DA:150,0
DA:154,0
DA:155,0
DA:189,0
DA:196,0
LF:36
LH:0
BRDA:65,0,0,0
BRDA:65,0,1,0
BRDA:155,1,0,0
BRDA:155,1,1,0
BRDA:157,2,0,0
BRDA:157,2,1,0
BRDA:160,3,0,0
BRDA:160,3,1,0
BRDA:161,4,0,0
BRDA:161,4,1,0
BRDA:161,5,0,0
BRDA:161,5,1,0
BRDA:161,6,0,0
BRDA:161,6,1,0
BRDA:163,7,0,0
BRDA:163,7,1,0
BRDA:165,8,0,0
BRDA:165,8,1,0
BRDA:167,9,0,0
BRDA:167,9,1,0
BRDA:169,10,0,0
BRDA:169,10,1,0
BRDA:174,11,0,0
BRDA:174,11,1,0
BRDA:176,12,0,0
BRDA:176,12,1,0
BRF:26
BRH:0
end_of_record
TN:
SF:src\views\GraftOrderManagement.vue
FN:4,(anonymous_0)
FN:15,(anonymous_1)
FN:16,(anonymous_2)
FN:21,(anonymous_3)
FN:39,(anonymous_4)
FN:45,(anonymous_5)
FN:55,(anonymous_6)
FN:100,render
FN:106,(anonymous_8)
FN:111,(anonymous_9)
FN:113,(anonymous_10)
FN:121,(anonymous_11)
FN:133,(anonymous_12)
FN:157,(anonymous_13)
FN:164,(anonymous_14)
FNF:15
FNH:0
FNDA:0,(anonymous_0)
FNDA:0,(anonymous_1)
FNDA:0,(anonymous_2)
FNDA:0,(anonymous_3)
FNDA:0,(anonymous_4)
FNDA:0,(anonymous_5)
FNDA:0,(anonymous_6)
FNDA:0,render
FNDA:0,(anonymous_8)
FNDA:0,(anonymous_9)
FNDA:0,(anonymous_10)
FNDA:0,(anonymous_11)
FNDA:0,(anonymous_12)
FNDA:0,(anonymous_13)
FNDA:0,(anonymous_14)
DA:5,0
DA:15,0
DA:16,0
DA:22,0
DA:23,0
DA:24,0
DA:26,0
DA:33,0
DA:40,0
DA:46,0
DA:52,0
DA:57,0
DA:58,0
DA:61,0
DA:63,0
DA:66,0
DA:67,0
DA:68,0
DA:71,0
DA:74,0
DA:75,0
DA:78,0
DA:81,0
DA:84,0
DA:87,0
DA:90,0
DA:93,0
DA:96,0
DA:99,0
DA:101,0
DA:106,0
DA:111,0
DA:114,0
DA:121,0
DA:133,0
DA:158,0
DA:164,0
DA:176,0
LF:38
LH:0
BRDA:22,0,0,0
BRDA:22,0,1,0
BRDA:22,1,0,0
BRDA:22,1,1,0
BRDA:52,2,0,0
BRDA:52,2,1,0
BRDA:101,3,0,0
BRDA:101,3,1,0
BRDA:103,4,0,0
BRDA:103,4,1,0
BRDA:106,5,0,0
BRDA:106,5,1,0
BRDA:106,6,0,0
BRDA:106,6,1,0
BRDA:108,7,0,0
BRDA:108,7,1,0
BRDA:111,8,0,0
BRDA:111,8,1,0
BRDA:118,9,0,0
BRDA:118,9,1,0
BRDA:121,10,0,0
BRDA:121,10,1,0
BRDA:123,11,0,0
BRDA:123,11,1,0
BRDA:129,12,0,0
BRDA:129,12,1,0
BRDA:133,13,0,0
BRDA:133,13,1,0
BRDA:136,14,0,0
BRDA:136,14,1,0
BRDA:141,15,0,0
BRDA:141,15,1,0
BRDA:143,16,0,0
BRDA:143,16,1,0
BRDA:166,17,0,0
BRDA:166,17,1,0
BRF:36
BRH:0
end_of_record
TN:
SF:src\views\Login.vue
FN:6,(anonymous_0)
FN:16,(anonymous_1)
FN:19,handleRegister
FN:22,handleLogin
FN:59,(anonymous_4)
FN:62,(anonymous_5)
FN:114,render
FN:133,(anonymous_7)
FN:147,(anonymous_8)
FNF:9
FNH:0
FNDA:0,(anonymous_0)
FNDA:0,(anonymous_1)
FNDA:0,handleRegister
FNDA:0,handleLogin
FNDA:0,(anonymous_4)
FNDA:0,(anonymous_5)
FNDA:0,render
FNDA:0,(anonymous_7)
FNDA:0,(anonymous_8)
DA:9,0
DA:10,0
DA:11,0
DA:12,0
DA:13,0
DA:14,0
DA:15,0
DA:16,0
DA:17,0
DA:20,0
DA:23,0
DA:24,0
DA:25,0
DA:26,0
DA:28,0
DA:29,0
DA:32,0
DA:36,0
DA:37,0
DA:39,0
DA:41,0
DA:42,0
DA:44,0
DA:47,0
DA:60,0
DA:63,0
DA:66,0
DA:70,0
DA:75,0
DA:78,0
DA:79,0
DA:80,0
DA:83,0
DA:86,0
DA:89,0
DA:92,0
DA:95,0
DA:96,0
DA:99,0
DA:100,0
DA:101,0
DA:105,0
DA:108,0
DA:111,0
DA:115,0
DA:133,0
DA:147,0
DA:177,0
LF:48
LH:0
BRDA:17,0,0,0
BRDA:17,0,1,0
BRDA:24,1,0,0
BRDA:24,1,1,0
BRDA:36,2,0,0
BRDA:36,2,1,0
[...]
BRDA:777,97,1,0
BRDA:783,98,0,0
BRDA:783,98,1,0
BRDA:788,99,0,0
BRDA:788,99,1,0
BRDA:796,100,0,0
BRDA:796,100,1,0
BRDA:804,101,0,0
BRDA:804,101,1,0
BRDA:806,102,0,0
BRDA:806,102,1,0
BRDA:811,103,0,0
BRDA:811,103,1,0
BRDA:813,104,0,0
BRDA:813,104,1,0
BRDA:817,105,0,0
BRDA:817,105,1,0
BRDA:819,106,0,0
BRDA:819,106,1,0
BRDA:820,107,0,0
BRDA:820,107,1,0
BRDA:822,108,0,0
BRDA:822,108,1,0
BRF:218
BRH:0
end_of_record
TN:
SF:src\views\OrderForm.vue
FN:3,(anonymous_0)
FN:4,(anonymous_1)
FN:13,(anonymous_2)
FN:14,adopt
FN:15,(anonymous_4)
FN:19,(anonymous_5)
FN:20,fulfilled
FN:27,rejected
FN:34,step
FN:40,(anonymous_9)
FN:43,(anonymous_10)
FN:58,(anonymous_11)
FN:61,verb
FN:62,(anonymous_13)
FN:66,step
FN:128,(anonymous_15)
FN:153,(anonymous_16)
FN:198,(anonymous_17)
FN:201,(anonymous_18)
FN:204,(anonymous_19)
FN:205,(anonymous_20)
FN:209,(anonymous_21)
FN:213,(anonymous_22)
FN:216,(anonymous_23)
FN:219,(anonymous_24)
FN:220,(anonymous_25)
FN:222,(anonymous_26)
FN:238,(anonymous_27)
FN:239,(anonymous_28)
FN:241,(anonymous_29)
FN:257,(anonymous_30)
FN:258,(anonymous_31)
FN:260,(anonymous_32)
FN:292,(anonymous_33)
FN:303,(anonymous_34)
FN:329,(anonymous_35)
FN:330,(anonymous_36)
FN:332,(anonymous_37)
FN:333,(anonymous_38)
FN:345,(anonymous_39)
FN:360,(anonymous_40)
FN:361,(anonymous_41)
FN:365,(anonymous_42)
FN:401,(anonymous_43)
FN:402,(anonymous_44)
FN:406,(anonymous_45)
FN:446,(anonymous_46)
FN:447,(anonymous_47)
FN:451,(anonymous_48)
FN:491,(anonymous_49)
FN:504,(anonymous_50)
FN:505,(anonymous_51)
FN:509,(anonymous_52)
FN:543,(anonymous_53)
FN:553,(anonymous_54)
FN:565,(anonymous_55)
FN:577,(anonymous_56)
FN:578,(anonymous_57)
FN:582,(anonymous_58)
FN:637,(anonymous_59)
FN:638,(anonymous_60)
FN:641,(anonymous_61)
FN:710,(anonymous_62)
FN:713,(anonymous_63)
FN:716,(anonymous_64)
FN:719,(anonymous_65)
FN:722,(anonymous_66)
FN:725,(anonymous_67)
FN:808,render
FN:822,(anonymous_69)
FN:830,(anonymous_70)
FN:838,(anonymous_71)
FN:848,(anonymous_72)
FN:860,(anonymous_73)
FN:873,(anonymous_74)
FN:886,(anonymous_75)
FN:897,(anonymous_76)
FN:916,(anonymous_77)
FN:940,(anonymous_78)
FN:951,(anonymous_79)
FN:962,(anonymous_80)
FN:984,(anonymous_81)
FN:1026,(anonymous_82)
FN:1039,(anonymous_83)
FN:1050,(anonymous_84)
FN:1063,(anonymous_85)
FN:1075,(anonymous_86)
FN:1086,(anonymous_87)
FN:1099,(anonymous_88)
FN:1111,(anonymous_89)
FN:1122,(anonymous_90)
FN:1173,(anonymous_91)
FNF:92
FNH:0
FNDA:0,(anonymous_0)
FNDA:0,(anonymous_1)
FNDA:0,(anonymous_2)
FNDA:0,adopt
FNDA:0,(anonymous_4)
FNDA:0,(anonymous_5)
FNDA:0,fulfilled
FNDA:0,rejected
FNDA:0,step
FNDA:0,(anonymous_9)
FNDA:0,(anonymous_10)
FNDA:0,(anonymous_11)
FNDA:0,verb
FNDA:0,(anonymous_13)
FNDA:0,step
FNDA:0,(anonymous_15)
FNDA:0,(anonymous_16)
FNDA:0,(anonymous_17)
FNDA:0,(anonymous_18)
FNDA:0,(anonymous_19)
FNDA:0,(anonymous_20)
FNDA:0,(anonymous_21)
FNDA:0,(anonymous_22)
FNDA:0,(anonymous_23)
FNDA:0,(anonymous_24)
FNDA:0,(anonymous_25)
FNDA:0,(anonymous_26)
FNDA:0,(anonymous_27)
FNDA:0,(anonymous_28)
FNDA:0,(anonymous_29)
FNDA:0,(anonymous_30)
FNDA:0,(anonymous_31)
FNDA:0,(anonymous_32)
FNDA:0,(anonymous_33)
FNDA:0,(anonymous_34)
FNDA:0,(anonymous_35)
FNDA:0,(anonymous_36)
FNDA:0,(anonymous_37)
FNDA:0,(anonymous_38)
FNDA:0,(anonymous_39)
FNDA:0,(anonymous_40)
FNDA:0,(anonymous_41)
FNDA:0,(anonymous_42)
FNDA:0,(anonymous_43)
FNDA:0,(anonymous_44)
FNDA:0,(anonymous_45)
FNDA:0,(anonymous_46)
FNDA:0,(anonymous_47)
FNDA:0,(anonymous_48)
FNDA:0,(anonymous_49)
FNDA:0,(anonymous_50)
FNDA:0,(anonymous_51)
FNDA:0,(anonymous_52)
FNDA:0,(anonymous_53)
FNDA:0,(anonymous_54)
FNDA:0,(anonymous_55)
FNDA:0,(anonymous_56)
FNDA:0,(anonymous_57)
FNDA:0,(anonymous_58)
FNDA:0,(anonymous_59)
FNDA:0,(anonymous_60)
FNDA:0,(anonymous_61)
FNDA:0,(anonymous_62)
FNDA:0,(anonymous_63)
FNDA:0,(anonymous_64)
FNDA:0,(anonymous_65)
FNDA:0,(anonymous_66)
FNDA:0,(anonymous_67)
FNDA:0,render
FNDA:0,(anonymous_69)
FNDA:0,(anonymous_70)
FNDA:0,(anonymous_71)
FNDA:0,(anonymous_72)
FNDA:0,(anonymous_73)
FNDA:0,(anonymous_74)
FNDA:0,(anonymous_75)
FNDA:0,(anonymous_76)
FNDA:0,(anonymous_77)
FNDA:0,(anonymous_78)
FNDA:0,(anonymous_79)
FNDA:0,(anonymous_80)
FNDA:0,(anonymous_81)
FNDA:0,(anonymous_82)
FNDA:0,(anonymous_83)
FNDA:0,(anonymous_84)
FNDA:0,(anonymous_85)
FNDA:0,(anonymous_86)
FNDA:0,(anonymous_87)
FNDA:0,(anonymous_88)
FNDA:0,(anonymous_89)
FNDA:0,(anonymous_90)
FNDA:0,(anonymous_91)
DA:3,0
DA:4,0
DA:5,0
DA:6,0
DA:7,0
DA:9,0
DA:11,0
DA:13,0
DA:15,0
DA:16,0
DA:19,0
DA:21,0
DA:22,0
DA:24,0
DA:28,0
DA:29,0
DA:31,0
DA:35,0
DA:37,0
DA:40,0
DA:41,0
DA:44,0
DA:45,0
DA:54,0
DA:59,0
DA:62,0
DA:63,0
DA:67,0
DA:68,0
DA:69,0
DA:70,0
DA:71,0
DA:74,0
DA:75,0
DA:77,0
DA:78,0
DA:83,0
DA:84,0
DA:85,0
DA:86,0
DA:88,0
DA:89,0
DA:90,0
DA:92,0
DA:93,0
DA:94,0
DA:96,0
DA:97,0
DA:98,0
DA:100,0
DA:101,0
DA:102,0
DA:103,0
DA:105,0
DA:106,0
DA:107,0
DA:108,0
DA:110,0
DA:111,0
DA:112,0
DA:114,0
DA:116,0
DA:117,0
DA:119,0
DA:121,0
DA:122,0
DA:128,0
DA:129,0
DA:133,0
DA:136,0
DA:137,0
DA:138,0
DA:139,0
DA:140,0
DA:141,0
DA:142,0
DA:144,0
DA:145,0
DA:146,0
DA:147,0
DA:148,0
DA:149,0
DA:151,0
DA:154,0
DA:155,0
DA:156,0
DA:157,0
DA:158,0
DA:159,0
DA:160,0
DA:161,0
DA:162,0
DA:164,0
DA:165,0
DA:166,0
DA:167,0
DA:168,0
DA:169,0
DA:170,0
DA:171,0
DA:172,0
DA:173,0
DA:192,0
DA:198,0
DA:199,0
DA:201,0
DA:202,0
DA:204,0
DA:205,0
DA:206,0
DA:209,0
DA:210,0
DA:213,0
DA:214,0
DA:216,0
DA:217,0
DA:219,0
DA:220,0
DA:222,0
DA:223,0
DA:225,0
DA:227,0
DA:228,0
DA:229,0
DA:230,0
DA:232,0
DA:233,0
DA:238,0
DA:239,0
DA:241,0
DA:242,0
DA:244,0
DA:246,0
DA:247,0
DA:248,0
DA:249,0
DA:251,0
DA:252,0
DA:257,0
DA:258,0
DA:260,0
DA:261,0
DA:263,0
DA:265,0
DA:266,0
DA:267,0
DA:268,0
DA:270,0
DA:271,0
DA:273,0
DA:274,0
DA:275,0
DA:276,0
DA:278,0
DA:279,0
DA:281,0
DA:282,0
DA:283,0
DA:284,0
DA:286,0
DA:287,0
DA:292,0
DA:293,0
DA:294,0
DA:295,0
DA:296,0
DA:303,0
DA:304,0
DA:305,0
DA:310,0
DA:311,0
DA:312,0
DA:317,0
DA:318,0
DA:323,0
DA:329,0
DA:330,0
DA:332,0
DA:333,0
DA:334,0
DA:336,0
DA:338,0
DA:339,0
DA:341,0
DA:345,0
DA:347,0
DA:352,0
DA:354,0
DA:355,0
DA:360,0
DA:361,0
DA:365,0
DA:366,0
DA:368,0
DA:369,0
DA:371,0
DA:372,0
DA:373,0
DA:374,0
DA:376,0
DA:377,0
DA:378,0
DA:379,0
DA:390,0
DA:392,0
DA:394,0
DA:395,0
DA:396,0
DA:401,0
DA:402,0
DA:406,0
DA:407,0
DA:409,0
DA:410,0
DA:411,0
DA:412,0
DA:414,0
DA:416,0
DA:417,0
DA:418,0
DA:419,0
DA:421,0
DA:422,0
DA:423,0
DA:424,0
DA:435,0
DA:437,0
DA:439,0
DA:440,0
DA:441,0
DA:446,0
DA:447,0
DA:451,0
DA:452,0
DA:454,0
DA:455,0
DA:456,0
DA:457,0
DA:459,0
DA:461,0
DA:462,0
DA:463,0
DA:464,0
DA:466,0
DA:467,0
DA:468,0
DA:469,0
DA:480,0
DA:482,0
DA:484,0
DA:485,0
DA:486,0
DA:491,0
DA:492,0
DA:493,0
DA:499,0
DA:501,0
DA:502,0
DA:504,0
DA:505,0
DA:509,0
DA:510,0
DA:512,0
DA:513,0
DA:514,0
DA:515,0
DA:516,0
DA:517,0
DA:528,0
DA:530,0
DA:532,0
DA:533,0
DA:535,0
DA:536,0
DA:538,0
DA:543,0
DA:544,0
DA:545,0
DA:546,0
DA:547,0
DA:548,0
DA:549,0
DA:550,0
DA:551,0
DA:552,0
DA:553,0
DA:554,0
DA:561,0
DA:563,0
DA:565,0
DA:566,0
DA:568,0
DA:570,0
DA:572,0
DA:574,0
DA:577,0
DA:578,0
DA:582,0
DA:583,0
DA:585,0
DA:586,0
DA:587,0
DA:589,0
DA:590,0
DA:595,0
DA:596,0
DA:597,0
DA:598,0
DA:604,0
DA:606,0
DA:608,0
DA:609,0
DA:615,0
DA:616,0
DA:618,0
DA:619,0
DA:620,0
DA:626,0
DA:628,0
DA:629,0
DA:631,0
DA:637,0
DA:638,0
DA:641,0
DA:642,0
DA:644,0
DA:646,0
DA:647,0
DA:648,0
DA:649,0
DA:651,0
DA:652,0
DA:653,0
DA:654,0
DA:656,0
DA:657,0
DA:662,0
DA:664,0
DA:666,0
DA:671,0
DA:711,0
DA:714,0
DA:717,0
DA:720,0
DA:723,0
DA:726,0
DA:729,0
DA:733,0
DA:737,0
DA:738,0
DA:739,0
DA:740,0
DA:741,0
DA:742,0
DA:743,0
DA:744,0
DA:745,0
DA:746,0
DA:747,0
DA:748,0
DA:749,0
DA:750,0
DA:751,0
DA:752,0
DA:753,0
DA:754,0
DA:758,0
DA:759,0
DA:760,0
DA:761,0
DA:762,0
DA:763,0
DA:764,0
DA:765,0
DA:766,0
DA:767,0
DA:768,0
DA:772,0
DA:773,0
DA:774,0
DA:775,0
DA:776,0
DA:777,0
DA:778,0
DA:779,0
DA:780,0
DA:781,0
DA:782,0
DA:783,0
DA:784,0
DA:785,0
DA:786,0
DA:787,0
DA:788,0
DA:789,0
DA:790,0
DA:791,0
DA:792,0
DA:793,0
DA:794,0
DA:795,0
DA:796,0
DA:797,0
DA:801,0
DA:805,0
DA:806,0
DA:807,0
DA:809,0
DA:822,0
DA:830,0
DA:838,0
DA:848,0
DA:860,0
DA:873,0
DA:886,0
DA:897,0
DA:917,0
DA:940,0
DA:951,0
DA:962,0
DA:986,0
DA:1026,0
DA:1039,0
DA:1050,0
DA:1063,0
DA:1075,0
DA:1086,0
DA:1099,0
DA:1111,0
DA:1122,0
DA:1173,0
DA:1186,0
DA:1187,0
LF:433
LH:0
BRDA:3,0,0,0
BRDA:3,0,1,0
BRDA:3,0,2,0
BRDA:4,1,0,0
BRDA:4,1,1,0
BRDA:7,2,0,0
BRDA:7,2,1,0
BRDA:13,3,0,0
BRDA:13,3,1,0
BRDA:13,3,2,0
BRDA:15,4,0,0
BRDA:15,4,1,0
BRDA:19,5,0,0
BRDA:19,5,1,0
BRDA:35,6,0,0
BRDA:35,6,1,0
BRDA:37,7,0,0
BRDA:37,7,1,0
BRDA:40,8,0,0
BRDA:40,8,1,0
BRDA:40,8,2,0
BRDA:44,9,0,0
BRDA:44,9,1,0
BRDA:58,10,0,0
BRDA:58,10,1,0
BRDA:67,11,0,0
BRDA:67,11,1,0
BRDA:68,12,0,0
BRDA:68,12,1,0
BRDA:68,13,0,0
BRDA:68,13,1,0
BRDA:69,14,0,0
BRDA:69,14,1,0
BRDA:69,15,0,0
BRDA:69,15,1,0
BRDA:69,15,2,0
BRDA:69,16,0,0
BRDA:69,16,1,0
BRDA:69,17,0,0
BRDA:69,17,1,0
BRDA:69,18,0,0
BRDA:69,18,1,0
BRDA:69,19,0,0
BRDA:69,19,1,0
BRDA:70,20,0,0
BRDA:70,20,1,0
BRDA:71,21,0,0
BRDA:71,21,1,0
BRDA:71,21,2,0
BRDA:71,21,3,0
BRDA:71,21,4,0
BRDA:71,21,5,0
BRDA:92,22,0,0
BRDA:92,22,1,0
BRDA:92,23,0,0
BRDA:92,23,1,0
BRDA:92,23,2,0
BRDA:92,24,0,0
BRDA:92,24,1,0
BRDA:96,25,0,0
BRDA:96,25,1,0
BRDA:96,26,0,0
BRDA:96,26,1,0
BRDA:96,26,2,0
BRDA:96,26,3,0
BRDA:100,27,0,0
BRDA:100,27,1,0
BRDA:100,28,0,0
BRDA:100,28,1,0
BRDA:105,29,0,0
BRDA:105,29,1,0
BRDA:105,30,0,0
BRDA:105,30,1,0
BRDA:110,31,0,0
BRDA:110,31,1,0
BRDA:121,32,0,0
BRDA:121,32,1,0
BRDA:123,33,0,0
BRDA:123,33,1,0
BRDA:128,34,0,0
BRDA:128,34,1,0
BRDA:128,34,2,0
BRDA:129,35,0,0
BRDA:129,35,1,0
BRDA:129,36,0,0
BRDA:129,36,1,0
BRDA:199,37,0,0
BRDA:199,37,1,0
BRDA:199,38,0,0
BRDA:199,38,1,0
BRDA:199,39,0,0
BRDA:199,39,1,0
BRDA:206,40,0,0
BRDA:206,40,1,0
BRDA:210,41,0,0
BRDA:210,41,1,0
BRDA:223,42,0,0
BRDA:223,42,1,0
BRDA:228,43,0,0
BRDA:228,43,1,0
BRDA:242,44,0,0
BRDA:242,44,1,0
BRDA:247,45,0,0
BRDA:247,45,1,0
BRDA:261,46,0,0
BRDA:261,46,1,0
BRDA:261,46,2,0
BRDA:261,46,3,0
BRDA:266,47,0,0
BRDA:266,47,1,0
BRDA:274,48,0,0
BRDA:274,48,1,0
BRDA:282,49,0,0
BRDA:282,49,1,0
BRDA:293,50,0,0
BRDA:293,50,1,0
BRDA:295,51,0,0
BRDA:295,51,1,0
BRDA:295,52,0,0
BRDA:295,52,1,0
BRDA:295,53,0,0
BRDA:295,53,1,0
BRDA:304,54,0,0
BRDA:304,54,1,0
BRDA:311,55,0,0
BRDA:311,55,1,0
BRDA:317,56,0,0
BRDA:317,56,1,0
BRDA:336,57,0,0
BRDA:336,57,1,0
BRDA:352,58,0,0
BRDA:352,58,1,0
BRDA:354,59,0,0
BRDA:354,59,1,0
BRDA:366,60,0,0
BRDA:366,60,1,0
BRDA:366,60,2,0
BRDA:366,60,3,0
BRDA:368,61,0,0
BRDA:368,61,1,0
BRDA:372,62,0,0
BRDA:372,62,1,0
BRDA:377,63,0,0
BRDA:377,63,1,0
BRDA:381,64,0,0
BRDA:381,64,1,0
BRDA:392,65,0,0
BRDA:392,65,1,0
BRDA:392,66,0,0
BRDA:392,66,1,0
BRDA:392,67,0,0
BRDA:392,67,1,0
BRDA:392,68,0,0
BRDA:392,68,1,0
BRDA:392,69,0,0
BRDA:392,69,1,0
BRDA:407,70,0,0
BRDA:407,70,1,0
BRDA:407,70,2,0
BRDA:407,70,3,0
BRDA:409,71,0,0
BRDA:409,71,1,0
BRDA:417,72,0,0
BRDA:417,72,1,0
BRDA:422,73,0,0
BRDA:422,73,1,0
BRDA:426,74,0,0
BRDA:426,74,1,0
BRDA:437,75,0,0
BRDA:437,75,1,0
BRDA:437,76,0,0
BRDA:437,76,1,0
BRDA:437,77,0,0
BRDA:437,77,1,0
BRDA:437,78,0,0
BRDA:437,78,1,0
BRDA:437,79,0,0
BRDA:437,79,1,0
BRDA:452,80,0,0
BRDA:452,80,1,0
BRDA:452,80,2,0
BRDA:452,80,3,0
BRDA:454,81,0,0
BRDA:454,81,1,0
BRDA:462,82,0,0
BRDA:462,82,1,0
BRDA:467,83,0,0
BRDA:467,83,1,0
BRDA:471,84,0,0
BRDA:471,84,1,0
BRDA:482,85,0,0
BRDA:482,85,1,0
BRDA:482,86,0,0
BRDA:482,86,1,0
BRDA:482,87,0,0
BRDA:482,87,1,0
BRDA:482,88,0,0
BRDA:482,88,1,0
BRDA:482,89,0,0
BRDA:482,89,1,0
BRDA:492,90,0,0
BRDA:492,90,1,0
BRDA:510,91,0,0
BRDA:510,91,1,0
BRDA:510,91,2,0
BRDA:510,91,3,0
BRDA:510,91,4,0
BRDA:512,92,0,0
BRDA:512,92,1,0
BRDA:512,93,0,0
BRDA:512,93,1,0
BRDA:515,94,0,0
BRDA:515,94,1,0
BRDA:519,95,0,0
BRDA:519,95,1,0
BRDA:530,96,0,0
BRDA:530,96,1,0
BRDA:530,97,0,0
BRDA:530,97,1,0
BRDA:530,98,0,0
BRDA:530,98,1,0
BRDA:530,99,0,0
BRDA:530,99,1,0
BRDA:530,100,0,0
BRDA:530,100,1,0
BRDA:545,101,0,0
BRDA:545,101,1,0
BRDA:546,102,0,0
BRDA:546,102,1,0
BRDA:547,103,0,0
BRDA:547,103,1,0
BRDA:548,104,0,0
BRDA:548,104,1,0
BRDA:549,105,0,0
BRDA:549,105,1,0
BRDA:550,106,0,0
BRDA:550,106,1,0
BRDA:551,107,0,0
BRDA:551,107,1,0
BRDA:552,108,0,0
BRDA:552,108,1,0
BRDA:566,109,0,0
BRDA:566,109,1,0
BRDA:566,109,2,0
BRDA:566,109,3,0
BRDA:583,110,0,0
BRDA:583,110,1,0
BRDA:583,110,2,0
BRDA:583,110,3,0
BRDA:583,110,4,0
BRDA:583,110,5,0
BRDA:583,110,6,0
BRDA:583,110,7,0
BRDA:585,111,0,0
BRDA:585,111,1,0
BRDA:585,112,0,0
BRDA:585,112,1,0
BRDA:596,113,0,0
BRDA:596,113,1,0
BRDA:601,114,0,0
BRDA:601,114,1,0
BRDA:606,115,0,0
BRDA:606,115,1,0
BRDA:606,116,0,0
BRDA:606,116,1,0
BRDA:606,117,0,0
BRDA:606,117,1,0
BRDA:606,118,0,0
BRDA:606,118,1,0
BRDA:606,119,0,0
BRDA:606,119,1,0
BRDA:642,120,0,0
BRDA:642,120,1,0
BRDA:642,120,2,0
BRDA:642,120,3,0
BRDA:647,121,0,0
BRDA:647,121,1,0
BRDA:652,122,0,0
BRDA:652,122,1,0
BRDA:656,123,0,0
BRDA:656,123,1,0
BRDA:658,124,0,0
BRDA:658,124,1,0
BRDA:658,125,0,0
BRDA:658,125,1,0
BRDA:658,126,0,0
BRDA:658,126,1,0
BRDA:658,127,0,0
BRDA:658,127,1,0
BRDA:659,128,0,0
BRDA:659,128,1,0
BRDA:659,129,0,0
BRDA:659,129,1,0
BRDA:659,130,0,0
BRDA:659,130,1,0
BRDA:659,131,0,0
BRDA:659,131,1,0
BRDA:660,132,0,0
BRDA:660,132,1,0
BRDA:660,133,0,0
BRDA:660,133,1,0
BRDA:660,134,0,0
BRDA:660,134,1,0
BRDA:660,135,0,0
BRDA:660,135,1,0
BRDA:811,136,0,0
BRDA:811,136,1,0
BRDA:819,137,0,0
BRDA:819,137,1,0
BRDA:822,138,0,0
BRDA:822,138,1,0
BRDA:827,139,0,0
BRDA:827,139,1,0
BRDA:830,140,0,0
BRDA:830,140,1,0
BRDA:835,141,0,0
BRDA:835,141,1,0
BRDA:838,142,0,0
BRDA:838,142,1,0
BRDA:845,143,0,0
BRDA:845,143,1,0
BRDA:848,144,0,0
BRDA:848,144,1,0
BRDA:857,145,0,0
BRDA:857,145,1,0
BRDA:860,146,0,0
BRDA:860,146,1,0
BRDA:867,147,0,0
BRDA:867,147,1,0
BRDA:870,148,0,0
BRDA:870,148,1,0
BRDA:873,149,0,0
BRDA:873,149,1,0
BRDA:883,150,0,0
BRDA:883,150,1,0
BRDA:886,151,0,0
BRDA:886,151,1,0
BRDA:894,152,0,0
BRDA:894,152,1,0
BRDA:897,153,0,0
BRDA:897,153,1,0
BRDA:903,154,0,0
BRDA:903,154,1,0
BRDA:905,155,0,0
BRDA:905,155,1,0
BRDA:908,156,0,0
BRDA:908,156,1,0
BRDA:934,157,0,0
BRDA:934,157,1,0
BRDA:937,158,0,0
BRDA:937,158,1,0
BRDA:940,159,0,0
BRDA:940,159,1,0
BRDA:948,160,0,0
BRDA:948,160,1,0
BRDA:951,161,0,0
BRDA:951,161,1,0
BRDA:959,162,0,0
BRDA:959,162,1,0
BRDA:962,163,0,0
BRDA:962,163,1,0
BRDA:970,164,0,0
BRDA:970,164,1,0
BRDA:970,165,0,0
BRDA:970,165,1,0
BRDA:972,166,0,0
BRDA:972,166,1,0
BRDA:975,167,0,0
BRDA:975,167,1,0
BRDA:992,168,0,0
BRDA:992,168,1,0
BRDA:992,169,0,0
BRDA:992,169,1,0
BRDA:992,170,0,0
BRDA:992,170,1,0
BRDA:1006,171,0,0
BRDA:1006,171,1,0
BRDA:1010,172,0,0
BRDA:1010,172,1,0
BRDA:1019,173,0,0
BRDA:1019,173,1,0
BRDA:1023,174,0,0
BRDA:1023,174,1,0
BRDA:1026,175,0,0
BRDA:1026,175,1,0
BRDA:1036,176,0,0
BRDA:1036,176,1,0
BRDA:1039,177,0,0
BRDA:1039,177,1,0
BRDA:1047,178,0,0
BRDA:1047,178,1,0
BRDA:1050,179,0,0
BRDA:1050,179,1,0
BRDA:1060,180,0,0
BRDA:1060,180,1,0
BRDA:1063,181,0,0
BRDA:1063,181,1,0
BRDA:1072,182,0,0
BRDA:1072,182,1,0
BRDA:1075,183,0,0
BRDA:1075,183,1,0
BRDA:1083,184,0,0
BRDA:1083,184,1,0
BRDA:1086,185,0,0
BRDA:1086,185,1,0
BRDA:1096,186,0,0
BRDA:1096,186,1,0
BRDA:1099,187,0,0
BRDA:1099,187,1,0
BRDA:1108,188,0,0
BRDA:1108,188,1,0
BRDA:1111,189,0,0
BRDA:1111,189,1,0
BRDA:1119,190,0,0
BRDA:1119,190,1,0
BRDA:1122,191,0,0
BRDA:1122,191,1,0
BRDA:1133,192,0,0
BRDA:1133,192,1,0
BRDA:1139,193,0,0
BRDA:1139,193,1,0
BRDA:1143,194,0,0
BRDA:1143,194,1,0
BRDA:1149,195,0,0
BRDA:1149,195,1,0
BRDA:1153,196,0,0
BRDA:1153,196,1,0
BRDA:1161,197,0,0
BRDA:1161,197,1,0
BRDA:1162,198,0,0
BRDA:1162,198,1,0
BRDA:1173,199,0,0
BRDA:1173,199,1,0
BRDA:1177,200,0,0
BRDA:1177,200,1,0
BRF:435
BRH:0
end_of_record
TN:
SF:src\views\PaymentTracking.vue
FN:3,(anonymous_0)
FN:34,(anonymous_1)
FN:40,(anonymous_2)
FN:47,(anonymous_3)
FN:54,(anonymous_4)
FN:63,(anonymous_5)
FN:67,(anonymous_6)
FN:72,(anonymous_7)
FN:163,render
FN:183,(anonymous_9)
FN:189,(anonymous_10)
FN:196,(anonymous_11)
FN:204,(anonymous_12)
FN:216,(anonymous_13)
FN:231,(anonymous_14)
FN:238,(anonymous_15)
FNF:16
FNH:0
FNDA:0,(anonymous_0)
FNDA:0,(anonymous_1)
FNDA:0,(anonymous_2)
FNDA:0,(anonymous_3)
FNDA:0,(anonymous_4)
FNDA:0,(anonymous_5)
FNDA:0,(anonymous_6)
FNDA:0,(anonymous_7)
FNDA:0,render
FNDA:0,(anonymous_9)
FNDA:0,(anonymous_10)
FNDA:0,(anonymous_11)
FNDA:0,(anonymous_12)
FNDA:0,(anonymous_13)
FNDA:0,(anonymous_14)
FNDA:0,(anonymous_15)
DA:4,0
DA:35,0
DA:41,0
DA:48,0
DA:56,0
DA:57,0
DA:65,0
DA:69,0
DA:77,0
DA:79,0
DA:82,0
DA:83,0
DA:84,0
DA:87,0
DA:90,0
DA:93,0
DA:96,0
DA:99,0
DA:102,0
DA:105,0
DA:108,0
DA:111,0
DA:114,0
DA:117,0
DA:120,0
DA:123,0
DA:126,0
DA:129,0
DA:132,0
DA:135,0
DA:138,0
DA:141,0
DA:144,0
DA:147,0
DA:150,0
DA:153,0
DA:156,0
DA:159,0
DA:162,0
DA:164,0
DA:183,0
DA:189,0
DA:196,0
DA:204,0
DA:216,0
DA:232,0
DA:238,0
DA:242,0
LF:48
LH:0
BRDA:48,0,0,0
BRDA:48,0,1,0
BRDA:164,1,0,0
BRDA:164,1,1,0
BRDA:166,2,0,0
BRDA:166,2,1,0
BRDA:168,3,0,0
BRDA:168,3,1,0
BRDA:170,4,0,0
BRDA:170,4,1,0
BRDA:172,5,0,0
BRDA:172,5,1,0
BRDA:174,6,0,0
BRDA:174,6,1,0
BRDA:176,7,0,0
BRDA:176,7,1,0
BRDA:178,8,0,0
BRDA:178,8,1,0
BRDA:183,9,0,0
BRDA:183,9,1,0
BRDA:183,10,0,0
BRDA:183,10,1,0
BRDA:185,11,0,0
BRDA:185,11,1,0
BRDA:189,12,0,0
BRDA:189,12,1,0
BRDA:192,13,0,0
BRDA:192,13,1,0
BRDA:196,14,0,0
BRDA:196,14,1,0
BRDA:200,15,0,0
BRDA:200,15,1,0
BRDA:204,16,0,0
BRDA:204,16,1,0
BRDA:207,17,0,0
BRDA:207,17,1,0
BRDA:212,18,0,0
BRDA:212,18,1,0
BRDA:216,19,0,0
BRDA:216,19,1,0
BRDA:216,20,0,0
BRDA:216,20,1,0
BRDA:217,21,0,0
BRDA:217,21,1,0
BRF:44
BRH:0
end_of_record
TN:
SF:src\views\Register.vue
FN:6,(anonymous_0)
FN:26,(anonymous_1)
FN:35,(anonymous_2)
FN:45,(anonymous_3)
FN:52,(anonymous_4)
FN:61,(anonymous_5)
FN:70,(anonymous_6)
FN:73,(anonymous_7)
FN:81,handleRegister
FN:102,(anonymous_9)
FN:137,(anonymous_10)
FN:140,(anonymous_11)
FN:192,render
FN:202,(anonymous_13)
FN:213,(anonymous_14)
FN:223,(anonymous_15)
FN:240,(anonymous_16)
FN:251,(anonymous_17)
FN:266,(anonymous_18)
FNF:19
FNH:0
FNDA:0,(anonymous_0)
FNDA:0,(anonymous_1)
FNDA:0,(anonymous_2)
FNDA:0,(anonymous_3)
FNDA:0,(anonymous_4)
FNDA:0,(anonymous_5)
FNDA:0,(anonymous_6)
FNDA:0,(anonymous_7)
FNDA:0,handleRegister
FNDA:0,(anonymous_9)
FNDA:0,(anonymous_10)
FNDA:0,(anonymous_11)
FNDA:0,render
FNDA:0,(anonymous_13)
FNDA:0,(anonymous_14)
FNDA:0,(anonymous_15)
FNDA:0,(anonymous_16)
FNDA:0,(anonymous_17)
FNDA:0,(anonymous_18)
DA:9,0
DA:10,0
DA:11,0
DA:12,0
DA:13,0
DA:14,0
DA:15,0
DA:16,0
DA:17,0
DA:18,0
DA:21,0
DA:22,0
DA:23,0
DA:24,0
DA:25,0
DA:26,0
DA:27,0
DA:28,0
DA:29,0
DA:30,0
DA:32,0
DA:35,0
DA:36,0
DA:37,0
DA:38,0
DA:39,0
DA:40,0
DA:42,0
DA:45,0
DA:46,0
DA:47,0
DA:49,0
DA:52,0
DA:53,0
DA:54,0
DA:55,0
DA:56,0
DA:58,0
DA:61,0
DA:62,0
DA:63,0
DA:64,0
DA:65,0
DA:67,0
DA:70,0
DA:71,0
DA:73,0
DA:74,0
DA:75,0
DA:76,0
DA:77,0
DA:78,0
DA:79,0
DA:82,0
DA:83,0
DA:85,0
DA:86,0
DA:87,0
DA:90,0
DA:96,0
DA:97,0
DA:101,0
DA:102,0
DA:103,0
DA:106,0
DA:107,0
DA:109,0
DA:112,0
DA:138,0
DA:141,0
DA:144,0
DA:148,0
DA:153,0
DA:156,0
DA:157,0
DA:158,0
DA:161,0
DA:164,0
DA:168,0
DA:172,0
DA:176,0
DA:180,0
DA:184,0
DA:185,0
DA:189,0
DA:193,0
DA:194,0
DA:202,0
DA:213,0
DA:223,0
DA:240,0
DA:251,0
DA:266,0
DA:269,0
LF:94
LH:0
BRDA:27,0,0,0
BRDA:27,0,1,0
BRDA:29,1,0,0
BRDA:29,1,1,0
BRDA:37,2,0,0
BRDA:37,2,1,0
BRDA:39,3,0,0
BRDA:39,3,1,0
BRDA:46,4,0,0
BRDA:46,4,1,0
BRDA:53,5,0,0
BRDA:53,5,1,0
BRDA:55,6,0,0
BRDA:55,6,1,0
BRDA:62,7,0,0
BRDA:62,7,1,0
BRDA:64,8,0,0
BRDA:64,8,1,0
BRDA:71,9,0,0
BRDA:71,9,1,0
BRDA:71,9,2,0
BRDA:71,9,3,0
BRDA:71,9,4,0
BRDA:82,10,0,0
BRDA:82,10,1,0
BRDA:96,11,0,0
BRDA:96,11,1,0
BRDA:106,12,0,0
BRDA:106,12,1,0
BRDA:194,13,0,0
BRDA:194,13,1,0
BRDA:199,14,0,0
BRDA:199,14,1,0
BRDA:202,15,0,0
BRDA:202,15,1,0
BRDA:210,16,0,0
BRDA:210,16,1,0
BRDA:210,17,0,0
BRDA:210,17,1,0
BRDA:213,18,0,0
BRDA:213,18,1,0
BRDA:220,19,0,0
BRDA:220,19,1,0
BRDA:220,20,0,0
BRDA:220,20,1,0
BRDA:223,21,0,0
BRDA:223,21,1,0
BRDA:229,22,0,0
BRDA:229,22,1,0
BRDA:237,23,0,0
BRDA:237,23,1,0
BRDA:237,24,0,0
BRDA:237,24,1,0
BRDA:240,25,0,0
BRDA:240,25,1,0
BRDA:248,26,0,0
BRDA:248,26,1,0
BRDA:248,27,0,0
BRDA:248,27,1,0
BRDA:251,28,0,0
BRDA:251,28,1,0
BRDA:258,29,0,0
BRDA:258,29,1,0
BRDA:260,30,0,0
BRDA:260,30,1,0
BRDA:262,31,0,0
BRDA:262,31,1,0
BRDA:262,32,0,0
BRDA:262,32,1,0
BRDA:266,33,0,0
BRDA:266,33,1,0
BRF:71
BRH:0
end_of_record
